2022-04-26 17:37:39 - experiment - INFO: Created a new experiment in runs/QP_4a.
2022-04-26 17:37:46 - experiment - INFO: Loaded experiment from runs/QP_4a.
2022-04-26 17:37:46 - controller - INFO: Initializing environment: febo.environment.benchmarks.functions.QP.
2022-04-26 17:37:46 - controller - INFO: Initializing algorithm: SafeAscentLineBO.
2022-04-26 17:37:46 - algorithm - INFO: Got 0 initial data points.
2022-04-26 17:37:46 - model - INFO: Using beta=4 .
2022-04-26 17:37:46 - model - INFO: Using beta=4 .
2022-04-26 17:37:46 - model - INFO: Using beta=4 .
2022-04-26 17:37:46 - model - INFO: Using beta=4 .
2022-04-26 17:37:46 - model - INFO: Using beta=4 .
2022-04-26 17:37:46 - model - INFO: Using beta=4 .
2022-04-26 17:37:46 - model - INFO: Using beta=4 .
2022-04-26 17:37:46 - model - INFO: Using beta=4 .
2022-04-26 17:37:46 - model - INFO: Using beta=4 .
2022-04-26 17:37:46 - algorithm - INFO: Got 0 initial data points.
2022-04-26 17:37:46 - model - INFO: Using beta=4 .
2022-04-26 17:37:46 - model - INFO: Using beta=4 .
2022-04-26 17:37:46 - model - INFO: Using beta=4 .
2022-04-26 17:37:46 - model - INFO: Using beta=4 .
2022-04-26 17:37:46 - model - INFO: Using beta=4 .
2022-04-26 17:37:46 - model - INFO: Using beta=4 .
2022-04-26 17:37:46 - model - INFO: Using beta=4 .
2022-04-26 17:37:46 - model - INFO: Using beta=4 .
2022-04-26 17:37:46 - model - INFO: Using beta=4 .
2022-04-26 17:37:46 - controller - INFO: Starting optimization: SafeAscentLineBO
2022-04-26 17:37:46 - algorithm - INFO: best_x evaluate, y=0.9998190885693228
2022-04-26 17:37:46 - algorithm - INFO: starting 1, tr-solver.
2022-04-26 17:37:46 - algorithm - INFO: best_x evaluate, y=1.0624927355470837
2022-04-26 17:37:46 - algorithm - INFO: starting 2, line-solver.
2022-04-26 17:37:47 - algorithm - WARNING: Uncertainty at best_x reduced to 1%, stopping line.
2022-04-26 17:37:47 - algorithm - INFO: best_x evaluate, y=1.2931594651774367
2022-04-26 17:37:47 - algorithm - INFO: starting 3, tr-solver.
2022-04-26 17:37:47 - algorithm - INFO: best_x evaluate, y=1.3046754217032095
2022-04-26 17:37:47 - algorithm - INFO: starting 4, line-solver.
2022-04-26 17:37:47 - algorithm - WARNING: Uncertainty at best_x reduced to 1%, stopping line.
2022-04-26 17:37:47 - algorithm - INFO: best_x evaluate, y=1.3313398116948842
2022-04-26 17:37:47 - algorithm - INFO: starting 5, tr-solver.
2022-04-26 17:37:48 - algorithm - WARNING: predicted objective increase at best_x < 0.5%, picking random direction.
2022-04-26 17:37:48 - algorithm - INFO: best_x evaluate, y=1.339336903364964
2022-04-26 17:37:48 - algorithm - INFO: starting 6, line-solver.
2022-04-26 17:37:48 - algorithm - WARNING: Uncertainty at best_x reduced to 1%, stopping line.
2022-04-26 17:37:48 - algorithm - INFO: best_x evaluate, y=1.3387576043662361
2022-04-26 17:37:48 - algorithm - INFO: starting 7, tr-solver.
2022-04-26 17:37:48 - algorithm - INFO: best_x evaluate, y=1.3579331657496136
2022-04-26 17:37:48 - algorithm - INFO: starting 8, line-solver.
2022-04-26 17:37:49 - algorithm - WARNING: Uncertainty at best_x reduced to 1%, stopping line.
2022-04-26 17:37:49 - algorithm - INFO: best_x evaluate, y=1.3712194316549449
2022-04-26 17:37:49 - algorithm - INFO: starting 9, tr-solver.
2022-04-26 17:37:49 - algorithm - INFO: best_x evaluate, y=1.3857078002123349
2022-04-26 17:37:49 - algorithm - INFO: starting 10, line-solver.
2022-04-26 17:37:49 - algorithm - WARNING: No safe point found, choosing current line center.
2022-04-26 17:37:49 - algorithm - WARNING: No safe point found, choosing current line center.
2022-04-26 17:37:50 - algorithm - WARNING: Uncertainty at best_x reduced to 1%, stopping line.
2022-04-26 17:37:50 - algorithm - INFO: best_x evaluate, y=1.3960979027683775
2022-04-26 17:37:50 - algorithm - INFO: starting 11, tr-solver.
2022-04-26 17:37:50 - algorithm - WARNING: predicted objective increase at best_x < 0.5%, picking random direction.
2022-04-26 17:37:50 - algorithm - INFO: best_x evaluate, y=1.406117409136305
2022-04-26 17:37:50 - algorithm - INFO: starting 12, line-solver.
2022-04-26 17:37:50 - algorithm - WARNING: No safe point found, choosing current line center.
2022-04-26 17:37:50 - algorithm - WARNING: No safe point found, choosing current line center.
2022-04-26 17:37:50 - algorithm - WARNING: No safe point found, choosing current line center.
2022-04-26 17:37:50 - algorithm - WARNING: Uncertainty at best_x reduced to 1%, stopping line.
2022-04-26 17:37:51 - algorithm - INFO: best_x evaluate, y=1.4054101851335405
2022-04-26 17:37:51 - algorithm - INFO: starting 13, tr-solver.
2022-04-26 17:37:51 - algorithm - WARNING: predicted objective increase at best_x < 0.5%, picking random direction.
2022-04-26 17:37:51 - algorithm - INFO: best_x evaluate, y=1.4112869252374372
2022-04-26 17:37:51 - algorithm - INFO: starting 14, line-solver.
2022-04-26 17:37:51 - algorithm - WARNING: No safe point found, choosing current line center.
2022-04-26 17:37:52 - algorithm - WARNING: Uncertainty at best_x reduced to 1%, stopping line.
2022-04-26 17:37:52 - algorithm - INFO: best_x evaluate, y=1.4135180357401125
2022-04-26 17:37:52 - algorithm - INFO: starting 15, tr-solver.
2022-04-26 17:37:52 - algorithm - WARNING: predicted objective increase at best_x < 0.5%, picking random direction.
2022-04-26 17:37:52 - algorithm - INFO: best_x evaluate, y=1.4184994509224143
2022-04-26 17:37:52 - algorithm - INFO: starting 16, line-solver.
2022-04-26 17:37:52 - algorithm - WARNING: No safe point found, choosing current line center.
2022-04-26 17:37:52 - algorithm - WARNING: No safe point found, choosing current line center.
2022-04-26 17:37:52 - algorithm - WARNING: No safe point found, choosing current line center.
2022-04-26 17:37:52 - algorithm - WARNING: No safe point found, choosing current line center.
2022-04-26 17:37:52 - algorithm - WARNING: No safe point found, choosing current line center.
2022-04-26 17:37:53 - algorithm - WARNING: Uncertainty at best_x reduced to 1%, stopping line.
2022-04-26 17:37:53 - algorithm - INFO: best_x evaluate, y=1.4191094848788148
2022-04-26 17:37:53 - algorithm - INFO: starting 17, tr-solver.
2022-04-26 17:37:53 - algorithm - WARNING: predicted objective increase at best_x < 0.5%, picking random direction.
2022-04-26 17:37:53 - algorithm - INFO: best_x evaluate, y=1.4229641434259663
2022-04-26 17:37:53 - algorithm - INFO: starting 18, line-solver.
2022-04-26 17:37:54 - algorithm - WARNING: Uncertainty at best_x reduced to 1%, stopping line.
2022-04-26 17:37:54 - algorithm - INFO: best_x evaluate, y=1.426010788567121
2022-04-26 17:37:54 - algorithm - INFO: starting 19, tr-solver.
2022-04-26 17:37:55 - algorithm - WARNING: predicted objective increase at best_x < 0.5%, picking random direction.
2022-04-26 17:37:55 - algorithm - INFO: best_x evaluate, y=1.4276049849596228
2022-04-26 17:37:55 - algorithm - INFO: starting 20, line-solver.
2022-04-26 17:37:55 - algorithm - WARNING: No safe point found, choosing current line center.
2022-04-26 17:37:55 - algorithm - WARNING: No safe point found, choosing current line center.
2022-04-26 17:37:55 - algorithm - WARNING: No safe point found, choosing current line center.
2022-04-26 17:37:55 - algorithm - WARNING: No safe point found, choosing current line center.
2022-04-26 17:37:55 - algorithm - WARNING: No safe point found, choosing current line center.
2022-04-26 17:37:55 - algorithm - WARNING: No safe point found, choosing current line center.
2022-04-26 17:37:55 - algorithm - WARNING: No safe point found, choosing current line center.
2022-04-26 17:37:55 - algorithm - WARNING: No safe point found, choosing current line center.
2022-04-26 17:37:55 - algorithm - WARNING: No safe point found, choosing current line center.
2022-04-26 17:37:55 - algorithm - WARNING: No safe point found, choosing current line center.
2022-04-26 17:37:55 - algorithm - WARNING: No safe point found, choosing current line center.
2022-04-26 17:37:55 - algorithm - WARNING: No safe point found, choosing current line center.
2022-04-26 17:37:55 - algorithm - WARNING: No safe point found, choosing current line center.
2022-04-26 17:37:55 - algorithm - WARNING: No safe point found, choosing current line center.
2022-04-26 17:37:55 - algorithm - WARNING: No safe point found, choosing current line center.
2022-04-26 17:37:55 - algorithm - WARNING: No safe point found, choosing current line center.
2022-04-26 17:37:55 - algorithm - WARNING: No safe point found, choosing current line center.
2022-04-26 17:37:56 - algorithm - WARNING: No safe point found, choosing current line center.
2022-04-26 17:37:56 - algorithm - WARNING: No safe point found, choosing current line center.
2022-04-26 17:37:56 - algorithm - WARNING: No safe point found, choosing current line center.
2022-04-26 17:37:56 - algorithm - WARNING: No safe point found, choosing current line center.
2022-04-26 17:37:56 - algorithm - WARNING: No safe point found, choosing current line center.
2022-04-26 17:37:56 - algorithm - WARNING: No safe point found, choosing current line center.
2022-04-26 17:37:56 - algorithm - WARNING: No safe point found, choosing current line center.
2022-04-26 17:37:56 - algorithm - WARNING: No safe point found, choosing current line center.
2022-04-26 17:37:56 - algorithm - WARNING: No safe point found, choosing current line center.
2022-04-26 17:37:56 - algorithm - WARNING: No safe point found, choosing current line center.
2022-04-26 17:37:56 - algorithm - WARNING: No safe point found, choosing current line center.
2022-04-26 17:37:56 - algorithm - WARNING: No safe point found, choosing current line center.
2022-04-26 17:37:56 - algorithm - WARNING: No safe point found, choosing current line center.
2022-04-26 17:37:56 - algorithm - WARNING: No safe point found, choosing current line center.
2022-04-26 17:37:56 - algorithm - WARNING: No safe point found, choosing current line center.
2022-04-26 17:37:56 - algorithm - WARNING: No safe point found, choosing current line center.
2022-04-26 17:37:56 - algorithm - WARNING: No safe point found, choosing current line center.
2022-04-26 17:37:56 - algorithm - WARNING: No safe point found, choosing current line center.
2022-04-26 17:37:56 - algorithm - WARNING: No safe point found, choosing current line center.
2022-04-26 17:37:57 - algorithm - WARNING: No safe point found, choosing current line center.
2022-04-26 17:37:57 - algorithm - WARNING: Uncertainty at best_x reduced to 1%, stopping line.
2022-04-26 17:37:57 - algorithm - INFO: best_x evaluate, y=1.4307324248841549
2022-04-26 17:37:57 - algorithm - INFO: starting 21, tr-solver.
2022-04-26 17:37:57 - controller - INFO: Finalizing environment...
2022-04-26 17:37:57 - controller - INFO: Finalizing: SafeAscentLineBO
2022-04-26 17:37:57 - controller - INFO: Initializing environment: febo.environment.benchmarks.functions.QP.
2022-04-26 17:37:57 - controller - INFO: Initializing algorithm: SafeAscentLineBO.
2022-04-26 17:37:57 - algorithm - INFO: Got 0 initial data points.
2022-04-26 17:37:57 - model - INFO: Using beta=4 .
2022-04-26 17:37:57 - model - INFO: Using beta=4 .
2022-04-26 17:37:57 - model - INFO: Using beta=4 .
2022-04-26 17:37:57 - model - INFO: Using beta=4 .
2022-04-26 17:37:57 - model - INFO: Using beta=4 .
2022-04-26 17:37:57 - model - INFO: Using beta=4 .
2022-04-26 17:37:57 - model - INFO: Using beta=4 .
2022-04-26 17:37:57 - model - INFO: Using beta=4 .
2022-04-26 17:37:57 - model - INFO: Using beta=4 .
2022-04-26 17:37:57 - algorithm - INFO: Got 0 initial data points.
2022-04-26 17:37:57 - model - INFO: Using beta=4 .
2022-04-26 17:37:57 - model - INFO: Using beta=4 .
2022-04-26 17:37:57 - model - INFO: Using beta=4 .
2022-04-26 17:37:57 - model - INFO: Using beta=4 .
2022-04-26 17:37:57 - model - INFO: Using beta=4 .
2022-04-26 17:37:57 - model - INFO: Using beta=4 .
2022-04-26 17:37:57 - model - INFO: Using beta=4 .
2022-04-26 17:37:57 - model - INFO: Using beta=4 .
2022-04-26 17:37:57 - model - INFO: Using beta=4 .
2022-04-26 17:37:57 - controller - INFO: Starting optimization: SafeAscentLineBO
2022-04-26 17:37:57 - algorithm - INFO: best_x evaluate, y=0.9998144971194072
2022-04-26 17:37:57 - algorithm - INFO: starting 1, tr-solver.
2022-04-26 17:37:57 - algorithm - INFO: best_x evaluate, y=1.04392456067054
2022-04-26 17:37:57 - algorithm - INFO: starting 2, line-solver.
2022-04-26 17:37:58 - algorithm - WARNING: Uncertainty at best_x reduced to 1%, stopping line.
2022-04-26 17:37:58 - algorithm - INFO: best_x evaluate, y=1.2072190738200084
2022-04-26 17:37:58 - algorithm - INFO: starting 3, tr-solver.
2022-04-26 17:37:58 - algorithm - WARNING: predicted objective increase at best_x < 0.5%, picking random direction.
2022-04-26 17:37:58 - algorithm - INFO: best_x evaluate, y=1.2089090181469284
2022-04-26 17:37:58 - algorithm - INFO: starting 4, line-solver.
2022-04-26 17:37:58 - algorithm - WARNING: Uncertainty at best_x reduced to 1%, stopping line.
2022-04-26 17:37:58 - algorithm - INFO: best_x evaluate, y=1.2289567098020213
2022-04-26 17:37:58 - algorithm - INFO: starting 5, tr-solver.
2022-04-26 17:37:58 - algorithm - INFO: best_x evaluate, y=1.2384362704622953
2022-04-26 17:37:58 - algorithm - INFO: starting 6, line-solver.
2022-04-26 17:37:59 - algorithm - WARNING: Uncertainty at best_x reduced to 1%, stopping line.
2022-04-26 17:37:59 - algorithm - INFO: best_x evaluate, y=1.2759155221422556
2022-04-26 17:37:59 - algorithm - INFO: starting 7, tr-solver.
2022-04-26 17:37:59 - algorithm - INFO: best_x evaluate, y=1.287236384946803
2022-04-26 17:37:59 - algorithm - INFO: starting 8, line-solver.
2022-04-26 17:37:59 - algorithm - WARNING: Uncertainty at best_x reduced to 1%, stopping line.
2022-04-26 17:37:59 - algorithm - INFO: best_x evaluate, y=1.334050135694851
2022-04-26 17:38:00 - algorithm - INFO: starting 9, tr-solver.
2022-04-26 17:38:00 - algorithm - INFO: best_x evaluate, y=1.3440558117526498
2022-04-26 17:38:00 - algorithm - INFO: starting 10, line-solver.
2022-04-26 17:38:00 - algorithm - WARNING: Uncertainty at best_x reduced to 1%, stopping line.
2022-04-26 17:38:00 - algorithm - INFO: best_x evaluate, y=1.3552105683142595
2022-04-26 17:38:00 - algorithm - INFO: starting 11, tr-solver.
2022-04-26 17:38:01 - algorithm - INFO: best_x evaluate, y=1.3670776529488466
2022-04-26 17:38:01 - algorithm - INFO: starting 12, line-solver.
2022-04-26 17:38:01 - algorithm - WARNING: Uncertainty at best_x reduced to 1%, stopping line.
2022-04-26 17:38:01 - algorithm - INFO: best_x evaluate, y=1.37804806559872
2022-04-26 17:38:01 - algorithm - INFO: starting 13, tr-solver.
2022-04-26 17:38:02 - algorithm - WARNING: predicted objective increase at best_x < 0.5%, picking random direction.
2022-04-26 17:38:02 - algorithm - INFO: best_x evaluate, y=1.386850088141314
2022-04-26 17:38:02 - algorithm - INFO: starting 14, line-solver.
2022-04-26 17:38:02 - algorithm - WARNING: Uncertainty at best_x reduced to 1%, stopping line.
2022-04-26 17:38:02 - algorithm - INFO: best_x evaluate, y=1.3870497327526734
2022-04-26 17:38:02 - algorithm - INFO: starting 15, tr-solver.
2022-04-26 17:38:03 - algorithm - WARNING: predicted objective increase at best_x < 0.5%, picking random direction.
2022-04-26 17:38:03 - algorithm - INFO: best_x evaluate, y=1.393236570528843
2022-04-26 17:38:03 - algorithm - INFO: starting 16, line-solver.
2022-04-26 17:38:03 - algorithm - WARNING: Uncertainty at best_x reduced to 1%, stopping line.
2022-04-26 17:38:03 - algorithm - INFO: best_x evaluate, y=1.390730006000055
2022-04-26 17:38:03 - algorithm - INFO: starting 17, tr-solver.
2022-04-26 17:38:04 - algorithm - INFO: best_x evaluate, y=1.40108700053309
2022-04-26 17:38:04 - algorithm - INFO: starting 18, line-solver.
2022-04-26 17:38:04 - algorithm - WARNING: Uncertainty at best_x reduced to 1%, stopping line.
2022-04-26 17:38:05 - algorithm - INFO: best_x evaluate, y=1.4017986673178735
2022-04-26 17:38:05 - algorithm - INFO: starting 19, tr-solver.
2022-04-26 17:38:05 - algorithm - WARNING: predicted objective increase at best_x < 0.5%, picking random direction.
2022-04-26 17:38:05 - algorithm - INFO: best_x evaluate, y=1.408312103837191
2022-04-26 17:38:05 - algorithm - INFO: starting 20, line-solver.
2022-04-26 17:38:05 - algorithm - WARNING: No safe point found, choosing current line center.
2022-04-26 17:38:06 - algorithm - WARNING: Uncertainty at best_x reduced to 1%, stopping line.
2022-04-26 17:38:06 - algorithm - INFO: best_x evaluate, y=1.4074610378059174
2022-04-26 17:38:06 - algorithm - INFO: starting 21, tr-solver.
2022-04-26 17:38:06 - algorithm - WARNING: predicted objective increase at best_x < 0.5%, picking random direction.
2022-04-26 17:38:07 - algorithm - INFO: best_x evaluate, y=1.4132904026426119
2022-04-26 17:38:07 - algorithm - INFO: starting 22, line-solver.
2022-04-26 17:38:07 - algorithm - WARNING: No safe point found, choosing current line center.
2022-04-26 17:38:07 - algorithm - WARNING: No safe point found, choosing current line center.
2022-04-26 17:38:07 - algorithm - WARNING: No safe point found, choosing current line center.
2022-04-26 17:38:07 - algorithm - WARNING: No safe point found, choosing current line center.
2022-04-26 17:38:07 - algorithm - WARNING: No safe point found, choosing current line center.
2022-04-26 17:38:07 - algorithm - WARNING: No safe point found, choosing current line center.
2022-04-26 17:38:07 - algorithm - WARNING: No safe point found, choosing current line center.
2022-04-26 17:38:07 - algorithm - WARNING: No safe point found, choosing current line center.
2022-04-26 17:38:07 - algorithm - WARNING: No safe point found, choosing current line center.
2022-04-26 17:38:07 - algorithm - WARNING: No safe point found, choosing current line center.
2022-04-26 17:38:07 - algorithm - WARNING: No safe point found, choosing current line center.
2022-04-26 17:38:07 - algorithm - WARNING: No safe point found, choosing current line center.
2022-04-26 17:38:07 - algorithm - WARNING: Uncertainty at best_x reduced to 1%, stopping line.
2022-04-26 17:38:07 - algorithm - INFO: best_x evaluate, y=1.4161268631270163
2022-04-26 17:38:07 - algorithm - INFO: starting 23, tr-solver.
2022-04-26 17:38:08 - controller - INFO: Finalizing environment...
2022-04-26 17:38:08 - controller - INFO: Finalizing: SafeAscentLineBO
2022-04-26 17:38:08 - controller - INFO: Initializing environment: febo.environment.benchmarks.functions.QP.
2022-04-26 17:38:08 - controller - INFO: Initializing algorithm: SafeAscentLineBO.
2022-04-26 17:38:08 - algorithm - INFO: Got 0 initial data points.
2022-04-26 17:38:08 - model - INFO: Using beta=4 .
2022-04-26 17:38:08 - model - INFO: Using beta=4 .
2022-04-26 17:38:08 - model - INFO: Using beta=4 .
2022-04-26 17:38:08 - model - INFO: Using beta=4 .
2022-04-26 17:38:08 - model - INFO: Using beta=4 .
2022-04-26 17:38:08 - model - INFO: Using beta=4 .
2022-04-26 17:38:08 - model - INFO: Using beta=4 .
2022-04-26 17:38:08 - model - INFO: Using beta=4 .
2022-04-26 17:38:08 - model - INFO: Using beta=4 .
2022-04-26 17:38:08 - algorithm - INFO: Got 0 initial data points.
2022-04-26 17:38:08 - model - INFO: Using beta=4 .
2022-04-26 17:38:08 - model - INFO: Using beta=4 .
2022-04-26 17:38:08 - model - INFO: Using beta=4 .
2022-04-26 17:38:08 - model - INFO: Using beta=4 .
2022-04-26 17:38:08 - model - INFO: Using beta=4 .
2022-04-26 17:38:08 - model - INFO: Using beta=4 .
2022-04-26 17:38:08 - model - INFO: Using beta=4 .
2022-04-26 17:38:08 - model - INFO: Using beta=4 .
2022-04-26 17:38:08 - model - INFO: Using beta=4 .
2022-04-26 17:38:08 - controller - INFO: Starting optimization: SafeAscentLineBO
2022-04-26 17:38:08 - algorithm - INFO: best_x evaluate, y=1.0011787276432438
2022-04-26 17:38:08 - algorithm - INFO: starting 1, tr-solver.
2022-04-26 17:38:08 - algorithm - INFO: best_x evaluate, y=1.067963528267334
2022-04-26 17:38:08 - algorithm - INFO: starting 2, line-solver.
2022-04-26 17:38:08 - algorithm - WARNING: Uncertainty at best_x reduced to 1%, stopping line.
2022-04-26 17:38:09 - algorithm - INFO: best_x evaluate, y=1.2804935947322285
2022-04-26 17:38:09 - algorithm - INFO: starting 3, tr-solver.
2022-04-26 17:38:09 - algorithm - WARNING: predicted objective increase at best_x < 0.5%, picking random direction.
2022-04-26 17:38:09 - algorithm - INFO: best_x evaluate, y=1.2850899400576041
2022-04-26 17:38:09 - algorithm - INFO: starting 4, line-solver.
2022-04-26 17:38:09 - algorithm - WARNING: Uncertainty at best_x reduced to 1%, stopping line.
2022-04-26 17:38:09 - algorithm - INFO: best_x evaluate, y=1.294700063943156
2022-04-26 17:38:09 - algorithm - INFO: starting 5, tr-solver.
2022-04-26 17:38:09 - algorithm - INFO: best_x evaluate, y=1.3238027593666855
2022-04-26 17:38:09 - algorithm - INFO: starting 6, line-solver.
2022-04-26 17:38:10 - algorithm - WARNING: Uncertainty at best_x reduced to 1%, stopping line.
2022-04-26 17:38:10 - algorithm - INFO: best_x evaluate, y=1.3845234672734887
2022-04-26 17:38:10 - algorithm - INFO: starting 7, tr-solver.
2022-04-26 17:38:10 - algorithm - INFO: best_x evaluate, y=1.3978367600881023
2022-04-26 17:38:10 - algorithm - INFO: starting 8, line-solver.
2022-04-26 17:38:10 - algorithm - WARNING: Uncertainty at best_x reduced to 1%, stopping line.
2022-04-26 17:38:10 - algorithm - INFO: best_x evaluate, y=1.4224087361741307
2022-04-26 17:38:10 - algorithm - INFO: starting 9, tr-solver.
2022-04-26 17:38:11 - algorithm - WARNING: predicted objective increase at best_x < 0.5%, picking random direction.
2022-04-26 17:38:11 - algorithm - INFO: best_x evaluate, y=1.4282015546549034
2022-04-26 17:38:11 - algorithm - INFO: starting 10, line-solver.
2022-04-26 17:38:11 - algorithm - WARNING: Uncertainty at best_x reduced to 1%, stopping line.
2022-04-26 17:38:11 - algorithm - INFO: best_x evaluate, y=1.432016694828594
2022-04-26 17:38:11 - algorithm - INFO: starting 11, tr-solver.
2022-04-26 17:38:12 - algorithm - INFO: best_x evaluate, y=1.441224934465376
2022-04-26 17:38:12 - algorithm - INFO: starting 12, line-solver.
2022-04-26 17:38:12 - algorithm - WARNING: No safe point found, choosing current line center.
2022-04-26 17:38:12 - algorithm - WARNING: Uncertainty at best_x reduced to 1%, stopping line.
2022-04-26 17:38:12 - algorithm - INFO: best_x evaluate, y=1.451010533390084
2022-04-26 17:38:12 - algorithm - INFO: starting 13, tr-solver.
2022-04-26 17:38:13 - algorithm - WARNING: predicted objective increase at best_x < 0.5%, picking random direction.
2022-04-26 17:38:13 - algorithm - INFO: best_x evaluate, y=1.4517975807266643
2022-04-26 17:38:13 - algorithm - INFO: starting 14, line-solver.
2022-04-26 17:38:13 - algorithm - WARNING: Uncertainty at best_x reduced to 1%, stopping line.
2022-04-26 17:38:13 - algorithm - INFO: best_x evaluate, y=1.4567223705117647
2022-04-26 17:38:13 - algorithm - INFO: starting 15, tr-solver.
2022-04-26 17:38:14 - algorithm - WARNING: predicted objective increase at best_x < 0.5%, picking random direction.
2022-04-26 17:38:14 - algorithm - INFO: best_x evaluate, y=1.4637264138127948
2022-04-26 17:38:14 - algorithm - INFO: starting 16, line-solver.
2022-04-26 17:38:14 - algorithm - WARNING: Uncertainty at best_x reduced to 1%, stopping line.
2022-04-26 17:38:14 - algorithm - INFO: best_x evaluate, y=1.4630074415283638
2022-04-26 17:38:14 - algorithm - INFO: starting 17, tr-solver.
2022-04-26 17:38:15 - algorithm - WARNING: predicted objective increase at best_x < 0.5%, picking random direction.
2022-04-26 17:38:15 - algorithm - INFO: best_x evaluate, y=1.4708232552114773
2022-04-26 17:38:15 - algorithm - INFO: starting 18, line-solver.
2022-04-26 17:38:16 - algorithm - WARNING: Uncertainty at best_x reduced to 1%, stopping line.
2022-04-26 17:38:16 - algorithm - INFO: best_x evaluate, y=1.4757961861935347
2022-04-26 17:38:16 - algorithm - INFO: starting 19, tr-solver.
2022-04-26 17:38:16 - algorithm - WARNING: predicted objective increase at best_x < 0.5%, picking random direction.
2022-04-26 17:38:16 - algorithm - INFO: best_x evaluate, y=1.481443652715606
2022-04-26 17:38:16 - algorithm - INFO: starting 20, line-solver.
2022-04-26 17:38:16 - algorithm - WARNING: No safe point found, choosing current line center.
2022-04-26 17:38:17 - algorithm - WARNING: Uncertainty at best_x reduced to 1%, stopping line.
2022-04-26 17:38:17 - algorithm - INFO: best_x evaluate, y=1.4825136590251413
2022-04-26 17:38:17 - algorithm - INFO: starting 21, tr-solver.
2022-04-26 17:38:18 - algorithm - WARNING: predicted objective increase at best_x < 0.5%, picking random direction.
2022-04-26 17:38:18 - algorithm - INFO: best_x evaluate, y=1.4919803479078397
2022-04-26 17:38:18 - algorithm - INFO: starting 22, line-solver.
2022-04-26 17:38:18 - algorithm - WARNING: No safe point found, choosing current line center.
2022-04-26 17:38:18 - algorithm - WARNING: No safe point found, choosing current line center.
2022-04-26 17:38:18 - algorithm - WARNING: No safe point found, choosing current line center.
2022-04-26 17:38:18 - algorithm - WARNING: No safe point found, choosing current line center.
2022-04-26 17:38:18 - algorithm - WARNING: No safe point found, choosing current line center.
2022-04-26 17:38:18 - algorithm - WARNING: No safe point found, choosing current line center.
2022-04-26 17:38:18 - algorithm - WARNING: No safe point found, choosing current line center.
2022-04-26 17:38:18 - algorithm - WARNING: No safe point found, choosing current line center.
2022-04-26 17:38:19 - algorithm - WARNING: Uncertainty at best_x reduced to 1%, stopping line.
2022-04-26 17:38:19 - algorithm - INFO: best_x evaluate, y=1.4927355630203696
2022-04-26 17:38:19 - algorithm - INFO: starting 23, tr-solver.
2022-04-26 17:38:19 - algorithm - WARNING: predicted objective increase at best_x < 0.5%, picking random direction.
2022-04-26 17:38:19 - controller - INFO: Finalizing environment...
2022-04-26 17:38:19 - controller - INFO: Finalizing: SafeAscentLineBO
2022-04-26 17:38:19 - controller - INFO: Initializing environment: febo.environment.benchmarks.functions.QP.
2022-04-26 17:38:19 - controller - INFO: Initializing algorithm: SafeAscentLineBO.
2022-04-26 17:38:19 - algorithm - INFO: Got 0 initial data points.
2022-04-26 17:38:19 - model - INFO: Using beta=4 .
2022-04-26 17:38:19 - model - INFO: Using beta=4 .
2022-04-26 17:38:19 - model - INFO: Using beta=4 .
2022-04-26 17:38:19 - model - INFO: Using beta=4 .
2022-04-26 17:38:19 - model - INFO: Using beta=4 .
2022-04-26 17:38:19 - model - INFO: Using beta=4 .
2022-04-26 17:38:19 - model - INFO: Using beta=4 .
2022-04-26 17:38:19 - model - INFO: Using beta=4 .
2022-04-26 17:38:19 - model - INFO: Using beta=4 .
2022-04-26 17:38:19 - algorithm - INFO: Got 0 initial data points.
2022-04-26 17:38:19 - model - INFO: Using beta=4 .
2022-04-26 17:38:19 - model - INFO: Using beta=4 .
2022-04-26 17:38:19 - model - INFO: Using beta=4 .
2022-04-26 17:38:19 - model - INFO: Using beta=4 .
2022-04-26 17:38:20 - model - INFO: Using beta=4 .
2022-04-26 17:38:20 - model - INFO: Using beta=4 .
2022-04-26 17:38:20 - model - INFO: Using beta=4 .
2022-04-26 17:38:20 - model - INFO: Using beta=4 .
2022-04-26 17:38:20 - model - INFO: Using beta=4 .
2022-04-26 17:38:20 - controller - INFO: Starting optimization: SafeAscentLineBO
2022-04-26 17:38:20 - algorithm - INFO: best_x evaluate, y=1.0004872307972525
2022-04-26 17:38:20 - algorithm - INFO: starting 1, tr-solver.
2022-04-26 17:38:20 - algorithm - INFO: best_x evaluate, y=1.079086352715511
2022-04-26 17:38:20 - algorithm - INFO: starting 2, line-solver.
2022-04-26 17:38:20 - algorithm - WARNING: Uncertainty at best_x reduced to 1%, stopping line.
2022-04-26 17:38:20 - algorithm - INFO: best_x evaluate, y=1.3452335674565372
2022-04-26 17:38:20 - algorithm - INFO: starting 3, tr-solver.
2022-04-26 17:38:20 - algorithm - INFO: best_x evaluate, y=1.360773483846855
2022-04-26 17:38:20 - algorithm - INFO: starting 4, line-solver.
2022-04-26 17:38:21 - algorithm - WARNING: Uncertainty at best_x reduced to 1%, stopping line.
2022-04-26 17:38:21 - algorithm - INFO: best_x evaluate, y=1.3893818115624654
2022-04-26 17:38:21 - algorithm - INFO: starting 5, tr-solver.
2022-04-26 17:38:21 - algorithm - INFO: best_x evaluate, y=1.3985569457406797
2022-04-26 17:38:21 - algorithm - INFO: starting 6, line-solver.
2022-04-26 17:38:21 - algorithm - WARNING: Uncertainty at best_x reduced to 1%, stopping line.
2022-04-26 17:38:21 - algorithm - INFO: best_x evaluate, y=1.4247487232616618
2022-04-26 17:38:21 - algorithm - INFO: starting 7, tr-solver.
2022-04-26 17:38:22 - algorithm - WARNING: predicted objective increase at best_x < 0.5%, picking random direction.
2022-04-26 17:38:22 - algorithm - INFO: best_x evaluate, y=1.432088313900577
2022-04-26 17:38:22 - algorithm - INFO: starting 8, line-solver.
2022-04-26 17:38:22 - algorithm - WARNING: Uncertainty at best_x reduced to 1%, stopping line.
2022-04-26 17:38:22 - algorithm - INFO: best_x evaluate, y=1.4309171248290875
2022-04-26 17:38:22 - algorithm - INFO: starting 9, tr-solver.
2022-04-26 17:38:22 - algorithm - INFO: best_x evaluate, y=1.4447460293792613
2022-04-26 17:38:22 - algorithm - INFO: starting 10, line-solver.
2022-04-26 17:38:23 - algorithm - WARNING: Uncertainty at best_x reduced to 1%, stopping line.
2022-04-26 17:38:23 - algorithm - INFO: best_x evaluate, y=1.4604271352710656
2022-04-26 17:38:23 - algorithm - INFO: starting 11, tr-solver.
2022-04-26 17:38:23 - algorithm - WARNING: predicted objective increase at best_x < 0.5%, picking random direction.
2022-04-26 17:38:23 - algorithm - INFO: best_x evaluate, y=1.4676520697497912
2022-04-26 17:38:23 - algorithm - INFO: starting 12, line-solver.
2022-04-26 17:38:24 - algorithm - WARNING: Uncertainty at best_x reduced to 1%, stopping line.
2022-04-26 17:38:24 - algorithm - INFO: best_x evaluate, y=1.475094050414071
2022-04-26 17:38:24 - algorithm - INFO: starting 13, tr-solver.
2022-04-26 17:38:24 - algorithm - WARNING: predicted objective increase at best_x < 0.5%, picking random direction.
2022-04-26 17:38:24 - algorithm - INFO: best_x evaluate, y=1.4843555045416215
2022-04-26 17:38:24 - algorithm - INFO: starting 14, line-solver.
2022-04-26 17:38:25 - algorithm - WARNING: Uncertainty at best_x reduced to 1%, stopping line.
2022-04-26 17:38:25 - algorithm - INFO: best_x evaluate, y=1.4848423702536628
2022-04-26 17:38:25 - algorithm - INFO: starting 15, tr-solver.
2022-04-26 17:38:25 - algorithm - WARNING: predicted objective increase at best_x < 0.5%, picking random direction.
2022-04-26 17:38:25 - algorithm - INFO: best_x evaluate, y=1.4952771525740522
2022-04-26 17:38:25 - algorithm - INFO: starting 16, line-solver.
2022-04-26 17:38:26 - algorithm - WARNING: Uncertainty at best_x reduced to 1%, stopping line.
2022-04-26 17:38:26 - algorithm - INFO: best_x evaluate, y=1.4981005338707525
2022-04-26 17:38:26 - algorithm - INFO: starting 17, tr-solver.
2022-04-26 17:38:27 - algorithm - WARNING: predicted objective increase at best_x < 0.5%, picking random direction.
2022-04-26 17:38:27 - algorithm - INFO: best_x evaluate, y=1.5023505055009159
2022-04-26 17:38:27 - algorithm - INFO: starting 18, line-solver.
2022-04-26 17:38:27 - algorithm - WARNING: Uncertainty at best_x reduced to 1%, stopping line.
2022-04-26 17:38:27 - algorithm - INFO: best_x evaluate, y=1.5052315830630358
2022-04-26 17:38:27 - algorithm - INFO: starting 19, tr-solver.
2022-04-26 17:38:28 - algorithm - WARNING: predicted objective increase at best_x < 0.5%, picking random direction.
2022-04-26 17:38:28 - algorithm - INFO: best_x evaluate, y=1.513187481896174
2022-04-26 17:38:28 - algorithm - INFO: starting 20, line-solver.
2022-04-26 17:38:28 - algorithm - WARNING: No safe point found, choosing current line center.
2022-04-26 17:38:28 - algorithm - WARNING: No safe point found, choosing current line center.
2022-04-26 17:38:28 - algorithm - WARNING: No safe point found, choosing current line center.
2022-04-26 17:38:28 - algorithm - WARNING: No safe point found, choosing current line center.
2022-04-26 17:38:28 - algorithm - WARNING: No safe point found, choosing current line center.
2022-04-26 17:38:28 - algorithm - WARNING: No safe point found, choosing current line center.
2022-04-26 17:38:29 - algorithm - WARNING: Uncertainty at best_x reduced to 1%, stopping line.
2022-04-26 17:38:29 - algorithm - INFO: best_x evaluate, y=1.5141759082517507
2022-04-26 17:38:29 - algorithm - INFO: starting 21, tr-solver.
2022-04-26 17:38:29 - algorithm - WARNING: predicted objective increase at best_x < 0.5%, picking random direction.
2022-04-26 17:38:29 - algorithm - INFO: best_x evaluate, y=1.5186523627629445
2022-04-26 17:38:29 - algorithm - INFO: starting 22, line-solver.
2022-04-26 17:38:29 - algorithm - WARNING: No safe point found, choosing current line center.
2022-04-26 17:38:30 - algorithm - WARNING: Uncertainty at best_x reduced to 1%, stopping line.
2022-04-26 17:38:30 - algorithm - INFO: best_x evaluate, y=1.5199740364192984
2022-04-26 17:38:30 - algorithm - INFO: starting 23, tr-solver.
2022-04-26 17:38:31 - algorithm - WARNING: predicted objective increase at best_x < 0.5%, picking random direction.
2022-04-26 17:38:31 - controller - INFO: Finalizing environment...
2022-04-26 17:38:31 - controller - INFO: Finalizing: SafeAscentLineBO
2022-04-26 17:38:31 - controller - INFO: Initializing environment: febo.environment.benchmarks.functions.QP.
2022-04-26 17:38:31 - controller - INFO: Initializing algorithm: SafeAscentLineBO.
2022-04-26 17:38:31 - algorithm - INFO: Got 0 initial data points.
2022-04-26 17:38:31 - model - INFO: Using beta=4 .
2022-04-26 17:38:31 - model - INFO: Using beta=4 .
2022-04-26 17:38:31 - model - INFO: Using beta=4 .
2022-04-26 17:38:31 - model - INFO: Using beta=4 .
2022-04-26 17:38:31 - model - INFO: Using beta=4 .
2022-04-26 17:38:31 - model - INFO: Using beta=4 .
2022-04-26 17:38:31 - model - INFO: Using beta=4 .
2022-04-26 17:38:31 - model - INFO: Using beta=4 .
2022-04-26 17:38:31 - model - INFO: Using beta=4 .
2022-04-26 17:38:31 - algorithm - INFO: Got 0 initial data points.
2022-04-26 17:38:31 - model - INFO: Using beta=4 .
2022-04-26 17:38:31 - model - INFO: Using beta=4 .
2022-04-26 17:38:31 - model - INFO: Using beta=4 .
2022-04-26 17:38:31 - model - INFO: Using beta=4 .
2022-04-26 17:38:31 - model - INFO: Using beta=4 .
2022-04-26 17:38:31 - model - INFO: Using beta=4 .
2022-04-26 17:38:31 - model - INFO: Using beta=4 .
2022-04-26 17:38:31 - model - INFO: Using beta=4 .
2022-04-26 17:38:31 - model - INFO: Using beta=4 .
2022-04-26 17:38:31 - controller - INFO: Starting optimization: SafeAscentLineBO
2022-04-26 17:38:31 - algorithm - INFO: best_x evaluate, y=0.9991888110217477
2022-04-26 17:38:31 - algorithm - INFO: starting 1, tr-solver.
2022-04-26 17:38:31 - algorithm - INFO: best_x evaluate, y=1.0497886241276424
2022-04-26 17:38:31 - algorithm - INFO: starting 2, line-solver.
2022-04-26 17:38:32 - algorithm - WARNING: Uncertainty at best_x reduced to 1%, stopping line.
2022-04-26 17:38:32 - algorithm - INFO: best_x evaluate, y=1.2782102994441038
2022-04-26 17:38:32 - algorithm - INFO: starting 3, tr-solver.
2022-04-26 17:38:32 - algorithm - INFO: best_x evaluate, y=1.2874284046696451
2022-04-26 17:38:32 - algorithm - INFO: starting 4, line-solver.
2022-04-26 17:38:32 - algorithm - WARNING: Uncertainty at best_x reduced to 1%, stopping line.
2022-04-26 17:38:32 - algorithm - INFO: best_x evaluate, y=1.3165236313073911
2022-04-26 17:38:32 - algorithm - INFO: starting 5, tr-solver.
2022-04-26 17:38:33 - algorithm - WARNING: predicted objective increase at best_x < 0.5%, picking random direction.
2022-04-26 17:38:33 - algorithm - INFO: best_x evaluate, y=1.32032170694579
2022-04-26 17:38:33 - algorithm - INFO: starting 6, line-solver.
2022-04-26 17:38:33 - algorithm - WARNING: Uncertainty at best_x reduced to 1%, stopping line.
2022-04-26 17:38:33 - algorithm - INFO: best_x evaluate, y=1.324134711226274
2022-04-26 17:38:33 - algorithm - INFO: starting 7, tr-solver.
2022-04-26 17:38:33 - algorithm - INFO: best_x evaluate, y=1.3400319636693339
2022-04-26 17:38:33 - algorithm - INFO: starting 8, line-solver.
2022-04-26 17:38:34 - algorithm - WARNING: Uncertainty at best_x reduced to 1%, stopping line.
2022-04-26 17:38:34 - algorithm - INFO: best_x evaluate, y=1.3669055606882676
2022-04-26 17:38:34 - algorithm - INFO: starting 9, tr-solver.
2022-04-26 17:38:34 - algorithm - INFO: best_x evaluate, y=1.3806833410828772
2022-04-26 17:38:34 - algorithm - INFO: starting 10, line-solver.
2022-04-26 17:38:34 - algorithm - WARNING: Uncertainty at best_x reduced to 1%, stopping line.
2022-04-26 17:38:34 - algorithm - INFO: best_x evaluate, y=1.4020611668942264
2022-04-26 17:38:34 - algorithm - INFO: starting 11, tr-solver.
2022-04-26 17:38:35 - algorithm - INFO: best_x evaluate, y=1.416188565988556
2022-04-26 17:38:35 - algorithm - INFO: starting 12, line-solver.
2022-04-26 17:38:35 - algorithm - WARNING: Uncertainty at best_x reduced to 1%, stopping line.
2022-04-26 17:38:35 - algorithm - INFO: best_x evaluate, y=1.4299620884908297
2022-04-26 17:38:35 - algorithm - INFO: starting 13, tr-solver.
2022-04-26 17:38:36 - algorithm - INFO: best_x evaluate, y=1.4446564936426711
2022-04-26 17:38:36 - algorithm - INFO: starting 14, line-solver.
2022-04-26 17:38:36 - algorithm - WARNING: No safe point found, choosing current line center.
2022-04-26 17:38:36 - algorithm - WARNING: Uncertainty at best_x reduced to 1%, stopping line.
2022-04-26 17:38:36 - algorithm - INFO: best_x evaluate, y=1.4459530902125852
2022-04-26 17:38:36 - algorithm - INFO: starting 15, tr-solver.
2022-04-26 17:38:37 - algorithm - INFO: best_x evaluate, y=1.4538869917809942
2022-04-26 17:38:37 - algorithm - INFO: starting 16, line-solver.
2022-04-26 17:38:38 - algorithm - WARNING: Uncertainty at best_x reduced to 1%, stopping line.
2022-04-26 17:38:38 - algorithm - INFO: best_x evaluate, y=1.4732900688509312
2022-04-26 17:38:38 - algorithm - INFO: starting 17, tr-solver.
2022-04-26 17:38:38 - algorithm - INFO: best_x evaluate, y=1.4890706231139614
2022-04-26 17:38:38 - algorithm - INFO: starting 18, line-solver.
2022-04-26 17:38:39 - algorithm - WARNING: Uncertainty at best_x reduced to 1%, stopping line.
2022-04-26 17:38:39 - algorithm - INFO: best_x evaluate, y=1.4899367846742062
2022-04-26 17:38:39 - algorithm - INFO: starting 19, tr-solver.
2022-04-26 17:38:40 - algorithm - INFO: best_x evaluate, y=1.4997173736146447
2022-04-26 17:38:40 - algorithm - INFO: starting 20, line-solver.
2022-04-26 17:38:40 - algorithm - WARNING: Uncertainty at best_x reduced to 1%, stopping line.
2022-04-26 17:38:41 - algorithm - INFO: best_x evaluate, y=1.5021927628354683
2022-04-26 17:38:41 - algorithm - INFO: starting 21, tr-solver.
2022-04-26 17:38:41 - algorithm - WARNING: predicted objective increase at best_x < 0.5%, picking random direction.
2022-04-26 17:38:41 - algorithm - INFO: best_x evaluate, y=1.5073965316249371
2022-04-26 17:38:41 - algorithm - INFO: starting 22, line-solver.
2022-04-26 17:38:42 - algorithm - WARNING: Uncertainty at best_x reduced to 1%, stopping line.
2022-04-26 17:38:42 - algorithm - INFO: best_x evaluate, y=1.5097405089864278
2022-04-26 17:38:42 - algorithm - INFO: starting 23, tr-solver.
2022-04-26 17:38:43 - algorithm - WARNING: predicted objective increase at best_x < 0.5%, picking random direction.
2022-04-26 17:38:43 - controller - INFO: Finalizing environment...
2022-04-26 17:38:43 - controller - INFO: Finalizing: SafeAscentLineBO
2022-04-26 17:38:43 - controller - INFO: Initializing environment: febo.environment.benchmarks.functions.QP.
2022-04-26 17:38:43 - controller - INFO: Initializing algorithm: SafeAscentLineBO.
2022-04-26 17:38:43 - algorithm - INFO: Got 0 initial data points.
2022-04-26 17:38:43 - model - INFO: Using beta=4 .
2022-04-26 17:38:43 - model - INFO: Using beta=4 .
2022-04-26 17:38:43 - model - INFO: Using beta=4 .
2022-04-26 17:38:43 - model - INFO: Using beta=4 .
2022-04-26 17:38:43 - model - INFO: Using beta=4 .
2022-04-26 17:38:43 - model - INFO: Using beta=4 .
2022-04-26 17:38:43 - model - INFO: Using beta=4 .
2022-04-26 17:38:43 - model - INFO: Using beta=4 .
2022-04-26 17:38:43 - model - INFO: Using beta=4 .
2022-04-26 17:38:43 - algorithm - INFO: Got 0 initial data points.
2022-04-26 17:38:43 - model - INFO: Using beta=4 .
2022-04-26 17:38:43 - model - INFO: Using beta=4 .
2022-04-26 17:38:43 - model - INFO: Using beta=4 .
2022-04-26 17:38:43 - model - INFO: Using beta=4 .
2022-04-26 17:38:43 - model - INFO: Using beta=4 .
2022-04-26 17:38:43 - model - INFO: Using beta=4 .
2022-04-26 17:38:43 - model - INFO: Using beta=4 .
2022-04-26 17:38:43 - model - INFO: Using beta=4 .
2022-04-26 17:38:43 - model - INFO: Using beta=4 .
2022-04-26 17:38:43 - controller - INFO: Starting optimization: SafeAscentLineBO
2022-04-26 17:38:43 - algorithm - INFO: best_x evaluate, y=0.9999796251879347
2022-04-26 17:38:43 - algorithm - INFO: starting 1, tr-solver.
2022-04-26 17:38:43 - algorithm - INFO: best_x evaluate, y=1.0393625579900923
2022-04-26 17:38:43 - algorithm - INFO: starting 2, line-solver.
2022-04-26 17:38:44 - algorithm - WARNING: Uncertainty at best_x reduced to 1%, stopping line.
2022-04-26 17:38:44 - algorithm - INFO: best_x evaluate, y=1.2608759897447124
2022-04-26 17:38:44 - algorithm - INFO: starting 3, tr-solver.
2022-04-26 17:38:44 - algorithm - WARNING: predicted objective increase at best_x < 0.5%, picking random direction.
2022-04-26 17:38:44 - algorithm - INFO: best_x evaluate, y=1.2642469876046152
2022-04-26 17:38:44 - algorithm - INFO: starting 4, line-solver.
2022-04-26 17:38:44 - algorithm - WARNING: Uncertainty at best_x reduced to 1%, stopping line.
2022-04-26 17:38:44 - algorithm - INFO: best_x evaluate, y=1.2729101754043999
2022-04-26 17:38:45 - algorithm - INFO: starting 5, tr-solver.
2022-04-26 17:38:45 - algorithm - INFO: best_x evaluate, y=1.2852765616915105
2022-04-26 17:38:45 - algorithm - INFO: starting 6, line-solver.
2022-04-26 17:38:45 - algorithm - WARNING: Uncertainty at best_x reduced to 1%, stopping line.
2022-04-26 17:38:45 - algorithm - INFO: best_x evaluate, y=1.322554540974862
2022-04-26 17:38:45 - algorithm - INFO: starting 7, tr-solver.
2022-04-26 17:38:46 - algorithm - WARNING: predicted objective increase at best_x < 0.5%, picking random direction.
2022-04-26 17:38:46 - algorithm - INFO: best_x evaluate, y=1.3279444458931315
2022-04-26 17:38:46 - algorithm - INFO: starting 8, line-solver.
2022-04-26 17:38:46 - algorithm - WARNING: Uncertainty at best_x reduced to 1%, stopping line.
2022-04-26 17:38:46 - algorithm - INFO: best_x evaluate, y=1.3621188695407986
2022-04-26 17:38:46 - algorithm - INFO: starting 9, tr-solver.
2022-04-26 17:38:47 - algorithm - INFO: best_x evaluate, y=1.3765034443201323
2022-04-26 17:38:47 - algorithm - INFO: starting 10, line-solver.
2022-04-26 17:38:47 - algorithm - WARNING: Uncertainty at best_x reduced to 1%, stopping line.
2022-04-26 17:38:47 - algorithm - INFO: best_x evaluate, y=1.38208908303621
2022-04-26 17:38:47 - algorithm - INFO: starting 11, tr-solver.
2022-04-26 17:38:48 - algorithm - INFO: best_x evaluate, y=1.3938696602751215
2022-04-26 17:38:48 - algorithm - INFO: starting 12, line-solver.
2022-04-26 17:38:48 - algorithm - WARNING: Uncertainty at best_x reduced to 1%, stopping line.
2022-04-26 17:38:48 - algorithm - INFO: best_x evaluate, y=1.4036956662418885
2022-04-26 17:38:48 - algorithm - INFO: starting 13, tr-solver.
2022-04-26 17:38:49 - algorithm - WARNING: predicted objective increase at best_x < 0.5%, picking random direction.
2022-04-26 17:38:49 - algorithm - INFO: best_x evaluate, y=1.4137667093113155
2022-04-26 17:38:49 - algorithm - INFO: starting 14, line-solver.
2022-04-26 17:38:49 - algorithm - WARNING: Uncertainty at best_x reduced to 1%, stopping line.
2022-04-26 17:38:49 - algorithm - INFO: best_x evaluate, y=1.4291274345605178
2022-04-26 17:38:49 - algorithm - INFO: starting 15, tr-solver.
2022-04-26 17:38:50 - algorithm - WARNING: predicted objective increase at best_x < 0.5%, picking random direction.
2022-04-26 17:38:50 - algorithm - INFO: best_x evaluate, y=1.4330451371719264
2022-04-26 17:38:50 - algorithm - INFO: starting 16, line-solver.
2022-04-26 17:38:51 - algorithm - WARNING: Uncertainty at best_x reduced to 1%, stopping line.
2022-04-26 17:38:51 - algorithm - INFO: best_x evaluate, y=1.4364986775344917
2022-04-26 17:38:51 - algorithm - INFO: starting 17, tr-solver.
2022-04-26 17:38:51 - algorithm - WARNING: predicted objective increase at best_x < 0.5%, picking random direction.
2022-04-26 17:38:51 - algorithm - INFO: best_x evaluate, y=1.4439944965656797
2022-04-26 17:38:51 - algorithm - INFO: starting 18, line-solver.
2022-04-26 17:38:52 - algorithm - WARNING: Uncertainty at best_x reduced to 1%, stopping line.
2022-04-26 17:38:52 - algorithm - INFO: best_x evaluate, y=1.4460553979802508
2022-04-26 17:38:52 - algorithm - INFO: starting 19, tr-solver.
2022-04-26 17:38:53 - algorithm - WARNING: predicted objective increase at best_x < 0.5%, picking random direction.
2022-04-26 17:38:53 - algorithm - INFO: best_x evaluate, y=1.4550516982256516
2022-04-26 17:38:53 - algorithm - INFO: starting 20, line-solver.
2022-04-26 17:38:53 - algorithm - WARNING: Uncertainty at best_x reduced to 1%, stopping line.
2022-04-26 17:38:53 - algorithm - INFO: best_x evaluate, y=1.453305495410533
2022-04-26 17:38:53 - algorithm - INFO: starting 21, tr-solver.
2022-04-26 17:38:54 - algorithm - WARNING: predicted objective increase at best_x < 0.5%, picking random direction.
2022-04-26 17:38:54 - algorithm - INFO: best_x evaluate, y=1.457510882876751
2022-04-26 17:38:54 - algorithm - INFO: starting 22, line-solver.
2022-04-26 17:38:55 - algorithm - WARNING: Uncertainty at best_x reduced to 1%, stopping line.
2022-04-26 17:38:55 - algorithm - INFO: best_x evaluate, y=1.4614567297366723
2022-04-26 17:38:55 - algorithm - INFO: starting 23, tr-solver.
2022-04-26 17:38:56 - algorithm - WARNING: predicted objective increase at best_x < 0.5%, picking random direction.
2022-04-26 17:38:56 - controller - INFO: Finalizing environment...
2022-04-26 17:38:56 - controller - INFO: Finalizing: SafeAscentLineBO
2022-04-26 17:38:56 - controller - INFO: Initializing environment: febo.environment.benchmarks.functions.QP.
2022-04-26 17:38:56 - controller - INFO: Initializing algorithm: SafeAscentLineBO.
2022-04-26 17:38:56 - algorithm - INFO: Got 0 initial data points.
2022-04-26 17:38:56 - model - INFO: Using beta=4 .
2022-04-26 17:38:56 - model - INFO: Using beta=4 .
2022-04-26 17:38:56 - model - INFO: Using beta=4 .
2022-04-26 17:38:56 - model - INFO: Using beta=4 .
2022-04-26 17:38:56 - model - INFO: Using beta=4 .
2022-04-26 17:38:56 - model - INFO: Using beta=4 .
2022-04-26 17:38:56 - model - INFO: Using beta=4 .
2022-04-26 17:38:56 - model - INFO: Using beta=4 .
2022-04-26 17:38:56 - model - INFO: Using beta=4 .
2022-04-26 17:38:56 - algorithm - INFO: Got 0 initial data points.
2022-04-26 17:38:56 - model - INFO: Using beta=4 .
2022-04-26 17:38:56 - model - INFO: Using beta=4 .
2022-04-26 17:38:56 - model - INFO: Using beta=4 .
2022-04-26 17:38:56 - model - INFO: Using beta=4 .
2022-04-26 17:38:56 - model - INFO: Using beta=4 .
2022-04-26 17:38:56 - model - INFO: Using beta=4 .
2022-04-26 17:38:56 - model - INFO: Using beta=4 .
2022-04-26 17:38:56 - model - INFO: Using beta=4 .
2022-04-26 17:38:56 - model - INFO: Using beta=4 .
2022-04-26 17:38:56 - controller - INFO: Starting optimization: SafeAscentLineBO
2022-04-26 17:38:56 - algorithm - INFO: best_x evaluate, y=0.9996726623462538
2022-04-26 17:38:56 - algorithm - INFO: starting 1, tr-solver.
2022-04-26 17:38:56 - algorithm - INFO: best_x evaluate, y=1.0572647558811967
2022-04-26 17:38:56 - algorithm - INFO: starting 2, line-solver.
2022-04-26 17:38:57 - algorithm - WARNING: Uncertainty at best_x reduced to 1%, stopping line.
2022-04-26 17:38:57 - algorithm - INFO: best_x evaluate, y=1.310168692249985
2022-04-26 17:38:57 - algorithm - INFO: starting 3, tr-solver.
2022-04-26 17:38:57 - algorithm - INFO: best_x evaluate, y=1.3222974649377444
2022-04-26 17:38:57 - algorithm - INFO: starting 4, line-solver.
2022-04-26 17:38:57 - algorithm - WARNING: Uncertainty at best_x reduced to 1%, stopping line.
2022-04-26 17:38:57 - algorithm - INFO: best_x evaluate, y=1.3519388052672006
2022-04-26 17:38:57 - algorithm - INFO: starting 5, tr-solver.
2022-04-26 17:38:57 - algorithm - WARNING: predicted objective increase at best_x < 0.5%, picking random direction.
2022-04-26 17:38:57 - algorithm - INFO: best_x evaluate, y=1.3580684741010702
2022-04-26 17:38:58 - algorithm - INFO: starting 6, line-solver.
2022-04-26 17:38:58 - algorithm - WARNING: No safe point found, choosing current line center.
2022-04-26 17:38:58 - algorithm - WARNING: Uncertainty at best_x reduced to 1%, stopping line.
2022-04-26 17:38:58 - algorithm - INFO: best_x evaluate, y=1.3611842136451127
2022-04-26 17:38:58 - algorithm - INFO: starting 7, tr-solver.
2022-04-26 17:38:58 - algorithm - WARNING: predicted objective increase at best_x < 0.5%, picking random direction.
2022-04-26 17:38:58 - algorithm - INFO: best_x evaluate, y=1.3649542761005424
2022-04-26 17:38:58 - algorithm - INFO: starting 8, line-solver.
2022-04-26 17:38:59 - algorithm - WARNING: Uncertainty at best_x reduced to 1%, stopping line.
2022-04-26 17:38:59 - algorithm - INFO: best_x evaluate, y=1.3688756991422653
2022-04-26 17:38:59 - algorithm - INFO: starting 9, tr-solver.
2022-04-26 17:38:59 - algorithm - INFO: best_x evaluate, y=1.3777092881306248
2022-04-26 17:38:59 - algorithm - INFO: starting 10, line-solver.
2022-04-26 17:38:59 - algorithm - WARNING: Uncertainty at best_x reduced to 1%, stopping line.
2022-04-26 17:38:59 - algorithm - INFO: best_x evaluate, y=1.3830103307511292
2022-04-26 17:38:59 - algorithm - INFO: starting 11, tr-solver.
2022-04-26 17:39:00 - algorithm - WARNING: predicted objective increase at best_x < 0.5%, picking random direction.
2022-04-26 17:39:00 - algorithm - INFO: best_x evaluate, y=1.389426551315703
2022-04-26 17:39:00 - algorithm - INFO: starting 12, line-solver.
2022-04-26 17:39:00 - algorithm - WARNING: No safe point found, choosing current line center.
2022-04-26 17:39:00 - algorithm - WARNING: No safe point found, choosing current line center.
2022-04-26 17:39:00 - algorithm - WARNING: Uncertainty at best_x reduced to 1%, stopping line.
2022-04-26 17:39:00 - algorithm - INFO: best_x evaluate, y=1.3951742920054613
2022-04-26 17:39:00 - algorithm - INFO: starting 13, tr-solver.
2022-04-26 17:39:01 - algorithm - WARNING: predicted objective increase at best_x < 0.5%, picking random direction.
2022-04-26 17:39:01 - algorithm - INFO: best_x evaluate, y=1.3991707393468062
2022-04-26 17:39:01 - algorithm - INFO: starting 14, line-solver.
2022-04-26 17:39:01 - algorithm - WARNING: Uncertainty at best_x reduced to 1%, stopping line.
2022-04-26 17:39:02 - algorithm - INFO: best_x evaluate, y=1.3981852262161485
2022-04-26 17:39:02 - algorithm - INFO: starting 15, tr-solver.
2022-04-26 17:39:02 - algorithm - WARNING: predicted objective increase at best_x < 0.5%, picking random direction.
2022-04-26 17:39:02 - algorithm - INFO: best_x evaluate, y=1.4051292932934336
2022-04-26 17:39:02 - algorithm - INFO: starting 16, line-solver.
2022-04-26 17:39:03 - algorithm - WARNING: Uncertainty at best_x reduced to 1%, stopping line.
2022-04-26 17:39:03 - algorithm - INFO: best_x evaluate, y=1.4042646097437208
2022-04-26 17:39:03 - algorithm - INFO: starting 17, tr-solver.
2022-04-26 17:39:03 - algorithm - WARNING: predicted objective increase at best_x < 0.5%, picking random direction.
2022-04-26 17:39:03 - algorithm - INFO: best_x evaluate, y=1.4053231065180916
2022-04-26 17:39:03 - algorithm - INFO: starting 18, line-solver.
2022-04-26 17:39:04 - algorithm - WARNING: Uncertainty at best_x reduced to 1%, stopping line.
2022-04-26 17:39:04 - algorithm - INFO: best_x evaluate, y=1.4092836112378335
2022-04-26 17:39:04 - algorithm - INFO: starting 19, tr-solver.
2022-04-26 17:39:05 - algorithm - WARNING: predicted objective increase at best_x < 0.5%, picking random direction.
2022-04-26 17:39:05 - algorithm - INFO: best_x evaluate, y=1.409678048590864
2022-04-26 17:39:05 - algorithm - INFO: starting 20, line-solver.
2022-04-26 17:39:06 - algorithm - WARNING: Uncertainty at best_x reduced to 1%, stopping line.
2022-04-26 17:39:06 - algorithm - INFO: best_x evaluate, y=1.412130007200906
2022-04-26 17:39:06 - algorithm - INFO: starting 21, tr-solver.
2022-04-26 17:39:07 - algorithm - WARNING: predicted objective increase at best_x < 0.5%, picking random direction.
2022-04-26 17:39:07 - algorithm - INFO: best_x evaluate, y=1.4203783775293708
2022-04-26 17:39:07 - algorithm - INFO: starting 22, line-solver.
2022-04-26 17:39:07 - algorithm - WARNING: No safe point found, choosing current line center.
2022-04-26 17:39:07 - algorithm - WARNING: No safe point found, choosing current line center.
2022-04-26 17:39:07 - algorithm - WARNING: No safe point found, choosing current line center.
2022-04-26 17:39:07 - algorithm - WARNING: No safe point found, choosing current line center.
2022-04-26 17:39:07 - algorithm - WARNING: Uncertainty at best_x reduced to 1%, stopping line.
2022-04-26 17:39:07 - algorithm - INFO: best_x evaluate, y=1.418060160923801
2022-04-26 17:39:07 - algorithm - INFO: starting 23, tr-solver.
2022-04-26 17:39:08 - algorithm - WARNING: predicted objective increase at best_x < 0.5%, picking random direction.
2022-04-26 17:39:08 - controller - INFO: Finalizing environment...
2022-04-26 17:39:08 - controller - INFO: Finalizing: SafeAscentLineBO
2022-04-26 17:39:08 - controller - INFO: Initializing environment: febo.environment.benchmarks.functions.QP.
2022-04-26 17:39:08 - controller - INFO: Initializing algorithm: SafeAscentLineBO.
2022-04-26 17:39:08 - algorithm - INFO: Got 0 initial data points.
2022-04-26 17:39:08 - model - INFO: Using beta=4 .
2022-04-26 17:39:08 - model - INFO: Using beta=4 .
2022-04-26 17:39:08 - model - INFO: Using beta=4 .
2022-04-26 17:39:08 - model - INFO: Using beta=4 .
2022-04-26 17:39:08 - model - INFO: Using beta=4 .
2022-04-26 17:39:08 - model - INFO: Using beta=4 .
2022-04-26 17:39:08 - model - INFO: Using beta=4 .
2022-04-26 17:39:08 - model - INFO: Using beta=4 .
2022-04-26 17:39:08 - model - INFO: Using beta=4 .
2022-04-26 17:39:08 - algorithm - INFO: Got 0 initial data points.
2022-04-26 17:39:08 - model - INFO: Using beta=4 .
2022-04-26 17:39:08 - model - INFO: Using beta=4 .
2022-04-26 17:39:08 - model - INFO: Using beta=4 .
2022-04-26 17:39:08 - model - INFO: Using beta=4 .
2022-04-26 17:39:08 - model - INFO: Using beta=4 .
2022-04-26 17:39:08 - model - INFO: Using beta=4 .
2022-04-26 17:39:08 - model - INFO: Using beta=4 .
2022-04-26 17:39:08 - model - INFO: Using beta=4 .
2022-04-26 17:39:08 - model - INFO: Using beta=4 .
2022-04-26 17:39:08 - controller - INFO: Starting optimization: SafeAscentLineBO
2022-04-26 17:39:08 - algorithm - INFO: best_x evaluate, y=1.0001222628254827
2022-04-26 17:39:08 - algorithm - INFO: starting 1, tr-solver.
2022-04-26 17:39:09 - algorithm - INFO: best_x evaluate, y=1.071363839835189
2022-04-26 17:39:09 - algorithm - INFO: starting 2, line-solver.
2022-04-26 17:39:09 - algorithm - WARNING: Uncertainty at best_x reduced to 1%, stopping line.
2022-04-26 17:39:09 - algorithm - INFO: best_x evaluate, y=1.2585541252353762
2022-04-26 17:39:09 - algorithm - INFO: starting 3, tr-solver.
2022-04-26 17:39:09 - algorithm - WARNING: predicted objective increase at best_x < 0.5%, picking random direction.
2022-04-26 17:39:09 - algorithm - INFO: best_x evaluate, y=1.2635100230733693
2022-04-26 17:39:09 - algorithm - INFO: starting 4, line-solver.
2022-04-26 17:39:09 - algorithm - WARNING: Uncertainty at best_x reduced to 1%, stopping line.
2022-04-26 17:39:09 - algorithm - INFO: best_x evaluate, y=1.2730905531653445
2022-04-26 17:39:09 - algorithm - INFO: starting 5, tr-solver.
2022-04-26 17:39:10 - algorithm - INFO: best_x evaluate, y=1.2990841738161272
2022-04-26 17:39:10 - algorithm - INFO: starting 6, line-solver.
2022-04-26 17:39:10 - algorithm - WARNING: Uncertainty at best_x reduced to 1%, stopping line.
2022-04-26 17:39:10 - algorithm - INFO: best_x evaluate, y=1.3426085862332013
2022-04-26 17:39:10 - algorithm - INFO: starting 7, tr-solver.
2022-04-26 17:39:10 - algorithm - INFO: best_x evaluate, y=1.3508355355831
2022-04-26 17:39:10 - algorithm - INFO: starting 8, line-solver.
2022-04-26 17:39:11 - algorithm - WARNING: Uncertainty at best_x reduced to 1%, stopping line.
2022-04-26 17:39:11 - algorithm - INFO: best_x evaluate, y=1.388198482768593
2022-04-26 17:39:11 - algorithm - INFO: starting 9, tr-solver.
2022-04-26 17:39:11 - algorithm - INFO: best_x evaluate, y=1.400502603322396
2022-04-26 17:39:11 - algorithm - INFO: starting 10, line-solver.
2022-04-26 17:39:12 - algorithm - WARNING: Uncertainty at best_x reduced to 1%, stopping line.
2022-04-26 17:39:12 - algorithm - INFO: best_x evaluate, y=1.4429300221081227
2022-04-26 17:39:12 - algorithm - INFO: starting 11, tr-solver.
2022-04-26 17:39:12 - algorithm - INFO: best_x evaluate, y=1.4535789511183463
2022-04-26 17:39:12 - algorithm - INFO: starting 12, line-solver.
2022-04-26 17:39:13 - algorithm - WARNING: Uncertainty at best_x reduced to 1%, stopping line.
2022-04-26 17:39:13 - algorithm - INFO: best_x evaluate, y=1.465569051903148
2022-04-26 17:39:13 - algorithm - INFO: starting 13, tr-solver.
2022-04-26 17:39:13 - algorithm - INFO: best_x evaluate, y=1.4777031476046252
2022-04-26 17:39:13 - algorithm - INFO: starting 14, line-solver.
2022-04-26 17:39:13 - algorithm - WARNING: No safe point found, choosing current line center.
2022-04-26 17:39:13 - algorithm - WARNING: No safe point found, choosing current line center.
2022-04-26 17:39:13 - algorithm - WARNING: No safe point found, choosing current line center.
2022-04-26 17:39:13 - algorithm - WARNING: No safe point found, choosing current line center.
2022-04-26 17:39:13 - algorithm - WARNING: No safe point found, choosing current line center.
2022-04-26 17:39:14 - algorithm - WARNING: Uncertainty at best_x reduced to 1%, stopping line.
2022-04-26 17:39:14 - algorithm - INFO: best_x evaluate, y=1.4833851628344037
2022-04-26 17:39:14 - algorithm - INFO: starting 15, tr-solver.
2022-04-26 17:39:14 - algorithm - WARNING: predicted objective increase at best_x < 0.5%, picking random direction.
2022-04-26 17:39:14 - algorithm - INFO: best_x evaluate, y=1.4870631009804791
2022-04-26 17:39:14 - algorithm - INFO: starting 16, line-solver.
2022-04-26 17:39:15 - algorithm - WARNING: Uncertainty at best_x reduced to 1%, stopping line.
2022-04-26 17:39:15 - algorithm - INFO: best_x evaluate, y=1.4905584414953523
2022-04-26 17:39:15 - algorithm - INFO: starting 17, tr-solver.
2022-04-26 17:39:15 - algorithm - WARNING: predicted objective increase at best_x < 0.5%, picking random direction.
2022-04-26 17:39:15 - algorithm - INFO: best_x evaluate, y=1.4977528773861903
2022-04-26 17:39:15 - algorithm - INFO: starting 18, line-solver.
2022-04-26 17:39:15 - algorithm - WARNING: No safe point found, choosing current line center.
2022-04-26 17:39:16 - algorithm - WARNING: No safe point found, choosing current line center.
2022-04-26 17:39:16 - algorithm - WARNING: No safe point found, choosing current line center.
2022-04-26 17:39:16 - algorithm - WARNING: Uncertainty at best_x reduced to 1%, stopping line.
2022-04-26 17:39:16 - algorithm - INFO: best_x evaluate, y=1.4993703028328016
2022-04-26 17:39:16 - algorithm - INFO: starting 19, tr-solver.
2022-04-26 17:39:17 - algorithm - WARNING: predicted objective increase at best_x < 0.5%, picking random direction.
2022-04-26 17:39:17 - algorithm - INFO: best_x evaluate, y=1.5004689087960459
2022-04-26 17:39:17 - algorithm - INFO: starting 20, line-solver.
2022-04-26 17:39:17 - algorithm - WARNING: No safe point found, choosing current line center.
2022-04-26 17:39:17 - algorithm - WARNING: No safe point found, choosing current line center.
2022-04-26 17:39:17 - algorithm - WARNING: Uncertainty at best_x reduced to 1%, stopping line.
2022-04-26 17:39:17 - algorithm - INFO: best_x evaluate, y=1.5020115953464455
2022-04-26 17:39:18 - algorithm - INFO: starting 21, tr-solver.
2022-04-26 17:39:18 - algorithm - WARNING: predicted objective increase at best_x < 0.5%, picking random direction.
2022-04-26 17:39:18 - algorithm - INFO: best_x evaluate, y=1.507693952224037
2022-04-26 17:39:18 - algorithm - INFO: starting 22, line-solver.
2022-04-26 17:39:19 - algorithm - WARNING: Uncertainty at best_x reduced to 1%, stopping line.
2022-04-26 17:39:19 - algorithm - INFO: best_x evaluate, y=1.5079762902126548
2022-04-26 17:39:19 - algorithm - INFO: starting 23, tr-solver.
2022-04-26 17:39:20 - algorithm - WARNING: predicted objective increase at best_x < 0.5%, picking random direction.
2022-04-26 17:39:20 - controller - INFO: Finalizing environment...
2022-04-26 17:39:20 - controller - INFO: Finalizing: SafeAscentLineBO
2022-04-26 17:39:20 - controller - INFO: Initializing environment: febo.environment.benchmarks.functions.QP.
2022-04-26 17:39:20 - controller - INFO: Initializing algorithm: SafeAscentLineBO.
2022-04-26 17:39:20 - algorithm - INFO: Got 0 initial data points.
2022-04-26 17:39:20 - model - INFO: Using beta=4 .
2022-04-26 17:39:20 - model - INFO: Using beta=4 .
2022-04-26 17:39:20 - model - INFO: Using beta=4 .
2022-04-26 17:39:20 - model - INFO: Using beta=4 .
2022-04-26 17:39:20 - model - INFO: Using beta=4 .
2022-04-26 17:39:20 - model - INFO: Using beta=4 .
2022-04-26 17:39:20 - model - INFO: Using beta=4 .
2022-04-26 17:39:20 - model - INFO: Using beta=4 .
2022-04-26 17:39:20 - model - INFO: Using beta=4 .
2022-04-26 17:39:20 - algorithm - INFO: Got 0 initial data points.
2022-04-26 17:39:20 - model - INFO: Using beta=4 .
2022-04-26 17:39:20 - model - INFO: Using beta=4 .
2022-04-26 17:39:20 - model - INFO: Using beta=4 .
2022-04-26 17:39:20 - model - INFO: Using beta=4 .
2022-04-26 17:39:20 - model - INFO: Using beta=4 .
2022-04-26 17:39:20 - model - INFO: Using beta=4 .
2022-04-26 17:39:20 - model - INFO: Using beta=4 .
2022-04-26 17:39:20 - model - INFO: Using beta=4 .
2022-04-26 17:39:20 - model - INFO: Using beta=4 .
2022-04-26 17:39:20 - controller - INFO: Starting optimization: SafeAscentLineBO
2022-04-26 17:39:20 - algorithm - INFO: best_x evaluate, y=1.0018232763992045
2022-04-26 17:39:20 - algorithm - INFO: starting 1, tr-solver.
2022-04-26 17:39:20 - algorithm - INFO: best_x evaluate, y=1.0665676142738898
2022-04-26 17:39:20 - algorithm - INFO: starting 2, line-solver.
2022-04-26 17:39:20 - algorithm - WARNING: Uncertainty at best_x reduced to 1%, stopping line.
2022-04-26 17:39:20 - algorithm - INFO: best_x evaluate, y=1.333660042068697
2022-04-26 17:39:20 - algorithm - INFO: starting 3, tr-solver.
2022-04-26 17:39:21 - algorithm - WARNING: predicted objective increase at best_x < 0.5%, picking random direction.
2022-04-26 17:39:21 - algorithm - INFO: best_x evaluate, y=1.3397229243892252
2022-04-26 17:39:21 - algorithm - INFO: starting 4, line-solver.
2022-04-26 17:39:21 - algorithm - WARNING: Uncertainty at best_x reduced to 1%, stopping line.
2022-04-26 17:39:21 - algorithm - INFO: best_x evaluate, y=1.3618113849264604
2022-04-26 17:39:21 - algorithm - INFO: starting 5, tr-solver.
2022-04-26 17:39:21 - algorithm - INFO: best_x evaluate, y=1.370682015108651
2022-04-26 17:39:21 - algorithm - INFO: starting 6, line-solver.
2022-04-26 17:39:22 - algorithm - WARNING: Uncertainty at best_x reduced to 1%, stopping line.
2022-04-26 17:39:22 - algorithm - INFO: best_x evaluate, y=1.3897520729990527
2022-04-26 17:39:22 - algorithm - INFO: starting 7, tr-solver.
2022-04-26 17:39:22 - algorithm - INFO: best_x evaluate, y=1.4031807761374135
2022-04-26 17:39:22 - algorithm - INFO: starting 8, line-solver.
2022-04-26 17:39:22 - algorithm - WARNING: Uncertainty at best_x reduced to 1%, stopping line.
2022-04-26 17:39:22 - algorithm - INFO: best_x evaluate, y=1.4311356822313344
2022-04-26 17:39:22 - algorithm - INFO: starting 9, tr-solver.
2022-04-26 17:39:23 - algorithm - INFO: best_x evaluate, y=1.440502158565216
2022-04-26 17:39:23 - algorithm - INFO: starting 10, line-solver.
2022-04-26 17:39:23 - algorithm - WARNING: No safe point found, choosing current line center.
2022-04-26 17:39:23 - algorithm - WARNING: Uncertainty at best_x reduced to 1%, stopping line.
2022-04-26 17:39:23 - algorithm - INFO: best_x evaluate, y=1.4486211538989255
2022-04-26 17:39:23 - algorithm - INFO: starting 11, tr-solver.
2022-04-26 17:39:24 - algorithm - WARNING: predicted objective increase at best_x < 0.5%, picking random direction.
2022-04-26 17:39:24 - algorithm - INFO: best_x evaluate, y=1.4529134296173642
2022-04-26 17:39:24 - algorithm - INFO: starting 12, line-solver.
2022-04-26 17:39:25 - algorithm - WARNING: Uncertainty at best_x reduced to 1%, stopping line.
2022-04-26 17:39:25 - algorithm - INFO: best_x evaluate, y=1.4555458954105371
2022-04-26 17:39:25 - algorithm - INFO: starting 13, tr-solver.
2022-04-26 17:39:25 - algorithm - WARNING: predicted objective increase at best_x < 0.5%, picking random direction.
2022-04-26 17:39:25 - algorithm - INFO: best_x evaluate, y=1.4608069814736768
2022-04-26 17:39:25 - algorithm - INFO: starting 14, line-solver.
2022-04-26 17:39:25 - algorithm - WARNING: No safe point found, choosing current line center.
2022-04-26 17:39:25 - algorithm - WARNING: No safe point found, choosing current line center.
2022-04-26 17:39:26 - algorithm - WARNING: Uncertainty at best_x reduced to 1%, stopping line.
2022-04-26 17:39:26 - algorithm - INFO: best_x evaluate, y=1.4628171355966726
2022-04-26 17:39:26 - algorithm - INFO: starting 15, tr-solver.
2022-04-26 17:39:27 - algorithm - WARNING: predicted objective increase at best_x < 0.5%, picking random direction.
2022-04-26 17:39:27 - algorithm - INFO: best_x evaluate, y=1.4685151086362336
2022-04-26 17:39:27 - algorithm - INFO: starting 16, line-solver.
2022-04-26 17:39:27 - algorithm - WARNING: No safe point found, choosing current line center.
2022-04-26 17:39:27 - algorithm - WARNING: No safe point found, choosing current line center.
2022-04-26 17:39:27 - algorithm - WARNING: No safe point found, choosing current line center.
2022-04-26 17:39:27 - algorithm - WARNING: No safe point found, choosing current line center.
2022-04-26 17:39:27 - algorithm - WARNING: Uncertainty at best_x reduced to 1%, stopping line.
2022-04-26 17:39:28 - algorithm - INFO: best_x evaluate, y=1.4703682053289777
2022-04-26 17:39:28 - algorithm - INFO: starting 17, tr-solver.
2022-04-26 17:39:28 - algorithm - WARNING: predicted objective increase at best_x < 0.5%, picking random direction.
2022-04-26 17:39:28 - algorithm - INFO: best_x evaluate, y=1.4763216287239362
2022-04-26 17:39:28 - algorithm - INFO: starting 18, line-solver.
2022-04-26 17:39:28 - algorithm - WARNING: No safe point found, choosing current line center.
2022-04-26 17:39:28 - algorithm - WARNING: No safe point found, choosing current line center.
2022-04-26 17:39:28 - algorithm - WARNING: No safe point found, choosing current line center.
2022-04-26 17:39:29 - algorithm - WARNING: No safe point found, choosing current line center.
2022-04-26 17:39:29 - algorithm - WARNING: Uncertainty at best_x reduced to 1%, stopping line.
2022-04-26 17:39:29 - algorithm - INFO: best_x evaluate, y=1.4738502332300925
2022-04-26 17:39:29 - algorithm - INFO: starting 19, tr-solver.
2022-04-26 17:39:30 - algorithm - WARNING: predicted objective increase at best_x < 0.5%, picking random direction.
2022-04-26 17:39:30 - algorithm - INFO: best_x evaluate, y=1.4816548126907445
2022-04-26 17:39:30 - algorithm - INFO: starting 20, line-solver.
2022-04-26 17:39:30 - algorithm - WARNING: No safe point found, choosing current line center.
2022-04-26 17:39:30 - algorithm - WARNING: No safe point found, choosing current line center.
2022-04-26 17:39:30 - algorithm - WARNING: No safe point found, choosing current line center.
2022-04-26 17:39:30 - algorithm - WARNING: No safe point found, choosing current line center.
2022-04-26 17:39:30 - algorithm - WARNING: No safe point found, choosing current line center.
2022-04-26 17:39:31 - algorithm - WARNING: No safe point found, choosing current line center.
2022-04-26 17:39:31 - algorithm - WARNING: No safe point found, choosing current line center.
2022-04-26 17:39:31 - algorithm - WARNING: No safe point found, choosing current line center.
2022-04-26 17:39:31 - algorithm - WARNING: No safe point found, choosing current line center.
2022-04-26 17:39:31 - algorithm - WARNING: No safe point found, choosing current line center.
2022-04-26 17:39:31 - algorithm - WARNING: No safe point found, choosing current line center.
2022-04-26 17:39:31 - algorithm - WARNING: No safe point found, choosing current line center.
2022-04-26 17:39:31 - algorithm - WARNING: No safe point found, choosing current line center.
2022-04-26 17:39:31 - algorithm - WARNING: No safe point found, choosing current line center.
2022-04-26 17:39:31 - algorithm - WARNING: No safe point found, choosing current line center.
2022-04-26 17:39:31 - algorithm - WARNING: No safe point found, choosing current line center.
2022-04-26 17:39:31 - algorithm - WARNING: Uncertainty at best_x reduced to 1%, stopping line.
2022-04-26 17:39:31 - algorithm - INFO: best_x evaluate, y=1.4872064449007298
2022-04-26 17:39:32 - algorithm - INFO: starting 21, tr-solver.
2022-04-26 17:39:32 - algorithm - WARNING: predicted objective increase at best_x < 0.5%, picking random direction.
2022-04-26 17:39:32 - algorithm - INFO: best_x evaluate, y=1.4885010543924233
2022-04-26 17:39:32 - algorithm - INFO: starting 22, line-solver.
2022-04-26 17:39:33 - algorithm - WARNING: Uncertainty at best_x reduced to 1%, stopping line.
2022-04-26 17:39:34 - algorithm - INFO: best_x evaluate, y=1.4879405416564182
2022-04-26 17:39:34 - algorithm - INFO: starting 23, tr-solver.
2022-04-26 17:39:34 - controller - INFO: Finalizing environment...
2022-04-26 17:39:34 - controller - INFO: Finalizing: SafeAscentLineBO
2022-04-26 17:39:34 - controller - INFO: Initializing environment: febo.environment.benchmarks.functions.QP.
2022-04-26 17:39:34 - controller - INFO: Initializing algorithm: SafeAscentLineBO.
2022-04-26 17:39:34 - algorithm - INFO: Got 0 initial data points.
2022-04-26 17:39:34 - model - INFO: Using beta=4 .
2022-04-26 17:39:34 - model - INFO: Using beta=4 .
2022-04-26 17:39:34 - model - INFO: Using beta=4 .
2022-04-26 17:39:34 - model - INFO: Using beta=4 .
2022-04-26 17:39:34 - model - INFO: Using beta=4 .
2022-04-26 17:39:34 - model - INFO: Using beta=4 .
2022-04-26 17:39:34 - model - INFO: Using beta=4 .
2022-04-26 17:39:34 - model - INFO: Using beta=4 .
2022-04-26 17:39:34 - model - INFO: Using beta=4 .
2022-04-26 17:39:34 - algorithm - INFO: Got 0 initial data points.
2022-04-26 17:39:34 - model - INFO: Using beta=4 .
2022-04-26 17:39:34 - model - INFO: Using beta=4 .
2022-04-26 17:39:34 - model - INFO: Using beta=4 .
2022-04-26 17:39:34 - model - INFO: Using beta=4 .
2022-04-26 17:39:34 - model - INFO: Using beta=4 .
2022-04-26 17:39:34 - model - INFO: Using beta=4 .
2022-04-26 17:39:34 - model - INFO: Using beta=4 .
2022-04-26 17:39:34 - model - INFO: Using beta=4 .
2022-04-26 17:39:34 - model - INFO: Using beta=4 .
2022-04-26 17:39:34 - controller - INFO: Starting optimization: SafeAscentLineBO
2022-04-26 17:39:34 - algorithm - INFO: best_x evaluate, y=0.9999376575481911
2022-04-26 17:39:34 - algorithm - INFO: starting 1, tr-solver.
2022-04-26 17:39:34 - algorithm - INFO: best_x evaluate, y=1.0707058352186551
2022-04-26 17:39:34 - algorithm - INFO: starting 2, line-solver.
2022-04-26 17:39:35 - algorithm - WARNING: Uncertainty at best_x reduced to 1%, stopping line.
2022-04-26 17:39:35 - algorithm - INFO: best_x evaluate, y=1.2932940960402701
2022-04-26 17:39:35 - algorithm - INFO: starting 3, tr-solver.
2022-04-26 17:39:35 - algorithm - INFO: best_x evaluate, y=1.3025209880225261
2022-04-26 17:39:35 - algorithm - INFO: starting 4, line-solver.
2022-04-26 17:39:35 - algorithm - WARNING: Uncertainty at best_x reduced to 1%, stopping line.
2022-04-26 17:39:35 - algorithm - INFO: best_x evaluate, y=1.319905228602446
2022-04-26 17:39:36 - algorithm - INFO: starting 5, tr-solver.
2022-04-26 17:39:36 - algorithm - INFO: best_x evaluate, y=1.3248105174256968
2022-04-26 17:39:36 - algorithm - INFO: starting 6, line-solver.
2022-04-26 17:39:36 - algorithm - WARNING: Uncertainty at best_x reduced to 1%, stopping line.
2022-04-26 17:39:36 - algorithm - INFO: best_x evaluate, y=1.3509608702712306
2022-04-26 17:39:36 - algorithm - INFO: starting 7, tr-solver.
2022-04-26 17:39:37 - algorithm - INFO: best_x evaluate, y=1.3728320950499822
2022-04-26 17:39:37 - algorithm - INFO: starting 8, line-solver.
2022-04-26 17:39:37 - algorithm - WARNING: Uncertainty at best_x reduced to 1%, stopping line.
2022-04-26 17:39:37 - algorithm - INFO: best_x evaluate, y=1.4053629890671324
2022-04-26 17:39:37 - algorithm - INFO: starting 9, tr-solver.
2022-04-26 17:39:38 - algorithm - INFO: best_x evaluate, y=1.4211412882116563
2022-04-26 17:39:38 - algorithm - INFO: starting 10, line-solver.
2022-04-26 17:39:38 - algorithm - WARNING: Uncertainty at best_x reduced to 1%, stopping line.
2022-04-26 17:39:38 - algorithm - INFO: best_x evaluate, y=1.4441470577114468
2022-04-26 17:39:38 - algorithm - INFO: starting 11, tr-solver.
2022-04-26 17:39:39 - algorithm - INFO: best_x evaluate, y=1.4568064720248037
2022-04-26 17:39:39 - algorithm - INFO: starting 12, line-solver.
2022-04-26 17:39:39 - algorithm - WARNING: Uncertainty at best_x reduced to 1%, stopping line.
2022-04-26 17:39:39 - algorithm - INFO: best_x evaluate, y=1.4664410018656564
2022-04-26 17:39:39 - algorithm - INFO: starting 13, tr-solver.
2022-04-26 17:39:40 - algorithm - INFO: best_x evaluate, y=1.4746533752016897
2022-04-26 17:39:40 - algorithm - INFO: starting 14, line-solver.
2022-04-26 17:39:41 - algorithm - WARNING: Uncertainty at best_x reduced to 1%, stopping line.
2022-04-26 17:39:41 - algorithm - INFO: best_x evaluate, y=1.487717927667585
2022-04-26 17:39:41 - algorithm - INFO: starting 15, tr-solver.
2022-04-26 17:39:41 - algorithm - INFO: best_x evaluate, y=1.4970533170500315
2022-04-26 17:39:41 - algorithm - INFO: starting 16, line-solver.
2022-04-26 17:39:41 - algorithm - WARNING: No safe point found, choosing current line center.
2022-04-26 17:39:41 - algorithm - WARNING: No safe point found, choosing current line center.
2022-04-26 17:39:41 - algorithm - WARNING: No safe point found, choosing current line center.
2022-04-26 17:39:41 - algorithm - WARNING: No safe point found, choosing current line center.
2022-04-26 17:39:42 - algorithm - WARNING: Uncertainty at best_x reduced to 1%, stopping line.
2022-04-26 17:39:42 - algorithm - INFO: best_x evaluate, y=1.5034911939634255
2022-04-26 17:39:42 - algorithm - INFO: starting 17, tr-solver.
2022-04-26 17:39:43 - algorithm - WARNING: predicted objective increase at best_x < 0.5%, picking random direction.
2022-04-26 17:39:43 - algorithm - INFO: best_x evaluate, y=1.5116894344771834
2022-04-26 17:39:43 - algorithm - INFO: starting 18, line-solver.
2022-04-26 17:39:43 - algorithm - WARNING: No safe point found, choosing current line center.
2022-04-26 17:39:43 - algorithm - WARNING: No safe point found, choosing current line center.
2022-04-26 17:39:43 - algorithm - WARNING: Uncertainty at best_x reduced to 1%, stopping line.
2022-04-26 17:39:43 - algorithm - INFO: best_x evaluate, y=1.5132725366366466
2022-04-26 17:39:43 - algorithm - INFO: starting 19, tr-solver.
2022-04-26 17:39:44 - algorithm - WARNING: predicted objective increase at best_x < 0.5%, picking random direction.
2022-04-26 17:39:44 - algorithm - INFO: best_x evaluate, y=1.5185302961539424
2022-04-26 17:39:44 - algorithm - INFO: starting 20, line-solver.
2022-04-26 17:39:44 - algorithm - WARNING: No safe point found, choosing current line center.
2022-04-26 17:39:44 - algorithm - WARNING: No safe point found, choosing current line center.
2022-04-26 17:39:45 - algorithm - WARNING: Uncertainty at best_x reduced to 1%, stopping line.
2022-04-26 17:39:45 - algorithm - INFO: best_x evaluate, y=1.5224655286453384
2022-04-26 17:39:45 - algorithm - INFO: starting 21, tr-solver.
2022-04-26 17:39:45 - algorithm - WARNING: predicted objective increase at best_x < 0.5%, picking random direction.
2022-04-26 17:39:46 - algorithm - INFO: best_x evaluate, y=1.5246428559985707
2022-04-26 17:39:46 - algorithm - INFO: starting 22, line-solver.
2022-04-26 17:39:46 - algorithm - WARNING: Uncertainty at best_x reduced to 1%, stopping line.
2022-04-26 17:39:46 - algorithm - INFO: best_x evaluate, y=1.5244945896612927
2022-04-26 17:39:46 - algorithm - INFO: starting 23, tr-solver.
2022-04-26 17:39:47 - algorithm - WARNING: predicted objective increase at best_x < 0.5%, picking random direction.
2022-04-26 17:39:47 - controller - INFO: Finalizing environment...
2022-04-26 17:39:47 - controller - INFO: Finalizing: SafeAscentLineBO
