2022-04-26 17:19:17 - experiment - INFO: Created a new experiment in runs/QP_2a.
2022-04-26 17:19:25 - experiment - INFO: Loaded experiment from runs/QP_2a.
2022-04-26 17:19:25 - controller - INFO: Initializing environment: febo.environment.benchmarks.functions.QP.
2022-04-26 17:19:25 - controller - INFO: Initializing algorithm: SafeAscentLineBO.
2022-04-26 17:19:25 - algorithm - INFO: Got 0 initial data points.
2022-04-26 17:19:25 - model - INFO: Using beta=4 .
2022-04-26 17:19:25 - model - INFO: Using beta=4 .
2022-04-26 17:19:25 - model - INFO: Using beta=4 .
2022-04-26 17:19:25 - model - INFO: Using beta=4 .
2022-04-26 17:19:25 - model - INFO: Using beta=4 .
2022-04-26 17:19:25 - algorithm - INFO: Got 0 initial data points.
2022-04-26 17:19:25 - model - INFO: Using beta=4 .
2022-04-26 17:19:25 - model - INFO: Using beta=4 .
2022-04-26 17:19:25 - model - INFO: Using beta=4 .
2022-04-26 17:19:25 - model - INFO: Using beta=4 .
2022-04-26 17:19:25 - model - INFO: Using beta=4 .
2022-04-26 17:19:25 - controller - INFO: Starting optimization: SafeAscentLineBO
2022-04-26 17:19:25 - algorithm - INFO: best_x evaluate, y=1.0001186968639093
2022-04-26 17:19:25 - algorithm - INFO: starting 1, tr-solver.
2022-04-26 17:19:25 - algorithm - INFO: best_x evaluate, y=1.0841584432310682
2022-04-26 17:19:25 - algorithm - INFO: starting 2, line-solver.
2022-04-26 17:19:26 - algorithm - WARNING: Uncertainty at best_x reduced to 1%, stopping line.
2022-04-26 17:19:26 - algorithm - INFO: best_x evaluate, y=1.6585470636915514
2022-04-26 17:19:26 - algorithm - INFO: starting 3, tr-solver.
2022-04-26 17:19:26 - algorithm - INFO: best_x evaluate, y=1.6903317084100695
2022-04-26 17:19:26 - algorithm - INFO: starting 4, line-solver.
2022-04-26 17:19:26 - algorithm - WARNING: Uncertainty at best_x reduced to 1%, stopping line.
2022-04-26 17:19:26 - algorithm - INFO: best_x evaluate, y=1.7294741504917592
2022-04-26 17:19:26 - algorithm - INFO: starting 5, tr-solver.
2022-04-26 17:19:26 - algorithm - INFO: best_x evaluate, y=1.7502301891636018
2022-04-26 17:19:26 - algorithm - INFO: starting 6, line-solver.
2022-04-26 17:19:26 - algorithm - WARNING: Uncertainty at best_x reduced to 1%, stopping line.
2022-04-26 17:19:26 - algorithm - INFO: best_x evaluate, y=1.7582660397830465
2022-04-26 17:19:26 - algorithm - INFO: starting 7, tr-solver.
2022-04-26 17:19:26 - algorithm - WARNING: predicted objective increase at best_x < 0.5%, picking random direction.
2022-04-26 17:19:26 - algorithm - INFO: best_x evaluate, y=1.7669669903751901
2022-04-26 17:19:26 - algorithm - INFO: starting 8, line-solver.
2022-04-26 17:19:26 - algorithm - WARNING: No safe point found, choosing current line center.
2022-04-26 17:19:26 - algorithm - WARNING: Uncertainty at best_x reduced to 1%, stopping line.
2022-04-26 17:19:26 - algorithm - INFO: best_x evaluate, y=1.78132620611043
2022-04-26 17:19:27 - algorithm - INFO: starting 9, tr-solver.
2022-04-26 17:19:27 - algorithm - WARNING: predicted objective increase at best_x < 0.5%, picking random direction.
2022-04-26 17:19:27 - algorithm - INFO: best_x evaluate, y=1.784712799164424
2022-04-26 17:19:27 - algorithm - INFO: starting 10, line-solver.
2022-04-26 17:19:27 - algorithm - WARNING: Uncertainty at best_x reduced to 1%, stopping line.
2022-04-26 17:19:27 - algorithm - INFO: best_x evaluate, y=1.786227456703965
2022-04-26 17:19:27 - algorithm - INFO: starting 11, tr-solver.
2022-04-26 17:19:27 - algorithm - WARNING: predicted objective increase at best_x < 0.5%, picking random direction.
2022-04-26 17:19:27 - algorithm - INFO: best_x evaluate, y=1.793039659194167
2022-04-26 17:19:27 - algorithm - INFO: starting 12, line-solver.
2022-04-26 17:19:27 - algorithm - WARNING: Uncertainty at best_x reduced to 1%, stopping line.
2022-04-26 17:19:27 - algorithm - INFO: best_x evaluate, y=1.791673142810359
2022-04-26 17:19:27 - algorithm - INFO: starting 13, tr-solver.
2022-04-26 17:19:27 - algorithm - WARNING: change in best_x < 2% of trust-region, picking random direction.
2022-04-26 17:19:27 - algorithm - INFO: best_x evaluate, y=1.795443377173178
2022-04-26 17:19:27 - algorithm - INFO: starting 14, line-solver.
2022-04-26 17:19:28 - algorithm - WARNING: Uncertainty at best_x reduced to 1%, stopping line.
2022-04-26 17:19:28 - algorithm - INFO: best_x evaluate, y=1.7972261630029314
2022-04-26 17:19:28 - algorithm - INFO: starting 15, tr-solver.
2022-04-26 17:19:28 - controller - INFO: Finalizing environment...
2022-04-26 17:19:28 - controller - INFO: Finalizing: SafeAscentLineBO
2022-04-26 17:19:28 - controller - INFO: Initializing environment: febo.environment.benchmarks.functions.QP.
2022-04-26 17:19:28 - controller - INFO: Initializing algorithm: SafeAscentLineBO.
2022-04-26 17:19:28 - algorithm - INFO: Got 0 initial data points.
2022-04-26 17:19:28 - model - INFO: Using beta=4 .
2022-04-26 17:19:28 - model - INFO: Using beta=4 .
2022-04-26 17:19:28 - model - INFO: Using beta=4 .
2022-04-26 17:19:28 - model - INFO: Using beta=4 .
2022-04-26 17:19:28 - model - INFO: Using beta=4 .
2022-04-26 17:19:28 - algorithm - INFO: Got 0 initial data points.
2022-04-26 17:19:28 - model - INFO: Using beta=4 .
2022-04-26 17:19:28 - model - INFO: Using beta=4 .
2022-04-26 17:19:28 - model - INFO: Using beta=4 .
2022-04-26 17:19:28 - model - INFO: Using beta=4 .
2022-04-26 17:19:28 - model - INFO: Using beta=4 .
2022-04-26 17:19:28 - controller - INFO: Starting optimization: SafeAscentLineBO
2022-04-26 17:19:28 - algorithm - INFO: best_x evaluate, y=1.0001860829277698
2022-04-26 17:19:28 - algorithm - INFO: starting 1, tr-solver.
2022-04-26 17:19:28 - algorithm - INFO: best_x evaluate, y=1.141335469310738
2022-04-26 17:19:28 - algorithm - INFO: starting 2, line-solver.
2022-04-26 17:19:28 - algorithm - WARNING: Uncertainty at best_x reduced to 1%, stopping line.
2022-04-26 17:19:28 - algorithm - INFO: best_x evaluate, y=1.537556658883243
2022-04-26 17:19:28 - algorithm - INFO: starting 3, tr-solver.
2022-04-26 17:19:28 - algorithm - INFO: best_x evaluate, y=1.5546602304911257
2022-04-26 17:19:28 - algorithm - INFO: starting 4, line-solver.
2022-04-26 17:19:28 - algorithm - WARNING: Uncertainty at best_x reduced to 1%, stopping line.
2022-04-26 17:19:28 - algorithm - INFO: best_x evaluate, y=1.657725217509093
2022-04-26 17:19:28 - algorithm - INFO: starting 5, tr-solver.
2022-04-26 17:19:28 - algorithm - INFO: best_x evaluate, y=1.6945329147396082
2022-04-26 17:19:28 - algorithm - INFO: starting 6, line-solver.
2022-04-26 17:19:28 - algorithm - WARNING: Uncertainty at best_x reduced to 1%, stopping line.
2022-04-26 17:19:28 - algorithm - INFO: best_x evaluate, y=1.7047566496347513
2022-04-26 17:19:29 - algorithm - INFO: starting 7, tr-solver.
2022-04-26 17:19:29 - algorithm - INFO: best_x evaluate, y=1.7367292355743391
2022-04-26 17:19:29 - algorithm - INFO: starting 8, line-solver.
2022-04-26 17:19:29 - algorithm - WARNING: Uncertainty at best_x reduced to 1%, stopping line.
2022-04-26 17:19:29 - algorithm - INFO: best_x evaluate, y=1.7375507230488332
2022-04-26 17:19:29 - algorithm - INFO: starting 9, tr-solver.
2022-04-26 17:19:29 - algorithm - INFO: best_x evaluate, y=1.7523596933069463
2022-04-26 17:19:29 - algorithm - INFO: starting 10, line-solver.
2022-04-26 17:19:29 - algorithm - WARNING: Uncertainty at best_x reduced to 1%, stopping line.
2022-04-26 17:19:29 - algorithm - INFO: best_x evaluate, y=1.7573123283788217
2022-04-26 17:19:29 - algorithm - INFO: starting 11, tr-solver.
2022-04-26 17:19:29 - algorithm - WARNING: predicted objective increase at best_x < 0.5%, picking random direction.
2022-04-26 17:19:29 - algorithm - INFO: best_x evaluate, y=1.7663510778584066
2022-04-26 17:19:29 - algorithm - INFO: starting 12, line-solver.
2022-04-26 17:19:30 - algorithm - WARNING: Uncertainty at best_x reduced to 1%, stopping line.
2022-04-26 17:19:30 - algorithm - INFO: best_x evaluate, y=1.774548763746716
2022-04-26 17:19:30 - algorithm - INFO: starting 13, tr-solver.
2022-04-26 17:19:30 - algorithm - WARNING: predicted objective increase at best_x < 0.5%, picking random direction.
2022-04-26 17:19:30 - algorithm - INFO: best_x evaluate, y=1.7801284256081988
2022-04-26 17:19:30 - algorithm - INFO: starting 14, line-solver.
2022-04-26 17:19:30 - algorithm - WARNING: Uncertainty at best_x reduced to 1%, stopping line.
2022-04-26 17:19:30 - algorithm - INFO: best_x evaluate, y=1.778912315611265
2022-04-26 17:19:30 - algorithm - INFO: starting 15, tr-solver.
2022-04-26 17:19:30 - controller - INFO: Finalizing environment...
2022-04-26 17:19:30 - controller - INFO: Finalizing: SafeAscentLineBO
2022-04-26 17:19:30 - controller - INFO: Initializing environment: febo.environment.benchmarks.functions.QP.
2022-04-26 17:19:30 - controller - INFO: Initializing algorithm: SafeAscentLineBO.
2022-04-26 17:19:30 - algorithm - INFO: Got 0 initial data points.
2022-04-26 17:19:30 - model - INFO: Using beta=4 .
2022-04-26 17:19:30 - model - INFO: Using beta=4 .
2022-04-26 17:19:30 - model - INFO: Using beta=4 .
2022-04-26 17:19:30 - model - INFO: Using beta=4 .
2022-04-26 17:19:30 - model - INFO: Using beta=4 .
2022-04-26 17:19:30 - algorithm - INFO: Got 0 initial data points.
2022-04-26 17:19:30 - model - INFO: Using beta=4 .
2022-04-26 17:19:30 - model - INFO: Using beta=4 .
2022-04-26 17:19:30 - model - INFO: Using beta=4 .
2022-04-26 17:19:30 - model - INFO: Using beta=4 .
2022-04-26 17:19:30 - model - INFO: Using beta=4 .
2022-04-26 17:19:30 - controller - INFO: Starting optimization: SafeAscentLineBO
2022-04-26 17:19:30 - algorithm - INFO: best_x evaluate, y=0.9990087375397307
2022-04-26 17:19:30 - algorithm - INFO: starting 1, tr-solver.
2022-04-26 17:19:30 - algorithm - INFO: best_x evaluate, y=1.139653493457505
2022-04-26 17:19:30 - algorithm - INFO: starting 2, line-solver.
2022-04-26 17:19:30 - algorithm - WARNING: Uncertainty at best_x reduced to 1%, stopping line.
2022-04-26 17:19:30 - algorithm - INFO: best_x evaluate, y=1.5232927269711984
2022-04-26 17:19:30 - algorithm - INFO: starting 3, tr-solver.
2022-04-26 17:19:30 - algorithm - INFO: best_x evaluate, y=1.5604461587222807
2022-04-26 17:19:30 - algorithm - INFO: starting 4, line-solver.
2022-04-26 17:19:30 - algorithm - WARNING: Uncertainty at best_x reduced to 1%, stopping line.
2022-04-26 17:19:31 - algorithm - INFO: best_x evaluate, y=1.6317211494689277
2022-04-26 17:19:31 - algorithm - INFO: starting 5, tr-solver.
2022-04-26 17:19:31 - algorithm - INFO: best_x evaluate, y=1.6903941518130123
2022-04-26 17:19:31 - algorithm - INFO: starting 6, line-solver.
2022-04-26 17:19:31 - algorithm - WARNING: Uncertainty at best_x reduced to 1%, stopping line.
2022-04-26 17:19:31 - algorithm - INFO: best_x evaluate, y=1.7147774774400713
2022-04-26 17:19:31 - algorithm - INFO: starting 7, tr-solver.
2022-04-26 17:19:31 - algorithm - INFO: best_x evaluate, y=1.741804680516409
2022-04-26 17:19:31 - algorithm - INFO: starting 8, line-solver.
2022-04-26 17:19:31 - algorithm - WARNING: Uncertainty at best_x reduced to 1%, stopping line.
2022-04-26 17:19:31 - algorithm - INFO: best_x evaluate, y=1.7584073758156271
2022-04-26 17:19:31 - algorithm - INFO: starting 9, tr-solver.
2022-04-26 17:19:31 - algorithm - INFO: best_x evaluate, y=1.7704844840221792
2022-04-26 17:19:31 - algorithm - INFO: starting 10, line-solver.
2022-04-26 17:19:31 - algorithm - WARNING: Uncertainty at best_x reduced to 1%, stopping line.
2022-04-26 17:19:31 - algorithm - INFO: best_x evaluate, y=1.7721712009205448
2022-04-26 17:19:31 - algorithm - INFO: starting 11, tr-solver.
2022-04-26 17:19:32 - algorithm - WARNING: predicted objective increase at best_x < 0.5%, picking random direction.
2022-04-26 17:19:32 - algorithm - INFO: best_x evaluate, y=1.7772730977145166
2022-04-26 17:19:32 - algorithm - INFO: starting 12, line-solver.
2022-04-26 17:19:32 - algorithm - WARNING: Uncertainty at best_x reduced to 1%, stopping line.
2022-04-26 17:19:32 - algorithm - INFO: best_x evaluate, y=1.7778485402021975
2022-04-26 17:19:32 - algorithm - INFO: starting 13, tr-solver.
2022-04-26 17:19:32 - algorithm - WARNING: predicted objective increase at best_x < 0.5%, picking random direction.
2022-04-26 17:19:32 - algorithm - INFO: best_x evaluate, y=1.7860178537456395
2022-04-26 17:19:32 - algorithm - INFO: starting 14, line-solver.
2022-04-26 17:19:32 - algorithm - WARNING: Uncertainty at best_x reduced to 1%, stopping line.
2022-04-26 17:19:32 - algorithm - INFO: best_x evaluate, y=1.7883021476487213
2022-04-26 17:19:32 - algorithm - INFO: starting 15, tr-solver.
2022-04-26 17:19:32 - controller - INFO: Finalizing environment...
2022-04-26 17:19:32 - controller - INFO: Finalizing: SafeAscentLineBO
2022-04-26 17:19:32 - controller - INFO: Initializing environment: febo.environment.benchmarks.functions.QP.
2022-04-26 17:19:32 - controller - INFO: Initializing algorithm: SafeAscentLineBO.
2022-04-26 17:19:32 - algorithm - INFO: Got 0 initial data points.
2022-04-26 17:19:32 - model - INFO: Using beta=4 .
2022-04-26 17:19:32 - model - INFO: Using beta=4 .
2022-04-26 17:19:32 - model - INFO: Using beta=4 .
2022-04-26 17:19:32 - model - INFO: Using beta=4 .
2022-04-26 17:19:32 - model - INFO: Using beta=4 .
2022-04-26 17:19:32 - algorithm - INFO: Got 0 initial data points.
2022-04-26 17:19:32 - model - INFO: Using beta=4 .
2022-04-26 17:19:32 - model - INFO: Using beta=4 .
2022-04-26 17:19:32 - model - INFO: Using beta=4 .
2022-04-26 17:19:32 - model - INFO: Using beta=4 .
2022-04-26 17:19:32 - model - INFO: Using beta=4 .
2022-04-26 17:19:32 - controller - INFO: Starting optimization: SafeAscentLineBO
2022-04-26 17:19:32 - algorithm - INFO: best_x evaluate, y=1.002125668626398
2022-04-26 17:19:32 - algorithm - INFO: starting 1, tr-solver.
2022-04-26 17:19:32 - algorithm - INFO: best_x evaluate, y=1.0972738221496925
2022-04-26 17:19:32 - algorithm - INFO: starting 2, line-solver.
2022-04-26 17:19:33 - algorithm - WARNING: Uncertainty at best_x reduced to 1%, stopping line.
2022-04-26 17:19:33 - algorithm - INFO: best_x evaluate, y=1.4586609189974646
2022-04-26 17:19:33 - algorithm - INFO: starting 3, tr-solver.
2022-04-26 17:19:33 - algorithm - INFO: best_x evaluate, y=1.4811495296179935
2022-04-26 17:19:33 - algorithm - INFO: starting 4, line-solver.
2022-04-26 17:19:33 - algorithm - WARNING: Uncertainty at best_x reduced to 1%, stopping line.
2022-04-26 17:19:33 - algorithm - INFO: best_x evaluate, y=1.5763010683129306
2022-04-26 17:19:33 - algorithm - INFO: starting 5, tr-solver.
2022-04-26 17:19:33 - algorithm - INFO: best_x evaluate, y=1.6473384760134127
2022-04-26 17:19:33 - algorithm - INFO: starting 6, line-solver.
2022-04-26 17:19:33 - algorithm - WARNING: Uncertainty at best_x reduced to 1%, stopping line.
2022-04-26 17:19:33 - algorithm - INFO: best_x evaluate, y=1.6885496580177906
2022-04-26 17:19:33 - algorithm - INFO: starting 7, tr-solver.
2022-04-26 17:19:33 - algorithm - INFO: best_x evaluate, y=1.730447467856138
2022-04-26 17:19:33 - algorithm - INFO: starting 8, line-solver.
2022-04-26 17:19:33 - algorithm - WARNING: Uncertainty at best_x reduced to 1%, stopping line.
2022-04-26 17:19:33 - algorithm - INFO: best_x evaluate, y=1.7329138561377124
2022-04-26 17:19:33 - algorithm - INFO: starting 9, tr-solver.
2022-04-26 17:19:33 - algorithm - INFO: best_x evaluate, y=1.7503861761842134
2022-04-26 17:19:33 - algorithm - INFO: starting 10, line-solver.
2022-04-26 17:19:34 - algorithm - WARNING: Uncertainty at best_x reduced to 1%, stopping line.
2022-04-26 17:19:34 - algorithm - INFO: best_x evaluate, y=1.7652826591453226
2022-04-26 17:19:34 - algorithm - INFO: starting 11, tr-solver.
2022-04-26 17:19:34 - algorithm - WARNING: predicted objective increase at best_x < 0.5%, picking random direction.
2022-04-26 17:19:34 - algorithm - INFO: best_x evaluate, y=1.7748407580299312
2022-04-26 17:19:34 - algorithm - INFO: starting 12, line-solver.
2022-04-26 17:19:34 - algorithm - WARNING: No safe point found, choosing current line center.
2022-04-26 17:19:34 - algorithm - WARNING: No safe point found, choosing current line center.
2022-04-26 17:19:34 - algorithm - WARNING: Uncertainty at best_x reduced to 1%, stopping line.
2022-04-26 17:19:34 - algorithm - INFO: best_x evaluate, y=1.7780820884124389
2022-04-26 17:19:34 - algorithm - INFO: starting 13, tr-solver.
2022-04-26 17:19:34 - algorithm - WARNING: predicted objective increase at best_x < 0.5%, picking random direction.
2022-04-26 17:19:34 - algorithm - INFO: best_x evaluate, y=1.7833989708790798
2022-04-26 17:19:34 - algorithm - INFO: starting 14, line-solver.
2022-04-26 17:19:34 - algorithm - WARNING: Uncertainty at best_x reduced to 1%, stopping line.
2022-04-26 17:19:35 - algorithm - INFO: best_x evaluate, y=1.7864852184800788
2022-04-26 17:19:35 - algorithm - INFO: starting 15, tr-solver.
2022-04-26 17:19:35 - controller - INFO: Finalizing environment...
2022-04-26 17:19:35 - controller - INFO: Finalizing: SafeAscentLineBO
2022-04-26 17:19:35 - controller - INFO: Initializing environment: febo.environment.benchmarks.functions.QP.
2022-04-26 17:19:35 - controller - INFO: Initializing algorithm: SafeAscentLineBO.
2022-04-26 17:19:35 - algorithm - INFO: Got 0 initial data points.
2022-04-26 17:19:35 - model - INFO: Using beta=4 .
2022-04-26 17:19:35 - model - INFO: Using beta=4 .
2022-04-26 17:19:35 - model - INFO: Using beta=4 .
2022-04-26 17:19:35 - model - INFO: Using beta=4 .
2022-04-26 17:19:35 - model - INFO: Using beta=4 .
2022-04-26 17:19:35 - algorithm - INFO: Got 0 initial data points.
2022-04-26 17:19:35 - model - INFO: Using beta=4 .
2022-04-26 17:19:35 - model - INFO: Using beta=4 .
2022-04-26 17:19:35 - model - INFO: Using beta=4 .
2022-04-26 17:19:35 - model - INFO: Using beta=4 .
2022-04-26 17:19:35 - model - INFO: Using beta=4 .
2022-04-26 17:19:35 - controller - INFO: Starting optimization: SafeAscentLineBO
2022-04-26 17:19:35 - algorithm - INFO: best_x evaluate, y=0.9992848072344002
2022-04-26 17:19:35 - algorithm - INFO: starting 1, tr-solver.
2022-04-26 17:19:35 - algorithm - INFO: best_x evaluate, y=1.0900201498384543
2022-04-26 17:19:35 - algorithm - INFO: starting 2, line-solver.
2022-04-26 17:19:35 - algorithm - WARNING: Uncertainty at best_x reduced to 1%, stopping line.
2022-04-26 17:19:35 - algorithm - INFO: best_x evaluate, y=1.6177808235823354
2022-04-26 17:19:35 - algorithm - INFO: starting 3, tr-solver.
2022-04-26 17:19:35 - algorithm - INFO: best_x evaluate, y=1.6567173399677169
2022-04-26 17:19:35 - algorithm - INFO: starting 4, line-solver.
2022-04-26 17:19:35 - algorithm - WARNING: Uncertainty at best_x reduced to 1%, stopping line.
2022-04-26 17:19:35 - algorithm - INFO: best_x evaluate, y=1.6986426578316705
2022-04-26 17:19:35 - algorithm - INFO: starting 5, tr-solver.
2022-04-26 17:19:35 - algorithm - INFO: best_x evaluate, y=1.7119602290250149
2022-04-26 17:19:35 - algorithm - INFO: starting 6, line-solver.
2022-04-26 17:19:35 - algorithm - WARNING: Uncertainty at best_x reduced to 1%, stopping line.
2022-04-26 17:19:35 - algorithm - INFO: best_x evaluate, y=1.7254345527594366
2022-04-26 17:19:35 - algorithm - INFO: starting 7, tr-solver.
2022-04-26 17:19:35 - algorithm - INFO: best_x evaluate, y=1.748578381475634
2022-04-26 17:19:35 - algorithm - INFO: starting 8, line-solver.
2022-04-26 17:19:35 - algorithm - WARNING: No safe point found, choosing current line center.
2022-04-26 17:19:36 - algorithm - WARNING: Uncertainty at best_x reduced to 1%, stopping line.
2022-04-26 17:19:36 - algorithm - INFO: best_x evaluate, y=1.7520336562761618
2022-04-26 17:19:36 - algorithm - INFO: starting 9, tr-solver.
2022-04-26 17:19:36 - algorithm - INFO: best_x evaluate, y=1.7650145645048037
2022-04-26 17:19:36 - algorithm - INFO: starting 10, line-solver.
2022-04-26 17:19:36 - algorithm - WARNING: Uncertainty at best_x reduced to 1%, stopping line.
2022-04-26 17:19:36 - algorithm - INFO: best_x evaluate, y=1.7758977382922598
2022-04-26 17:19:36 - algorithm - INFO: starting 11, tr-solver.
2022-04-26 17:19:36 - algorithm - WARNING: predicted objective increase at best_x < 0.5%, picking random direction.
2022-04-26 17:19:36 - algorithm - INFO: best_x evaluate, y=1.780377419845448
2022-04-26 17:19:36 - algorithm - INFO: starting 12, line-solver.
2022-04-26 17:19:36 - algorithm - WARNING: No safe point found, choosing current line center.
2022-04-26 17:19:36 - algorithm - WARNING: Uncertainty at best_x reduced to 1%, stopping line.
2022-04-26 17:19:36 - algorithm - INFO: best_x evaluate, y=1.7829194785011107
2022-04-26 17:19:36 - algorithm - INFO: starting 13, tr-solver.
2022-04-26 17:19:37 - algorithm - WARNING: predicted objective increase at best_x < 0.5%, picking random direction.
2022-04-26 17:19:37 - algorithm - INFO: best_x evaluate, y=1.7892805959768845
2022-04-26 17:19:37 - algorithm - INFO: starting 14, line-solver.
2022-04-26 17:19:37 - algorithm - WARNING: No safe point found, choosing current line center.
2022-04-26 17:19:37 - algorithm - WARNING: No safe point found, choosing current line center.
2022-04-26 17:19:37 - algorithm - WARNING: No safe point found, choosing current line center.
2022-04-26 17:19:37 - algorithm - WARNING: No safe point found, choosing current line center.
2022-04-26 17:19:37 - algorithm - WARNING: No safe point found, choosing current line center.
2022-04-26 17:19:37 - algorithm - WARNING: No safe point found, choosing current line center.
2022-04-26 17:19:37 - algorithm - WARNING: No safe point found, choosing current line center.
2022-04-26 17:19:37 - algorithm - WARNING: No safe point found, choosing current line center.
2022-04-26 17:19:37 - algorithm - WARNING: Uncertainty at best_x reduced to 1%, stopping line.
2022-04-26 17:19:37 - algorithm - INFO: best_x evaluate, y=1.7943237657999775
2022-04-26 17:19:37 - algorithm - INFO: starting 15, tr-solver.
2022-04-26 17:19:37 - controller - INFO: Finalizing environment...
2022-04-26 17:19:37 - controller - INFO: Finalizing: SafeAscentLineBO
2022-04-26 17:19:37 - controller - INFO: Initializing environment: febo.environment.benchmarks.functions.QP.
2022-04-26 17:19:37 - controller - INFO: Initializing algorithm: SafeAscentLineBO.
2022-04-26 17:19:37 - algorithm - INFO: Got 0 initial data points.
2022-04-26 17:19:37 - model - INFO: Using beta=4 .
2022-04-26 17:19:37 - model - INFO: Using beta=4 .
2022-04-26 17:19:37 - model - INFO: Using beta=4 .
2022-04-26 17:19:37 - model - INFO: Using beta=4 .
2022-04-26 17:19:37 - model - INFO: Using beta=4 .
2022-04-26 17:19:37 - algorithm - INFO: Got 0 initial data points.
2022-04-26 17:19:37 - model - INFO: Using beta=4 .
2022-04-26 17:19:37 - model - INFO: Using beta=4 .
2022-04-26 17:19:37 - model - INFO: Using beta=4 .
2022-04-26 17:19:37 - model - INFO: Using beta=4 .
2022-04-26 17:19:37 - model - INFO: Using beta=4 .
2022-04-26 17:19:37 - controller - INFO: Starting optimization: SafeAscentLineBO
2022-04-26 17:19:37 - algorithm - INFO: best_x evaluate, y=0.9985435481349412
2022-04-26 17:19:37 - algorithm - INFO: starting 1, tr-solver.
2022-04-26 17:19:37 - algorithm - INFO: best_x evaluate, y=1.1156056490408637
2022-04-26 17:19:37 - algorithm - INFO: starting 2, line-solver.
2022-04-26 17:19:37 - algorithm - WARNING: Uncertainty at best_x reduced to 1%, stopping line.
2022-04-26 17:19:37 - algorithm - INFO: best_x evaluate, y=1.4510735305824807
2022-04-26 17:19:37 - algorithm - INFO: starting 3, tr-solver.
2022-04-26 17:19:37 - algorithm - INFO: best_x evaluate, y=1.4787563891917364
2022-04-26 17:19:37 - algorithm - INFO: starting 4, line-solver.
2022-04-26 17:19:37 - algorithm - WARNING: Uncertainty at best_x reduced to 1%, stopping line.
2022-04-26 17:19:37 - algorithm - INFO: best_x evaluate, y=1.5821496562060204
2022-04-26 17:19:37 - algorithm - INFO: starting 5, tr-solver.
2022-04-26 17:19:37 - algorithm - INFO: best_x evaluate, y=1.624973127764954
2022-04-26 17:19:38 - algorithm - INFO: starting 6, line-solver.
2022-04-26 17:19:38 - algorithm - WARNING: Uncertainty at best_x reduced to 1%, stopping line.
2022-04-26 17:19:38 - algorithm - INFO: best_x evaluate, y=1.6714175960352442
2022-04-26 17:19:38 - algorithm - INFO: starting 7, tr-solver.
2022-04-26 17:19:38 - algorithm - INFO: best_x evaluate, y=1.7140648501544815
2022-04-26 17:19:38 - algorithm - INFO: starting 8, line-solver.
2022-04-26 17:19:38 - algorithm - WARNING: Uncertainty at best_x reduced to 1%, stopping line.
2022-04-26 17:19:38 - algorithm - INFO: best_x evaluate, y=1.7475938666588287
2022-04-26 17:19:38 - algorithm - INFO: starting 9, tr-solver.
2022-04-26 17:19:38 - algorithm - INFO: best_x evaluate, y=1.759381891448791
2022-04-26 17:19:38 - algorithm - INFO: starting 10, line-solver.
2022-04-26 17:19:38 - algorithm - WARNING: Uncertainty at best_x reduced to 1%, stopping line.
2022-04-26 17:19:38 - algorithm - INFO: best_x evaluate, y=1.7627136210299694
2022-04-26 17:19:38 - algorithm - INFO: starting 11, tr-solver.
2022-04-26 17:19:38 - algorithm - INFO: best_x evaluate, y=1.7761275281702555
2022-04-26 17:19:38 - algorithm - INFO: starting 12, line-solver.
2022-04-26 17:19:39 - algorithm - WARNING: Uncertainty at best_x reduced to 1%, stopping line.
2022-04-26 17:19:39 - algorithm - INFO: best_x evaluate, y=1.7763446345566927
2022-04-26 17:19:39 - algorithm - INFO: starting 13, tr-solver.
2022-04-26 17:19:39 - algorithm - WARNING: predicted objective increase at best_x < 0.5%, picking random direction.
2022-04-26 17:19:39 - algorithm - INFO: best_x evaluate, y=1.7819854736428022
2022-04-26 17:19:39 - algorithm - INFO: starting 14, line-solver.
2022-04-26 17:19:39 - algorithm - WARNING: No safe point found, choosing current line center.
2022-04-26 17:19:39 - algorithm - WARNING: Uncertainty at best_x reduced to 1%, stopping line.
2022-04-26 17:19:39 - algorithm - INFO: best_x evaluate, y=1.7825793992792203
2022-04-26 17:19:39 - algorithm - INFO: starting 15, tr-solver.
2022-04-26 17:19:39 - controller - INFO: Finalizing environment...
2022-04-26 17:19:39 - controller - INFO: Finalizing: SafeAscentLineBO
2022-04-26 17:19:39 - controller - INFO: Initializing environment: febo.environment.benchmarks.functions.QP.
2022-04-26 17:19:39 - controller - INFO: Initializing algorithm: SafeAscentLineBO.
2022-04-26 17:19:39 - algorithm - INFO: Got 0 initial data points.
2022-04-26 17:19:39 - model - INFO: Using beta=4 .
2022-04-26 17:19:39 - model - INFO: Using beta=4 .
2022-04-26 17:19:39 - model - INFO: Using beta=4 .
2022-04-26 17:19:39 - model - INFO: Using beta=4 .
2022-04-26 17:19:39 - model - INFO: Using beta=4 .
2022-04-26 17:19:39 - algorithm - INFO: Got 0 initial data points.
2022-04-26 17:19:39 - model - INFO: Using beta=4 .
2022-04-26 17:19:39 - model - INFO: Using beta=4 .
2022-04-26 17:19:39 - model - INFO: Using beta=4 .
2022-04-26 17:19:39 - model - INFO: Using beta=4 .
2022-04-26 17:19:39 - model - INFO: Using beta=4 .
2022-04-26 17:19:39 - controller - INFO: Starting optimization: SafeAscentLineBO
2022-04-26 17:19:39 - algorithm - INFO: best_x evaluate, y=0.9996952631067104
2022-04-26 17:19:39 - algorithm - INFO: starting 1, tr-solver.
2022-04-26 17:19:39 - algorithm - INFO: best_x evaluate, y=1.123969951937315
2022-04-26 17:19:39 - algorithm - INFO: starting 2, line-solver.
2022-04-26 17:19:39 - algorithm - WARNING: Uncertainty at best_x reduced to 1%, stopping line.
2022-04-26 17:19:39 - algorithm - INFO: best_x evaluate, y=1.4177804783831947
2022-04-26 17:19:39 - algorithm - INFO: starting 3, tr-solver.
2022-04-26 17:19:40 - algorithm - INFO: best_x evaluate, y=1.4432094230318024
2022-04-26 17:19:40 - algorithm - INFO: starting 4, line-solver.
2022-04-26 17:19:40 - algorithm - WARNING: Uncertainty at best_x reduced to 1%, stopping line.
2022-04-26 17:19:40 - algorithm - INFO: best_x evaluate, y=1.5854985880487136
2022-04-26 17:19:40 - algorithm - INFO: starting 5, tr-solver.
2022-04-26 17:19:40 - algorithm - INFO: best_x evaluate, y=1.6458964083567602
2022-04-26 17:19:40 - algorithm - INFO: starting 6, line-solver.
2022-04-26 17:19:40 - algorithm - WARNING: Uncertainty at best_x reduced to 1%, stopping line.
2022-04-26 17:19:40 - algorithm - INFO: best_x evaluate, y=1.677714746859555
2022-04-26 17:19:40 - algorithm - INFO: starting 7, tr-solver.
2022-04-26 17:19:40 - algorithm - INFO: best_x evaluate, y=1.7246346890004067
2022-04-26 17:19:40 - algorithm - INFO: starting 8, line-solver.
2022-04-26 17:19:40 - algorithm - WARNING: Uncertainty at best_x reduced to 1%, stopping line.
2022-04-26 17:19:40 - algorithm - INFO: best_x evaluate, y=1.7300146815807993
2022-04-26 17:19:40 - algorithm - INFO: starting 9, tr-solver.
2022-04-26 17:19:40 - algorithm - INFO: best_x evaluate, y=1.7443262401446056
2022-04-26 17:19:40 - algorithm - INFO: starting 10, line-solver.
2022-04-26 17:19:41 - algorithm - WARNING: Uncertainty at best_x reduced to 1%, stopping line.
2022-04-26 17:19:41 - algorithm - INFO: best_x evaluate, y=1.747302459150515
2022-04-26 17:19:41 - algorithm - INFO: starting 11, tr-solver.
2022-04-26 17:19:41 - algorithm - INFO: best_x evaluate, y=1.7588055380672194
2022-04-26 17:19:41 - algorithm - INFO: starting 12, line-solver.
2022-04-26 17:19:41 - algorithm - WARNING: Uncertainty at best_x reduced to 1%, stopping line.
2022-04-26 17:19:41 - algorithm - INFO: best_x evaluate, y=1.7733255096004619
2022-04-26 17:19:41 - algorithm - INFO: starting 13, tr-solver.
2022-04-26 17:19:41 - algorithm - WARNING: predicted objective increase at best_x < 0.5%, picking random direction.
2022-04-26 17:19:41 - algorithm - INFO: best_x evaluate, y=1.7789201018958958
2022-04-26 17:19:41 - algorithm - INFO: starting 14, line-solver.
2022-04-26 17:19:41 - algorithm - WARNING: No safe point found, choosing current line center.
2022-04-26 17:19:41 - algorithm - WARNING: No safe point found, choosing current line center.
2022-04-26 17:19:41 - algorithm - WARNING: No safe point found, choosing current line center.
2022-04-26 17:19:41 - algorithm - WARNING: Uncertainty at best_x reduced to 1%, stopping line.
2022-04-26 17:19:41 - algorithm - INFO: best_x evaluate, y=1.7814187287420795
2022-04-26 17:19:41 - algorithm - INFO: starting 15, tr-solver.
2022-04-26 17:19:41 - controller - INFO: Finalizing environment...
2022-04-26 17:19:41 - controller - INFO: Finalizing: SafeAscentLineBO
2022-04-26 17:19:41 - controller - INFO: Initializing environment: febo.environment.benchmarks.functions.QP.
2022-04-26 17:19:41 - controller - INFO: Initializing algorithm: SafeAscentLineBO.
2022-04-26 17:19:41 - algorithm - INFO: Got 0 initial data points.
2022-04-26 17:19:41 - model - INFO: Using beta=4 .
2022-04-26 17:19:41 - model - INFO: Using beta=4 .
2022-04-26 17:19:41 - model - INFO: Using beta=4 .
2022-04-26 17:19:41 - model - INFO: Using beta=4 .
2022-04-26 17:19:41 - model - INFO: Using beta=4 .
2022-04-26 17:19:41 - algorithm - INFO: Got 0 initial data points.
2022-04-26 17:19:41 - model - INFO: Using beta=4 .
2022-04-26 17:19:41 - model - INFO: Using beta=4 .
2022-04-26 17:19:41 - model - INFO: Using beta=4 .
2022-04-26 17:19:41 - model - INFO: Using beta=4 .
2022-04-26 17:19:41 - model - INFO: Using beta=4 .
2022-04-26 17:19:42 - controller - INFO: Starting optimization: SafeAscentLineBO
2022-04-26 17:19:42 - algorithm - INFO: best_x evaluate, y=1.0015111086163653
2022-04-26 17:19:42 - algorithm - INFO: starting 1, tr-solver.
2022-04-26 17:19:42 - algorithm - INFO: best_x evaluate, y=1.1325905104780567
2022-04-26 17:19:42 - algorithm - INFO: starting 2, line-solver.
2022-04-26 17:19:42 - algorithm - WARNING: Uncertainty at best_x reduced to 1%, stopping line.
2022-04-26 17:19:42 - algorithm - INFO: best_x evaluate, y=1.485165549272718
2022-04-26 17:19:42 - algorithm - INFO: starting 3, tr-solver.
2022-04-26 17:19:42 - algorithm - INFO: best_x evaluate, y=1.5181975422708263
2022-04-26 17:19:42 - algorithm - INFO: starting 4, line-solver.
2022-04-26 17:19:42 - algorithm - WARNING: Uncertainty at best_x reduced to 1%, stopping line.
2022-04-26 17:19:42 - algorithm - INFO: best_x evaluate, y=1.6217101119091195
2022-04-26 17:19:42 - algorithm - INFO: starting 5, tr-solver.
2022-04-26 17:19:42 - algorithm - INFO: best_x evaluate, y=1.6778084852829547
2022-04-26 17:19:42 - algorithm - INFO: starting 6, line-solver.
2022-04-26 17:19:42 - algorithm - WARNING: Uncertainty at best_x reduced to 1%, stopping line.
2022-04-26 17:19:42 - algorithm - INFO: best_x evaluate, y=1.6973678049049423
2022-04-26 17:19:42 - algorithm - INFO: starting 7, tr-solver.
2022-04-26 17:19:42 - algorithm - INFO: best_x evaluate, y=1.7367398862832486
2022-04-26 17:19:42 - algorithm - INFO: starting 8, line-solver.
2022-04-26 17:19:43 - algorithm - WARNING: Uncertainty at best_x reduced to 1%, stopping line.
2022-04-26 17:19:43 - algorithm - INFO: best_x evaluate, y=1.7394712672533823
2022-04-26 17:19:43 - algorithm - INFO: starting 9, tr-solver.
2022-04-26 17:19:43 - algorithm - INFO: best_x evaluate, y=1.753449341304552
2022-04-26 17:19:43 - algorithm - INFO: starting 10, line-solver.
2022-04-26 17:19:43 - algorithm - WARNING: Uncertainty at best_x reduced to 1%, stopping line.
2022-04-26 17:19:43 - algorithm - INFO: best_x evaluate, y=1.7603937575231214
2022-04-26 17:19:43 - algorithm - INFO: starting 11, tr-solver.
2022-04-26 17:19:43 - algorithm - INFO: best_x evaluate, y=1.7729581734358582
2022-04-26 17:19:43 - algorithm - INFO: starting 12, line-solver.
2022-04-26 17:19:43 - algorithm - WARNING: No safe point found, choosing current line center.
2022-04-26 17:19:43 - algorithm - WARNING: No safe point found, choosing current line center.
2022-04-26 17:19:43 - algorithm - WARNING: No safe point found, choosing current line center.
2022-04-26 17:19:43 - algorithm - WARNING: No safe point found, choosing current line center.
2022-04-26 17:19:43 - algorithm - WARNING: No safe point found, choosing current line center.
2022-04-26 17:19:43 - algorithm - WARNING: Uncertainty at best_x reduced to 1%, stopping line.
2022-04-26 17:19:43 - algorithm - INFO: best_x evaluate, y=1.7767554130751049
2022-04-26 17:19:43 - algorithm - INFO: starting 13, tr-solver.
2022-04-26 17:19:43 - algorithm - WARNING: predicted objective increase at best_x < 0.5%, picking random direction.
2022-04-26 17:19:43 - algorithm - INFO: best_x evaluate, y=1.7842218899082216
2022-04-26 17:19:43 - algorithm - INFO: starting 14, line-solver.
2022-04-26 17:19:43 - algorithm - WARNING: No safe point found, choosing current line center.
2022-04-26 17:19:43 - algorithm - WARNING: No safe point found, choosing current line center.
2022-04-26 17:19:44 - algorithm - WARNING: No safe point found, choosing current line center.
2022-04-26 17:19:44 - algorithm - WARNING: Uncertainty at best_x reduced to 1%, stopping line.
2022-04-26 17:19:44 - algorithm - INFO: best_x evaluate, y=1.7858523509310822
2022-04-26 17:19:44 - algorithm - INFO: starting 15, tr-solver.
2022-04-26 17:19:44 - controller - INFO: Finalizing environment...
2022-04-26 17:19:44 - controller - INFO: Finalizing: SafeAscentLineBO
2022-04-26 17:19:44 - controller - INFO: Initializing environment: febo.environment.benchmarks.functions.QP.
2022-04-26 17:19:44 - controller - INFO: Initializing algorithm: SafeAscentLineBO.
2022-04-26 17:19:44 - algorithm - INFO: Got 0 initial data points.
2022-04-26 17:19:44 - model - INFO: Using beta=4 .
2022-04-26 17:19:44 - model - INFO: Using beta=4 .
2022-04-26 17:19:44 - model - INFO: Using beta=4 .
2022-04-26 17:19:44 - model - INFO: Using beta=4 .
2022-04-26 17:19:44 - model - INFO: Using beta=4 .
2022-04-26 17:19:44 - algorithm - INFO: Got 0 initial data points.
2022-04-26 17:19:44 - model - INFO: Using beta=4 .
2022-04-26 17:19:44 - model - INFO: Using beta=4 .
2022-04-26 17:19:44 - model - INFO: Using beta=4 .
2022-04-26 17:19:44 - model - INFO: Using beta=4 .
2022-04-26 17:19:44 - model - INFO: Using beta=4 .
2022-04-26 17:19:44 - controller - INFO: Starting optimization: SafeAscentLineBO
2022-04-26 17:19:44 - algorithm - INFO: best_x evaluate, y=0.9991880645401674
2022-04-26 17:19:44 - algorithm - INFO: starting 1, tr-solver.
2022-04-26 17:19:44 - algorithm - INFO: best_x evaluate, y=1.1154229716464064
2022-04-26 17:19:44 - algorithm - INFO: starting 2, line-solver.
2022-04-26 17:19:44 - algorithm - WARNING: Uncertainty at best_x reduced to 1%, stopping line.
2022-04-26 17:19:44 - algorithm - INFO: best_x evaluate, y=1.401008997928847
2022-04-26 17:19:44 - algorithm - INFO: starting 3, tr-solver.
2022-04-26 17:19:44 - algorithm - INFO: best_x evaluate, y=1.4204126584155978
2022-04-26 17:19:44 - algorithm - INFO: starting 4, line-solver.
2022-04-26 17:19:44 - algorithm - WARNING: Uncertainty at best_x reduced to 1%, stopping line.
2022-04-26 17:19:44 - algorithm - INFO: best_x evaluate, y=1.6024725498199903
2022-04-26 17:19:44 - algorithm - INFO: starting 5, tr-solver.
2022-04-26 17:19:44 - algorithm - INFO: best_x evaluate, y=1.6544532439614152
2022-04-26 17:19:44 - algorithm - INFO: starting 6, line-solver.
2022-04-26 17:19:45 - algorithm - WARNING: Uncertainty at best_x reduced to 1%, stopping line.
2022-04-26 17:19:45 - algorithm - INFO: best_x evaluate, y=1.6747326389317247
2022-04-26 17:19:45 - algorithm - INFO: starting 7, tr-solver.
2022-04-26 17:19:45 - algorithm - INFO: best_x evaluate, y=1.7196071434811984
2022-04-26 17:19:45 - algorithm - INFO: starting 8, line-solver.
2022-04-26 17:19:45 - algorithm - WARNING: Uncertainty at best_x reduced to 1%, stopping line.
2022-04-26 17:19:45 - algorithm - INFO: best_x evaluate, y=1.7379705907893988
2022-04-26 17:19:45 - algorithm - INFO: starting 9, tr-solver.
2022-04-26 17:19:45 - algorithm - INFO: best_x evaluate, y=1.7506626829905705
2022-04-26 17:19:45 - algorithm - INFO: starting 10, line-solver.
2022-04-26 17:19:45 - algorithm - WARNING: Uncertainty at best_x reduced to 1%, stopping line.
2022-04-26 17:19:45 - algorithm - INFO: best_x evaluate, y=1.7700703654086074
2022-04-26 17:19:45 - algorithm - INFO: starting 11, tr-solver.
2022-04-26 17:19:45 - algorithm - WARNING: predicted objective increase at best_x < 0.5%, picking random direction.
2022-04-26 17:19:45 - algorithm - INFO: best_x evaluate, y=1.7766920492162444
2022-04-26 17:19:45 - algorithm - INFO: starting 12, line-solver.
2022-04-26 17:19:46 - algorithm - WARNING: Uncertainty at best_x reduced to 1%, stopping line.
2022-04-26 17:19:46 - algorithm - INFO: best_x evaluate, y=1.779921518893542
2022-04-26 17:19:46 - algorithm - INFO: starting 13, tr-solver.
2022-04-26 17:19:46 - algorithm - WARNING: predicted objective increase at best_x < 0.5%, picking random direction.
2022-04-26 17:19:46 - algorithm - INFO: best_x evaluate, y=1.7869065847368242
2022-04-26 17:19:46 - algorithm - INFO: starting 14, line-solver.
2022-04-26 17:19:46 - algorithm - WARNING: No safe point found, choosing current line center.
2022-04-26 17:19:46 - algorithm - WARNING: No safe point found, choosing current line center.
2022-04-26 17:19:46 - algorithm - WARNING: No safe point found, choosing current line center.
2022-04-26 17:19:46 - algorithm - WARNING: No safe point found, choosing current line center.
2022-04-26 17:19:46 - algorithm - WARNING: No safe point found, choosing current line center.
2022-04-26 17:19:46 - algorithm - WARNING: No safe point found, choosing current line center.
2022-04-26 17:19:46 - algorithm - WARNING: No safe point found, choosing current line center.
2022-04-26 17:19:46 - algorithm - WARNING: No safe point found, choosing current line center.
2022-04-26 17:19:46 - algorithm - WARNING: No safe point found, choosing current line center.
2022-04-26 17:19:46 - algorithm - WARNING: No safe point found, choosing current line center.
2022-04-26 17:19:46 - algorithm - WARNING: No safe point found, choosing current line center.
2022-04-26 17:19:46 - algorithm - WARNING: No safe point found, choosing current line center.
2022-04-26 17:19:46 - algorithm - WARNING: Uncertainty at best_x reduced to 1%, stopping line.
2022-04-26 17:19:46 - controller - INFO: Finalizing environment...
2022-04-26 17:19:46 - controller - INFO: Finalizing: SafeAscentLineBO
2022-04-26 17:19:46 - controller - INFO: Initializing environment: febo.environment.benchmarks.functions.QP.
2022-04-26 17:19:46 - controller - INFO: Initializing algorithm: SafeAscentLineBO.
2022-04-26 17:19:46 - algorithm - INFO: Got 0 initial data points.
2022-04-26 17:19:46 - model - INFO: Using beta=4 .
2022-04-26 17:19:46 - model - INFO: Using beta=4 .
2022-04-26 17:19:46 - model - INFO: Using beta=4 .
2022-04-26 17:19:46 - model - INFO: Using beta=4 .
2022-04-26 17:19:46 - model - INFO: Using beta=4 .
2022-04-26 17:19:46 - algorithm - INFO: Got 0 initial data points.
2022-04-26 17:19:46 - model - INFO: Using beta=4 .
2022-04-26 17:19:46 - model - INFO: Using beta=4 .
2022-04-26 17:19:46 - model - INFO: Using beta=4 .
2022-04-26 17:19:46 - model - INFO: Using beta=4 .
2022-04-26 17:19:46 - model - INFO: Using beta=4 .
2022-04-26 17:19:46 - controller - INFO: Starting optimization: SafeAscentLineBO
2022-04-26 17:19:46 - algorithm - INFO: best_x evaluate, y=0.9990051802707945
2022-04-26 17:19:46 - algorithm - INFO: starting 1, tr-solver.
2022-04-26 17:19:46 - algorithm - INFO: best_x evaluate, y=1.1364091252175115
2022-04-26 17:19:46 - algorithm - INFO: starting 2, line-solver.
2022-04-26 17:19:46 - algorithm - WARNING: Uncertainty at best_x reduced to 1%, stopping line.
2022-04-26 17:19:46 - algorithm - INFO: best_x evaluate, y=1.491411387666616
2022-04-26 17:19:46 - algorithm - INFO: starting 3, tr-solver.
2022-04-26 17:19:46 - algorithm - INFO: best_x evaluate, y=1.5224330635104009
2022-04-26 17:19:46 - algorithm - INFO: starting 4, line-solver.
2022-04-26 17:19:47 - algorithm - WARNING: Uncertainty at best_x reduced to 1%, stopping line.
2022-04-26 17:19:47 - algorithm - INFO: best_x evaluate, y=1.5676694733291414
2022-04-26 17:19:47 - algorithm - INFO: starting 5, tr-solver.
2022-04-26 17:19:47 - algorithm - INFO: best_x evaluate, y=1.6186276228615593
2022-04-26 17:19:47 - algorithm - INFO: starting 6, line-solver.
2022-04-26 17:19:47 - algorithm - WARNING: Uncertainty at best_x reduced to 1%, stopping line.
2022-04-26 17:19:47 - algorithm - INFO: best_x evaluate, y=1.6607953178918726
2022-04-26 17:19:47 - algorithm - INFO: starting 7, tr-solver.
2022-04-26 17:19:47 - algorithm - INFO: best_x evaluate, y=1.6986949959963862
2022-04-26 17:19:47 - algorithm - INFO: starting 8, line-solver.
2022-04-26 17:19:47 - algorithm - WARNING: Uncertainty at best_x reduced to 1%, stopping line.
2022-04-26 17:19:47 - algorithm - INFO: best_x evaluate, y=1.7138021673031492
2022-04-26 17:19:47 - algorithm - INFO: starting 9, tr-solver.
2022-04-26 17:19:47 - algorithm - INFO: best_x evaluate, y=1.7429488553346748
2022-04-26 17:19:47 - algorithm - INFO: starting 10, line-solver.
2022-04-26 17:19:47 - algorithm - WARNING: No safe point found, choosing current line center.
2022-04-26 17:19:48 - algorithm - WARNING: Uncertainty at best_x reduced to 1%, stopping line.
2022-04-26 17:19:48 - algorithm - INFO: best_x evaluate, y=1.7484768468965033
2022-04-26 17:19:48 - algorithm - INFO: starting 11, tr-solver.
2022-04-26 17:19:48 - algorithm - INFO: best_x evaluate, y=1.762360530672087
2022-04-26 17:19:48 - algorithm - INFO: starting 12, line-solver.
2022-04-26 17:19:48 - algorithm - WARNING: Uncertainty at best_x reduced to 1%, stopping line.
2022-04-26 17:19:48 - algorithm - INFO: best_x evaluate, y=1.762323486461349
2022-04-26 17:19:48 - algorithm - INFO: starting 13, tr-solver.
2022-04-26 17:19:48 - algorithm - WARNING: predicted objective increase at best_x < 0.5%, picking random direction.
2022-04-26 17:19:48 - algorithm - INFO: best_x evaluate, y=1.7747682026926341
2022-04-26 17:19:48 - algorithm - INFO: starting 14, line-solver.
2022-04-26 17:19:48 - algorithm - WARNING: Uncertainty at best_x reduced to 1%, stopping line.
2022-04-26 17:19:48 - algorithm - INFO: best_x evaluate, y=1.7741445190857543
2022-04-26 17:19:48 - algorithm - INFO: starting 15, tr-solver.
2022-04-26 17:19:48 - controller - INFO: Finalizing environment...
2022-04-26 17:19:48 - controller - INFO: Finalizing: SafeAscentLineBO
