2022-04-26 17:33:15 - experiment - INFO: Created a new experiment in runs/QP_3r.
2022-04-26 17:33:21 - experiment - INFO: Loaded experiment from runs/QP_3r.
2022-04-26 17:33:21 - controller - INFO: Initializing environment: febo.environment.benchmarks.functions.QP.
2022-04-26 17:33:21 - controller - INFO: Initializing algorithm: SafeRandomLineBO.
2022-04-26 17:33:21 - algorithm - INFO: Got 0 initial data points.
2022-04-26 17:33:21 - model - INFO: Using beta=4 .
2022-04-26 17:33:21 - model - INFO: Using beta=4 .
2022-04-26 17:33:21 - model - INFO: Using beta=4 .
2022-04-26 17:33:21 - model - INFO: Using beta=4 .
2022-04-26 17:33:21 - model - INFO: Using beta=4 .
2022-04-26 17:33:21 - model - INFO: Using beta=4 .
2022-04-26 17:33:21 - model - INFO: Using beta=4 .
2022-04-26 17:33:21 - algorithm - INFO: Got 0 initial data points.
2022-04-26 17:33:21 - model - INFO: Using beta=4 .
2022-04-26 17:33:21 - model - INFO: Using beta=4 .
2022-04-26 17:33:22 - model - INFO: Using beta=4 .
2022-04-26 17:33:22 - model - INFO: Using beta=4 .
2022-04-26 17:33:22 - model - INFO: Using beta=4 .
2022-04-26 17:33:22 - model - INFO: Using beta=4 .
2022-04-26 17:33:22 - model - INFO: Using beta=4 .
2022-04-26 17:33:22 - controller - INFO: Starting optimization: SafeRandomLineBO
2022-04-26 17:33:22 - algorithm - INFO: best_x evaluate, y=0.9984539055777039
2022-04-26 17:33:22 - algorithm - INFO: starting 1, line-solver.
2022-04-26 17:33:22 - algorithm - WARNING: Uncertainty at best_x reduced to 1%, stopping line.
2022-04-26 17:33:22 - algorithm - INFO: best_x evaluate, y=1.1547233984393321
2022-04-26 17:33:22 - algorithm - INFO: starting 2, line-solver.
2022-04-26 17:33:22 - algorithm - WARNING: Uncertainty at best_x reduced to 1%, stopping line.
2022-04-26 17:33:22 - algorithm - INFO: best_x evaluate, y=1.1722856340958823
2022-04-26 17:33:22 - algorithm - INFO: starting 3, line-solver.
2022-04-26 17:33:22 - algorithm - WARNING: Uncertainty at best_x reduced to 1%, stopping line.
2022-04-26 17:33:22 - algorithm - INFO: best_x evaluate, y=1.1818409607967286
2022-04-26 17:33:22 - algorithm - INFO: starting 4, line-solver.
2022-04-26 17:33:23 - algorithm - WARNING: Uncertainty at best_x reduced to 1%, stopping line.
2022-04-26 17:33:23 - algorithm - INFO: best_x evaluate, y=1.183756350988454
2022-04-26 17:33:23 - algorithm - INFO: starting 5, line-solver.
2022-04-26 17:33:23 - algorithm - WARNING: Uncertainty at best_x reduced to 1%, stopping line.
2022-04-26 17:33:23 - algorithm - INFO: best_x evaluate, y=1.2268956265223403
2022-04-26 17:33:23 - algorithm - INFO: starting 6, line-solver.
2022-04-26 17:33:23 - algorithm - WARNING: Uncertainty at best_x reduced to 1%, stopping line.
2022-04-26 17:33:23 - algorithm - INFO: best_x evaluate, y=1.2282712150121733
2022-04-26 17:33:23 - algorithm - INFO: starting 7, line-solver.
2022-04-26 17:33:23 - algorithm - WARNING: Uncertainty at best_x reduced to 1%, stopping line.
2022-04-26 17:33:23 - algorithm - INFO: best_x evaluate, y=1.2341705414995459
2022-04-26 17:33:23 - algorithm - INFO: starting 8, line-solver.
2022-04-26 17:33:24 - algorithm - WARNING: Uncertainty at best_x reduced to 1%, stopping line.
2022-04-26 17:33:24 - algorithm - INFO: best_x evaluate, y=1.2399252652232982
2022-04-26 17:33:24 - algorithm - INFO: starting 9, line-solver.
2022-04-26 17:33:24 - algorithm - WARNING: No safe point found, choosing current line center.
2022-04-26 17:33:24 - algorithm - WARNING: No safe point found, choosing current line center.
2022-04-26 17:33:24 - algorithm - WARNING: Uncertainty at best_x reduced to 1%, stopping line.
2022-04-26 17:33:24 - algorithm - INFO: best_x evaluate, y=1.2389592702621917
2022-04-26 17:33:24 - algorithm - INFO: starting 10, line-solver.
2022-04-26 17:33:24 - algorithm - WARNING: No safe point found, choosing current line center.
2022-04-26 17:33:24 - algorithm - WARNING: No safe point found, choosing current line center.
2022-04-26 17:33:25 - algorithm - WARNING: Uncertainty at best_x reduced to 1%, stopping line.
2022-04-26 17:33:25 - algorithm - INFO: best_x evaluate, y=1.242165709506189
2022-04-26 17:33:25 - algorithm - INFO: starting 11, line-solver.
2022-04-26 17:33:25 - algorithm - WARNING: No safe point found, choosing current line center.
2022-04-26 17:33:25 - algorithm - WARNING: No safe point found, choosing current line center.
2022-04-26 17:33:25 - algorithm - WARNING: No safe point found, choosing current line center.
2022-04-26 17:33:25 - algorithm - WARNING: No safe point found, choosing current line center.
2022-04-26 17:33:25 - algorithm - WARNING: Uncertainty at best_x reduced to 1%, stopping line.
2022-04-26 17:33:25 - algorithm - INFO: best_x evaluate, y=1.239197652290136
2022-04-26 17:33:25 - algorithm - INFO: starting 12, line-solver.
2022-04-26 17:33:26 - algorithm - WARNING: Uncertainty at best_x reduced to 1%, stopping line.
2022-04-26 17:33:26 - algorithm - INFO: best_x evaluate, y=1.244829113815426
2022-04-26 17:33:26 - algorithm - INFO: starting 13, line-solver.
2022-04-26 17:33:26 - algorithm - WARNING: Uncertainty at best_x reduced to 1%, stopping line.
2022-04-26 17:33:26 - algorithm - INFO: best_x evaluate, y=1.2725896647247126
2022-04-26 17:33:26 - algorithm - INFO: starting 14, line-solver.
2022-04-26 17:33:27 - algorithm - WARNING: Uncertainty at best_x reduced to 1%, stopping line.
2022-04-26 17:33:27 - algorithm - INFO: best_x evaluate, y=1.2723736150112022
2022-04-26 17:33:27 - algorithm - INFO: starting 15, line-solver.
2022-04-26 17:33:27 - algorithm - WARNING: Uncertainty at best_x reduced to 1%, stopping line.
2022-04-26 17:33:27 - controller - INFO: Finalizing environment...
2022-04-26 17:33:27 - controller - INFO: Finalizing: SafeRandomLineBO
2022-04-26 17:33:27 - controller - INFO: Initializing environment: febo.environment.benchmarks.functions.QP.
2022-04-26 17:33:27 - controller - INFO: Initializing algorithm: SafeRandomLineBO.
2022-04-26 17:33:27 - algorithm - INFO: Got 0 initial data points.
2022-04-26 17:33:27 - model - INFO: Using beta=4 .
2022-04-26 17:33:27 - model - INFO: Using beta=4 .
2022-04-26 17:33:27 - model - INFO: Using beta=4 .
2022-04-26 17:33:27 - model - INFO: Using beta=4 .
2022-04-26 17:33:27 - model - INFO: Using beta=4 .
2022-04-26 17:33:27 - model - INFO: Using beta=4 .
2022-04-26 17:33:27 - model - INFO: Using beta=4 .
2022-04-26 17:33:27 - algorithm - INFO: Got 0 initial data points.
2022-04-26 17:33:27 - model - INFO: Using beta=4 .
2022-04-26 17:33:27 - model - INFO: Using beta=4 .
2022-04-26 17:33:27 - model - INFO: Using beta=4 .
2022-04-26 17:33:27 - model - INFO: Using beta=4 .
2022-04-26 17:33:27 - model - INFO: Using beta=4 .
2022-04-26 17:33:27 - model - INFO: Using beta=4 .
2022-04-26 17:33:27 - model - INFO: Using beta=4 .
2022-04-26 17:33:27 - controller - INFO: Starting optimization: SafeRandomLineBO
2022-04-26 17:33:27 - algorithm - INFO: best_x evaluate, y=1.000605465850966
2022-04-26 17:33:27 - algorithm - INFO: starting 1, line-solver.
2022-04-26 17:33:27 - algorithm - WARNING: Uncertainty at best_x reduced to 1%, stopping line.
2022-04-26 17:33:28 - algorithm - INFO: best_x evaluate, y=1.2028294968189035
2022-04-26 17:33:28 - algorithm - INFO: starting 2, line-solver.
2022-04-26 17:33:28 - algorithm - WARNING: Uncertainty at best_x reduced to 1%, stopping line.
2022-04-26 17:33:28 - algorithm - INFO: best_x evaluate, y=1.2364182352534312
2022-04-26 17:33:28 - algorithm - INFO: starting 3, line-solver.
2022-04-26 17:33:28 - algorithm - WARNING: Uncertainty at best_x reduced to 1%, stopping line.
2022-04-26 17:33:28 - algorithm - INFO: best_x evaluate, y=1.2784735447365403
2022-04-26 17:33:28 - algorithm - INFO: starting 4, line-solver.
2022-04-26 17:33:28 - algorithm - WARNING: Uncertainty at best_x reduced to 1%, stopping line.
2022-04-26 17:33:28 - algorithm - INFO: best_x evaluate, y=1.2895875908246597
2022-04-26 17:33:28 - algorithm - INFO: starting 5, line-solver.
2022-04-26 17:33:29 - algorithm - WARNING: Uncertainty at best_x reduced to 1%, stopping line.
2022-04-26 17:33:29 - algorithm - INFO: best_x evaluate, y=1.294288205571216
2022-04-26 17:33:29 - algorithm - INFO: starting 6, line-solver.
2022-04-26 17:33:29 - algorithm - WARNING: Uncertainty at best_x reduced to 1%, stopping line.
2022-04-26 17:33:29 - algorithm - INFO: best_x evaluate, y=1.3026280433579305
2022-04-26 17:33:29 - algorithm - INFO: starting 7, line-solver.
2022-04-26 17:33:29 - algorithm - WARNING: Uncertainty at best_x reduced to 1%, stopping line.
2022-04-26 17:33:29 - algorithm - INFO: best_x evaluate, y=1.3023146658190077
2022-04-26 17:33:29 - algorithm - INFO: starting 8, line-solver.
2022-04-26 17:33:30 - algorithm - WARNING: Uncertainty at best_x reduced to 1%, stopping line.
2022-04-26 17:33:30 - algorithm - INFO: best_x evaluate, y=1.3113301464916447
2022-04-26 17:33:30 - algorithm - INFO: starting 9, line-solver.
2022-04-26 17:33:30 - algorithm - WARNING: Uncertainty at best_x reduced to 1%, stopping line.
2022-04-26 17:33:30 - algorithm - INFO: best_x evaluate, y=1.3157968209803992
2022-04-26 17:33:30 - algorithm - INFO: starting 10, line-solver.
2022-04-26 17:33:30 - algorithm - WARNING: Uncertainty at best_x reduced to 1%, stopping line.
2022-04-26 17:33:30 - algorithm - INFO: best_x evaluate, y=1.3160993345614935
2022-04-26 17:33:30 - algorithm - INFO: starting 11, line-solver.
2022-04-26 17:33:31 - algorithm - WARNING: Uncertainty at best_x reduced to 1%, stopping line.
2022-04-26 17:33:31 - algorithm - INFO: best_x evaluate, y=1.3295838589033013
2022-04-26 17:33:31 - algorithm - INFO: starting 12, line-solver.
2022-04-26 17:33:31 - algorithm - WARNING: No safe point found, choosing current line center.
2022-04-26 17:33:31 - algorithm - WARNING: No safe point found, choosing current line center.
2022-04-26 17:33:31 - algorithm - WARNING: No safe point found, choosing current line center.
2022-04-26 17:33:31 - algorithm - WARNING: Uncertainty at best_x reduced to 1%, stopping line.
2022-04-26 17:33:31 - algorithm - INFO: best_x evaluate, y=1.3320377945540496
2022-04-26 17:33:31 - algorithm - INFO: starting 13, line-solver.
2022-04-26 17:33:31 - algorithm - WARNING: No safe point found, choosing current line center.
2022-04-26 17:33:32 - algorithm - WARNING: Uncertainty at best_x reduced to 1%, stopping line.
2022-04-26 17:33:32 - algorithm - INFO: best_x evaluate, y=1.3338583813235763
2022-04-26 17:33:32 - algorithm - INFO: starting 14, line-solver.
2022-04-26 17:33:32 - algorithm - WARNING: No safe point found, choosing current line center.
2022-04-26 17:33:32 - algorithm - WARNING: No safe point found, choosing current line center.
2022-04-26 17:33:32 - algorithm - WARNING: No safe point found, choosing current line center.
2022-04-26 17:33:32 - algorithm - WARNING: No safe point found, choosing current line center.
2022-04-26 17:33:33 - algorithm - WARNING: Uncertainty at best_x reduced to 1%, stopping line.
2022-04-26 17:33:33 - algorithm - INFO: best_x evaluate, y=1.3369686527310387
2022-04-26 17:33:33 - algorithm - INFO: starting 15, line-solver.
2022-04-26 17:33:33 - algorithm - WARNING: Uncertainty at best_x reduced to 1%, stopping line.
2022-04-26 17:33:33 - controller - INFO: Finalizing environment...
2022-04-26 17:33:33 - controller - INFO: Finalizing: SafeRandomLineBO
2022-04-26 17:33:33 - controller - INFO: Initializing environment: febo.environment.benchmarks.functions.QP.
2022-04-26 17:33:33 - controller - INFO: Initializing algorithm: SafeRandomLineBO.
2022-04-26 17:33:33 - algorithm - INFO: Got 0 initial data points.
2022-04-26 17:33:33 - model - INFO: Using beta=4 .
2022-04-26 17:33:33 - model - INFO: Using beta=4 .
2022-04-26 17:33:33 - model - INFO: Using beta=4 .
2022-04-26 17:33:33 - model - INFO: Using beta=4 .
2022-04-26 17:33:33 - model - INFO: Using beta=4 .
2022-04-26 17:33:33 - model - INFO: Using beta=4 .
2022-04-26 17:33:33 - model - INFO: Using beta=4 .
2022-04-26 17:33:33 - algorithm - INFO: Got 0 initial data points.
2022-04-26 17:33:33 - model - INFO: Using beta=4 .
2022-04-26 17:33:33 - model - INFO: Using beta=4 .
2022-04-26 17:33:33 - model - INFO: Using beta=4 .
2022-04-26 17:33:33 - model - INFO: Using beta=4 .
2022-04-26 17:33:33 - model - INFO: Using beta=4 .
2022-04-26 17:33:33 - model - INFO: Using beta=4 .
2022-04-26 17:33:33 - model - INFO: Using beta=4 .
2022-04-26 17:33:33 - controller - INFO: Starting optimization: SafeRandomLineBO
2022-04-26 17:33:33 - algorithm - INFO: best_x evaluate, y=0.9987068114514203
2022-04-26 17:33:33 - algorithm - INFO: starting 1, line-solver.
2022-04-26 17:33:34 - algorithm - WARNING: Uncertainty at best_x reduced to 1%, stopping line.
2022-04-26 17:33:34 - algorithm - INFO: best_x evaluate, y=1.1524100729974054
2022-04-26 17:33:34 - algorithm - INFO: starting 2, line-solver.
2022-04-26 17:33:34 - algorithm - WARNING: Uncertainty at best_x reduced to 1%, stopping line.
2022-04-26 17:33:34 - algorithm - INFO: best_x evaluate, y=1.1854461690970701
2022-04-26 17:33:34 - algorithm - INFO: starting 3, line-solver.
2022-04-26 17:33:34 - algorithm - WARNING: Uncertainty at best_x reduced to 1%, stopping line.
2022-04-26 17:33:34 - algorithm - INFO: best_x evaluate, y=1.183174764008273
2022-04-26 17:33:34 - algorithm - INFO: starting 4, line-solver.
2022-04-26 17:33:34 - algorithm - WARNING: Uncertainty at best_x reduced to 1%, stopping line.
2022-04-26 17:33:34 - algorithm - INFO: best_x evaluate, y=1.2727358394339088
2022-04-26 17:33:34 - algorithm - INFO: starting 5, line-solver.
2022-04-26 17:33:35 - algorithm - WARNING: Uncertainty at best_x reduced to 1%, stopping line.
2022-04-26 17:33:35 - algorithm - INFO: best_x evaluate, y=1.2962148186788136
2022-04-26 17:33:35 - algorithm - INFO: starting 6, line-solver.
2022-04-26 17:33:35 - algorithm - WARNING: Uncertainty at best_x reduced to 1%, stopping line.
2022-04-26 17:33:35 - algorithm - INFO: best_x evaluate, y=1.3125370365778282
2022-04-26 17:33:35 - algorithm - INFO: starting 7, line-solver.
2022-04-26 17:33:35 - algorithm - WARNING: Uncertainty at best_x reduced to 1%, stopping line.
2022-04-26 17:33:35 - algorithm - INFO: best_x evaluate, y=1.3185359034498612
2022-04-26 17:33:35 - algorithm - INFO: starting 8, line-solver.
2022-04-26 17:33:36 - algorithm - WARNING: Uncertainty at best_x reduced to 1%, stopping line.
2022-04-26 17:33:36 - algorithm - INFO: best_x evaluate, y=1.339090452471908
2022-04-26 17:33:36 - algorithm - INFO: starting 9, line-solver.
2022-04-26 17:33:36 - algorithm - WARNING: Uncertainty at best_x reduced to 1%, stopping line.
2022-04-26 17:33:36 - algorithm - INFO: best_x evaluate, y=1.3568474728779578
2022-04-26 17:33:36 - algorithm - INFO: starting 10, line-solver.
2022-04-26 17:33:36 - algorithm - WARNING: Uncertainty at best_x reduced to 1%, stopping line.
2022-04-26 17:33:36 - algorithm - INFO: best_x evaluate, y=1.3599815488442497
2022-04-26 17:33:36 - algorithm - INFO: starting 11, line-solver.
2022-04-26 17:33:37 - algorithm - WARNING: Uncertainty at best_x reduced to 1%, stopping line.
2022-04-26 17:33:37 - algorithm - INFO: best_x evaluate, y=1.3549194451881348
2022-04-26 17:33:37 - algorithm - INFO: starting 12, line-solver.
2022-04-26 17:33:37 - algorithm - WARNING: Uncertainty at best_x reduced to 1%, stopping line.
2022-04-26 17:33:37 - algorithm - INFO: best_x evaluate, y=1.3965430292852714
2022-04-26 17:33:37 - algorithm - INFO: starting 13, line-solver.
2022-04-26 17:33:38 - algorithm - WARNING: Uncertainty at best_x reduced to 1%, stopping line.
2022-04-26 17:33:38 - algorithm - INFO: best_x evaluate, y=1.42618015839915
2022-04-26 17:33:38 - algorithm - INFO: starting 14, line-solver.
2022-04-26 17:33:38 - algorithm - WARNING: Uncertainty at best_x reduced to 1%, stopping line.
2022-04-26 17:33:38 - algorithm - INFO: best_x evaluate, y=1.4306472484673995
2022-04-26 17:33:38 - algorithm - INFO: starting 15, line-solver.
2022-04-26 17:33:38 - algorithm - WARNING: No safe point found, choosing current line center.
2022-04-26 17:33:38 - algorithm - WARNING: No safe point found, choosing current line center.
2022-04-26 17:33:39 - algorithm - WARNING: Uncertainty at best_x reduced to 1%, stopping line.
2022-04-26 17:33:39 - controller - INFO: Finalizing environment...
2022-04-26 17:33:39 - controller - INFO: Finalizing: SafeRandomLineBO
2022-04-26 17:33:39 - controller - INFO: Initializing environment: febo.environment.benchmarks.functions.QP.
2022-04-26 17:33:39 - controller - INFO: Initializing algorithm: SafeRandomLineBO.
2022-04-26 17:33:39 - algorithm - INFO: Got 0 initial data points.
2022-04-26 17:33:39 - model - INFO: Using beta=4 .
2022-04-26 17:33:39 - model - INFO: Using beta=4 .
2022-04-26 17:33:39 - model - INFO: Using beta=4 .
2022-04-26 17:33:39 - model - INFO: Using beta=4 .
2022-04-26 17:33:39 - model - INFO: Using beta=4 .
2022-04-26 17:33:39 - model - INFO: Using beta=4 .
2022-04-26 17:33:39 - model - INFO: Using beta=4 .
2022-04-26 17:33:39 - algorithm - INFO: Got 0 initial data points.
2022-04-26 17:33:39 - model - INFO: Using beta=4 .
2022-04-26 17:33:39 - model - INFO: Using beta=4 .
2022-04-26 17:33:39 - model - INFO: Using beta=4 .
2022-04-26 17:33:39 - model - INFO: Using beta=4 .
2022-04-26 17:33:39 - model - INFO: Using beta=4 .
2022-04-26 17:33:39 - model - INFO: Using beta=4 .
2022-04-26 17:33:39 - model - INFO: Using beta=4 .
2022-04-26 17:33:39 - controller - INFO: Starting optimization: SafeRandomLineBO
2022-04-26 17:33:39 - algorithm - INFO: best_x evaluate, y=1.0012292480069263
2022-04-26 17:33:39 - algorithm - INFO: starting 1, line-solver.
2022-04-26 17:33:39 - algorithm - WARNING: Uncertainty at best_x reduced to 1%, stopping line.
2022-04-26 17:33:39 - algorithm - INFO: best_x evaluate, y=1.1683649095576205
2022-04-26 17:33:39 - algorithm - INFO: starting 2, line-solver.
2022-04-26 17:33:39 - algorithm - WARNING: Uncertainty at best_x reduced to 1%, stopping line.
2022-04-26 17:33:39 - algorithm - INFO: best_x evaluate, y=1.243396441830391
2022-04-26 17:33:39 - algorithm - INFO: starting 3, line-solver.
2022-04-26 17:33:40 - algorithm - WARNING: Uncertainty at best_x reduced to 1%, stopping line.
2022-04-26 17:33:40 - algorithm - INFO: best_x evaluate, y=1.3828381162122947
2022-04-26 17:33:40 - algorithm - INFO: starting 4, line-solver.
2022-04-26 17:33:40 - algorithm - WARNING: Uncertainty at best_x reduced to 1%, stopping line.
2022-04-26 17:33:40 - algorithm - INFO: best_x evaluate, y=1.3809677965217824
2022-04-26 17:33:40 - algorithm - INFO: starting 5, line-solver.
2022-04-26 17:33:40 - algorithm - WARNING: Uncertainty at best_x reduced to 1%, stopping line.
2022-04-26 17:33:40 - algorithm - INFO: best_x evaluate, y=1.3981054176171908
2022-04-26 17:33:40 - algorithm - INFO: starting 6, line-solver.
2022-04-26 17:33:41 - algorithm - WARNING: Uncertainty at best_x reduced to 1%, stopping line.
2022-04-26 17:33:41 - algorithm - INFO: best_x evaluate, y=1.4072319422428603
2022-04-26 17:33:41 - algorithm - INFO: starting 7, line-solver.
2022-04-26 17:33:41 - algorithm - WARNING: Uncertainty at best_x reduced to 1%, stopping line.
2022-04-26 17:33:41 - algorithm - INFO: best_x evaluate, y=1.4077350281064445
2022-04-26 17:33:41 - algorithm - INFO: starting 8, line-solver.
2022-04-26 17:33:41 - algorithm - WARNING: Uncertainty at best_x reduced to 1%, stopping line.
2022-04-26 17:33:41 - algorithm - INFO: best_x evaluate, y=1.4315135464708395
2022-04-26 17:33:41 - algorithm - INFO: starting 9, line-solver.
2022-04-26 17:33:42 - algorithm - WARNING: Uncertainty at best_x reduced to 1%, stopping line.
2022-04-26 17:33:42 - algorithm - INFO: best_x evaluate, y=1.4338985150093304
2022-04-26 17:33:42 - algorithm - INFO: starting 10, line-solver.
2022-04-26 17:33:42 - algorithm - WARNING: Uncertainty at best_x reduced to 1%, stopping line.
2022-04-26 17:33:42 - algorithm - INFO: best_x evaluate, y=1.4390728416115703
2022-04-26 17:33:42 - algorithm - INFO: starting 11, line-solver.
2022-04-26 17:33:43 - algorithm - WARNING: Uncertainty at best_x reduced to 1%, stopping line.
2022-04-26 17:33:43 - algorithm - INFO: best_x evaluate, y=1.4531974470128004
2022-04-26 17:33:43 - algorithm - INFO: starting 12, line-solver.
2022-04-26 17:33:43 - algorithm - WARNING: Uncertainty at best_x reduced to 1%, stopping line.
2022-04-26 17:33:43 - algorithm - INFO: best_x evaluate, y=1.4498167782107587
2022-04-26 17:33:43 - algorithm - INFO: starting 13, line-solver.
2022-04-26 17:33:44 - algorithm - WARNING: Uncertainty at best_x reduced to 1%, stopping line.
2022-04-26 17:33:44 - algorithm - INFO: best_x evaluate, y=1.482084353008698
2022-04-26 17:33:44 - algorithm - INFO: starting 14, line-solver.
2022-04-26 17:33:44 - algorithm - WARNING: Uncertainty at best_x reduced to 1%, stopping line.
2022-04-26 17:33:44 - algorithm - INFO: best_x evaluate, y=1.516578671741861
2022-04-26 17:33:44 - algorithm - INFO: starting 15, line-solver.
2022-04-26 17:33:44 - algorithm - WARNING: Uncertainty at best_x reduced to 1%, stopping line.
2022-04-26 17:33:44 - controller - INFO: Finalizing environment...
2022-04-26 17:33:44 - controller - INFO: Finalizing: SafeRandomLineBO
2022-04-26 17:33:44 - controller - INFO: Initializing environment: febo.environment.benchmarks.functions.QP.
2022-04-26 17:33:44 - controller - INFO: Initializing algorithm: SafeRandomLineBO.
2022-04-26 17:33:44 - algorithm - INFO: Got 0 initial data points.
2022-04-26 17:33:44 - model - INFO: Using beta=4 .
2022-04-26 17:33:45 - model - INFO: Using beta=4 .
2022-04-26 17:33:45 - model - INFO: Using beta=4 .
2022-04-26 17:33:45 - model - INFO: Using beta=4 .
2022-04-26 17:33:45 - model - INFO: Using beta=4 .
2022-04-26 17:33:45 - model - INFO: Using beta=4 .
2022-04-26 17:33:45 - model - INFO: Using beta=4 .
2022-04-26 17:33:45 - algorithm - INFO: Got 0 initial data points.
2022-04-26 17:33:45 - model - INFO: Using beta=4 .
2022-04-26 17:33:45 - model - INFO: Using beta=4 .
2022-04-26 17:33:45 - model - INFO: Using beta=4 .
2022-04-26 17:33:45 - model - INFO: Using beta=4 .
2022-04-26 17:33:45 - model - INFO: Using beta=4 .
2022-04-26 17:33:45 - model - INFO: Using beta=4 .
2022-04-26 17:33:45 - model - INFO: Using beta=4 .
2022-04-26 17:33:45 - controller - INFO: Starting optimization: SafeRandomLineBO
2022-04-26 17:33:45 - algorithm - INFO: best_x evaluate, y=1.0004212499901997
2022-04-26 17:33:45 - algorithm - INFO: starting 1, line-solver.
2022-04-26 17:33:45 - algorithm - WARNING: Uncertainty at best_x reduced to 1%, stopping line.
2022-04-26 17:33:45 - algorithm - INFO: best_x evaluate, y=1.0314520097794182
2022-04-26 17:33:45 - algorithm - INFO: starting 2, line-solver.
2022-04-26 17:33:45 - algorithm - WARNING: Uncertainty at best_x reduced to 1%, stopping line.
2022-04-26 17:33:45 - algorithm - INFO: best_x evaluate, y=1.1822647315250738
2022-04-26 17:33:45 - algorithm - INFO: starting 3, line-solver.
2022-04-26 17:33:45 - algorithm - WARNING: Uncertainty at best_x reduced to 1%, stopping line.
2022-04-26 17:33:45 - algorithm - INFO: best_x evaluate, y=1.281175990018717
2022-04-26 17:33:45 - algorithm - INFO: starting 4, line-solver.
2022-04-26 17:33:46 - algorithm - WARNING: Uncertainty at best_x reduced to 1%, stopping line.
2022-04-26 17:33:46 - algorithm - INFO: best_x evaluate, y=1.2822935955263686
2022-04-26 17:33:46 - algorithm - INFO: starting 5, line-solver.
2022-04-26 17:33:46 - algorithm - WARNING: Uncertainty at best_x reduced to 1%, stopping line.
2022-04-26 17:33:46 - algorithm - INFO: best_x evaluate, y=1.305443125137562
2022-04-26 17:33:46 - algorithm - INFO: starting 6, line-solver.
2022-04-26 17:33:46 - algorithm - WARNING: Uncertainty at best_x reduced to 1%, stopping line.
2022-04-26 17:33:46 - algorithm - INFO: best_x evaluate, y=1.3128852914219393
2022-04-26 17:33:46 - algorithm - INFO: starting 7, line-solver.
2022-04-26 17:33:47 - algorithm - WARNING: Uncertainty at best_x reduced to 1%, stopping line.
2022-04-26 17:33:47 - algorithm - INFO: best_x evaluate, y=1.3228602710592845
2022-04-26 17:33:47 - algorithm - INFO: starting 8, line-solver.
2022-04-26 17:33:47 - algorithm - WARNING: Uncertainty at best_x reduced to 1%, stopping line.
2022-04-26 17:33:47 - algorithm - INFO: best_x evaluate, y=1.3232738863793652
2022-04-26 17:33:47 - algorithm - INFO: starting 9, line-solver.
2022-04-26 17:33:47 - algorithm - WARNING: Uncertainty at best_x reduced to 1%, stopping line.
2022-04-26 17:33:47 - algorithm - INFO: best_x evaluate, y=1.3247088678347592
2022-04-26 17:33:47 - algorithm - INFO: starting 10, line-solver.
2022-04-26 17:33:48 - algorithm - WARNING: Uncertainty at best_x reduced to 1%, stopping line.
2022-04-26 17:33:48 - algorithm - INFO: best_x evaluate, y=1.3243185152379633
2022-04-26 17:33:48 - algorithm - INFO: starting 11, line-solver.
2022-04-26 17:33:48 - algorithm - WARNING: Uncertainty at best_x reduced to 1%, stopping line.
2022-04-26 17:33:48 - algorithm - INFO: best_x evaluate, y=1.3491539665546473
2022-04-26 17:33:48 - algorithm - INFO: starting 12, line-solver.
2022-04-26 17:33:49 - algorithm - WARNING: Uncertainty at best_x reduced to 1%, stopping line.
2022-04-26 17:33:49 - algorithm - INFO: best_x evaluate, y=1.4401109079140189
2022-04-26 17:33:49 - algorithm - INFO: starting 13, line-solver.
2022-04-26 17:33:49 - algorithm - WARNING: Uncertainty at best_x reduced to 1%, stopping line.
2022-04-26 17:33:49 - algorithm - INFO: best_x evaluate, y=1.4539235857807702
2022-04-26 17:33:49 - algorithm - INFO: starting 14, line-solver.
2022-04-26 17:33:50 - algorithm - WARNING: Uncertainty at best_x reduced to 1%, stopping line.
2022-04-26 17:33:50 - algorithm - INFO: best_x evaluate, y=1.4784328803101998
2022-04-26 17:33:50 - algorithm - INFO: starting 15, line-solver.
2022-04-26 17:33:50 - algorithm - WARNING: Uncertainty at best_x reduced to 1%, stopping line.
2022-04-26 17:33:50 - controller - INFO: Finalizing environment...
2022-04-26 17:33:50 - controller - INFO: Finalizing: SafeRandomLineBO
2022-04-26 17:33:50 - controller - INFO: Initializing environment: febo.environment.benchmarks.functions.QP.
2022-04-26 17:33:50 - controller - INFO: Initializing algorithm: SafeRandomLineBO.
2022-04-26 17:33:50 - algorithm - INFO: Got 0 initial data points.
2022-04-26 17:33:50 - model - INFO: Using beta=4 .
2022-04-26 17:33:50 - model - INFO: Using beta=4 .
2022-04-26 17:33:50 - model - INFO: Using beta=4 .
2022-04-26 17:33:50 - model - INFO: Using beta=4 .
2022-04-26 17:33:50 - model - INFO: Using beta=4 .
2022-04-26 17:33:50 - model - INFO: Using beta=4 .
2022-04-26 17:33:50 - model - INFO: Using beta=4 .
2022-04-26 17:33:50 - algorithm - INFO: Got 0 initial data points.
2022-04-26 17:33:50 - model - INFO: Using beta=4 .
2022-04-26 17:33:50 - model - INFO: Using beta=4 .
2022-04-26 17:33:50 - model - INFO: Using beta=4 .
2022-04-26 17:33:50 - model - INFO: Using beta=4 .
2022-04-26 17:33:50 - model - INFO: Using beta=4 .
2022-04-26 17:33:50 - model - INFO: Using beta=4 .
2022-04-26 17:33:50 - model - INFO: Using beta=4 .
2022-04-26 17:33:50 - controller - INFO: Starting optimization: SafeRandomLineBO
2022-04-26 17:33:50 - algorithm - INFO: best_x evaluate, y=0.9989952077640506
2022-04-26 17:33:50 - algorithm - INFO: starting 1, line-solver.
2022-04-26 17:33:50 - algorithm - WARNING: Uncertainty at best_x reduced to 1%, stopping line.
2022-04-26 17:33:50 - algorithm - INFO: best_x evaluate, y=1.2269260369775705
2022-04-26 17:33:50 - algorithm - INFO: starting 2, line-solver.
2022-04-26 17:33:51 - algorithm - WARNING: Uncertainty at best_x reduced to 1%, stopping line.
2022-04-26 17:33:51 - algorithm - INFO: best_x evaluate, y=1.2379527275381264
2022-04-26 17:33:51 - algorithm - INFO: starting 3, line-solver.
2022-04-26 17:33:51 - algorithm - WARNING: Uncertainty at best_x reduced to 1%, stopping line.
2022-04-26 17:33:51 - algorithm - INFO: best_x evaluate, y=1.2659994474681113
2022-04-26 17:33:51 - algorithm - INFO: starting 4, line-solver.
2022-04-26 17:33:51 - algorithm - WARNING: Uncertainty at best_x reduced to 1%, stopping line.
2022-04-26 17:33:51 - algorithm - INFO: best_x evaluate, y=1.2759696724219907
2022-04-26 17:33:51 - algorithm - INFO: starting 5, line-solver.
2022-04-26 17:33:52 - algorithm - WARNING: Uncertainty at best_x reduced to 1%, stopping line.
2022-04-26 17:33:52 - algorithm - INFO: best_x evaluate, y=1.2988442940952256
2022-04-26 17:33:52 - algorithm - INFO: starting 6, line-solver.
2022-04-26 17:33:52 - algorithm - WARNING: Uncertainty at best_x reduced to 1%, stopping line.
2022-04-26 17:33:52 - algorithm - INFO: best_x evaluate, y=1.3167153522048551
2022-04-26 17:33:52 - algorithm - INFO: starting 7, line-solver.
2022-04-26 17:33:52 - algorithm - WARNING: No safe point found, choosing current line center.
2022-04-26 17:33:52 - algorithm - WARNING: No safe point found, choosing current line center.
2022-04-26 17:33:52 - algorithm - WARNING: No safe point found, choosing current line center.
2022-04-26 17:33:52 - algorithm - WARNING: No safe point found, choosing current line center.
2022-04-26 17:33:52 - algorithm - WARNING: No safe point found, choosing current line center.
2022-04-26 17:33:52 - algorithm - WARNING: No safe point found, choosing current line center.
2022-04-26 17:33:52 - algorithm - WARNING: Uncertainty at best_x reduced to 1%, stopping line.
2022-04-26 17:33:52 - algorithm - INFO: best_x evaluate, y=1.3162788329228452
2022-04-26 17:33:52 - algorithm - INFO: starting 8, line-solver.
2022-04-26 17:33:53 - algorithm - WARNING: Uncertainty at best_x reduced to 1%, stopping line.
2022-04-26 17:33:53 - algorithm - INFO: best_x evaluate, y=1.3162404436857789
2022-04-26 17:33:53 - algorithm - INFO: starting 9, line-solver.
2022-04-26 17:33:53 - algorithm - WARNING: No safe point found, choosing current line center.
2022-04-26 17:33:53 - algorithm - WARNING: No safe point found, choosing current line center.
2022-04-26 17:33:53 - algorithm - WARNING: No safe point found, choosing current line center.
2022-04-26 17:33:53 - algorithm - WARNING: No safe point found, choosing current line center.
2022-04-26 17:33:53 - algorithm - WARNING: No safe point found, choosing current line center.
2022-04-26 17:33:53 - algorithm - WARNING: Uncertainty at best_x reduced to 1%, stopping line.
2022-04-26 17:33:53 - algorithm - INFO: best_x evaluate, y=1.3180261909159898
2022-04-26 17:33:53 - algorithm - INFO: starting 10, line-solver.
2022-04-26 17:33:53 - algorithm - WARNING: No safe point found, choosing current line center.
2022-04-26 17:33:53 - algorithm - WARNING: No safe point found, choosing current line center.
2022-04-26 17:33:53 - algorithm - WARNING: Uncertainty at best_x reduced to 1%, stopping line.
2022-04-26 17:33:53 - algorithm - INFO: best_x evaluate, y=1.318965835143006
2022-04-26 17:33:53 - algorithm - INFO: starting 11, line-solver.
2022-04-26 17:33:54 - algorithm - WARNING: Uncertainty at best_x reduced to 1%, stopping line.
2022-04-26 17:33:54 - algorithm - INFO: best_x evaluate, y=1.3164664329473157
2022-04-26 17:33:54 - algorithm - INFO: starting 12, line-solver.
2022-04-26 17:33:54 - algorithm - WARNING: Uncertainty at best_x reduced to 1%, stopping line.
2022-04-26 17:33:54 - algorithm - INFO: best_x evaluate, y=1.3515557139693182
2022-04-26 17:33:54 - algorithm - INFO: starting 13, line-solver.
2022-04-26 17:33:55 - algorithm - WARNING: Uncertainty at best_x reduced to 1%, stopping line.
2022-04-26 17:33:55 - algorithm - INFO: best_x evaluate, y=1.4392172918155564
2022-04-26 17:33:55 - algorithm - INFO: starting 14, line-solver.
2022-04-26 17:33:55 - algorithm - WARNING: Uncertainty at best_x reduced to 1%, stopping line.
2022-04-26 17:33:55 - algorithm - INFO: best_x evaluate, y=1.4504559293635622
2022-04-26 17:33:55 - algorithm - INFO: starting 15, line-solver.
2022-04-26 17:33:56 - algorithm - WARNING: Uncertainty at best_x reduced to 1%, stopping line.
2022-04-26 17:33:56 - controller - INFO: Finalizing environment...
2022-04-26 17:33:56 - controller - INFO: Finalizing: SafeRandomLineBO
2022-04-26 17:33:56 - controller - INFO: Initializing environment: febo.environment.benchmarks.functions.QP.
2022-04-26 17:33:56 - controller - INFO: Initializing algorithm: SafeRandomLineBO.
2022-04-26 17:33:56 - algorithm - INFO: Got 0 initial data points.
2022-04-26 17:33:56 - model - INFO: Using beta=4 .
2022-04-26 17:33:56 - model - INFO: Using beta=4 .
2022-04-26 17:33:56 - model - INFO: Using beta=4 .
2022-04-26 17:33:56 - model - INFO: Using beta=4 .
2022-04-26 17:33:56 - model - INFO: Using beta=4 .
2022-04-26 17:33:56 - model - INFO: Using beta=4 .
2022-04-26 17:33:56 - model - INFO: Using beta=4 .
2022-04-26 17:33:56 - algorithm - INFO: Got 0 initial data points.
2022-04-26 17:33:56 - model - INFO: Using beta=4 .
2022-04-26 17:33:56 - model - INFO: Using beta=4 .
2022-04-26 17:33:56 - model - INFO: Using beta=4 .
2022-04-26 17:33:56 - model - INFO: Using beta=4 .
2022-04-26 17:33:56 - model - INFO: Using beta=4 .
2022-04-26 17:33:56 - model - INFO: Using beta=4 .
2022-04-26 17:33:56 - model - INFO: Using beta=4 .
2022-04-26 17:33:56 - controller - INFO: Starting optimization: SafeRandomLineBO
2022-04-26 17:33:56 - algorithm - INFO: best_x evaluate, y=1.0010821909900018
2022-04-26 17:33:56 - algorithm - INFO: starting 1, line-solver.
2022-04-26 17:33:56 - algorithm - WARNING: Uncertainty at best_x reduced to 1%, stopping line.
2022-04-26 17:33:56 - algorithm - INFO: best_x evaluate, y=1.4287256410860971
2022-04-26 17:33:56 - algorithm - INFO: starting 2, line-solver.
2022-04-26 17:33:56 - algorithm - WARNING: Uncertainty at best_x reduced to 1%, stopping line.
2022-04-26 17:33:56 - algorithm - INFO: best_x evaluate, y=1.4409316495928108
2022-04-26 17:33:56 - algorithm - INFO: starting 3, line-solver.
2022-04-26 17:33:57 - algorithm - WARNING: Uncertainty at best_x reduced to 1%, stopping line.
2022-04-26 17:33:57 - algorithm - INFO: best_x evaluate, y=1.4425201869867952
2022-04-26 17:33:57 - algorithm - INFO: starting 4, line-solver.
2022-04-26 17:33:57 - algorithm - WARNING: Uncertainty at best_x reduced to 1%, stopping line.
2022-04-26 17:33:57 - algorithm - INFO: best_x evaluate, y=1.4666536345392345
2022-04-26 17:33:57 - algorithm - INFO: starting 5, line-solver.
2022-04-26 17:33:57 - algorithm - WARNING: Uncertainty at best_x reduced to 1%, stopping line.
2022-04-26 17:33:57 - algorithm - INFO: best_x evaluate, y=1.479716722615013
2022-04-26 17:33:57 - algorithm - INFO: starting 6, line-solver.
2022-04-26 17:33:58 - algorithm - WARNING: Uncertainty at best_x reduced to 1%, stopping line.
2022-04-26 17:33:58 - algorithm - INFO: best_x evaluate, y=1.4819843113471896
2022-04-26 17:33:58 - algorithm - INFO: starting 7, line-solver.
2022-04-26 17:33:58 - algorithm - WARNING: Uncertainty at best_x reduced to 1%, stopping line.
2022-04-26 17:33:58 - algorithm - INFO: best_x evaluate, y=1.5113306562431077
2022-04-26 17:33:58 - algorithm - INFO: starting 8, line-solver.
2022-04-26 17:33:58 - algorithm - WARNING: Uncertainty at best_x reduced to 1%, stopping line.
2022-04-26 17:33:58 - algorithm - INFO: best_x evaluate, y=1.5203372149738656
2022-04-26 17:33:58 - algorithm - INFO: starting 9, line-solver.
2022-04-26 17:33:59 - algorithm - WARNING: Uncertainty at best_x reduced to 1%, stopping line.
2022-04-26 17:33:59 - algorithm - INFO: best_x evaluate, y=1.5252157886937687
2022-04-26 17:33:59 - algorithm - INFO: starting 10, line-solver.
2022-04-26 17:33:59 - algorithm - WARNING: Uncertainty at best_x reduced to 1%, stopping line.
2022-04-26 17:33:59 - algorithm - INFO: best_x evaluate, y=1.5486328520918229
2022-04-26 17:33:59 - algorithm - INFO: starting 11, line-solver.
2022-04-26 17:33:59 - algorithm - WARNING: Uncertainty at best_x reduced to 1%, stopping line.
2022-04-26 17:33:59 - algorithm - INFO: best_x evaluate, y=1.547364192376069
2022-04-26 17:33:59 - algorithm - INFO: starting 12, line-solver.
2022-04-26 17:34:00 - algorithm - WARNING: Uncertainty at best_x reduced to 1%, stopping line.
2022-04-26 17:34:00 - algorithm - INFO: best_x evaluate, y=1.5505636164861005
2022-04-26 17:34:00 - algorithm - INFO: starting 13, line-solver.
2022-04-26 17:34:00 - algorithm - WARNING: Uncertainty at best_x reduced to 1%, stopping line.
2022-04-26 17:34:00 - algorithm - INFO: best_x evaluate, y=1.5521660992110384
2022-04-26 17:34:00 - algorithm - INFO: starting 14, line-solver.
2022-04-26 17:34:01 - algorithm - WARNING: Uncertainty at best_x reduced to 1%, stopping line.
2022-04-26 17:34:01 - algorithm - INFO: best_x evaluate, y=1.5536171698937873
2022-04-26 17:34:01 - algorithm - INFO: starting 15, line-solver.
2022-04-26 17:34:01 - algorithm - WARNING: Uncertainty at best_x reduced to 1%, stopping line.
2022-04-26 17:34:01 - controller - INFO: Finalizing environment...
2022-04-26 17:34:01 - controller - INFO: Finalizing: SafeRandomLineBO
2022-04-26 17:34:01 - controller - INFO: Initializing environment: febo.environment.benchmarks.functions.QP.
2022-04-26 17:34:01 - controller - INFO: Initializing algorithm: SafeRandomLineBO.
2022-04-26 17:34:01 - algorithm - INFO: Got 0 initial data points.
2022-04-26 17:34:01 - model - INFO: Using beta=4 .
2022-04-26 17:34:01 - model - INFO: Using beta=4 .
2022-04-26 17:34:01 - model - INFO: Using beta=4 .
2022-04-26 17:34:01 - model - INFO: Using beta=4 .
2022-04-26 17:34:01 - model - INFO: Using beta=4 .
2022-04-26 17:34:01 - model - INFO: Using beta=4 .
2022-04-26 17:34:01 - model - INFO: Using beta=4 .
2022-04-26 17:34:01 - algorithm - INFO: Got 0 initial data points.
2022-04-26 17:34:01 - model - INFO: Using beta=4 .
2022-04-26 17:34:01 - model - INFO: Using beta=4 .
2022-04-26 17:34:01 - model - INFO: Using beta=4 .
2022-04-26 17:34:01 - model - INFO: Using beta=4 .
2022-04-26 17:34:01 - model - INFO: Using beta=4 .
2022-04-26 17:34:02 - model - INFO: Using beta=4 .
2022-04-26 17:34:02 - model - INFO: Using beta=4 .
2022-04-26 17:34:02 - controller - INFO: Starting optimization: SafeRandomLineBO
2022-04-26 17:34:02 - algorithm - INFO: best_x evaluate, y=0.9995595367021076
2022-04-26 17:34:02 - algorithm - INFO: starting 1, line-solver.
2022-04-26 17:34:02 - algorithm - WARNING: Uncertainty at best_x reduced to 1%, stopping line.
2022-04-26 17:34:02 - algorithm - INFO: best_x evaluate, y=1.0252264676848146
2022-04-26 17:34:02 - algorithm - INFO: starting 2, line-solver.
2022-04-26 17:34:02 - algorithm - WARNING: Uncertainty at best_x reduced to 1%, stopping line.
2022-04-26 17:34:02 - algorithm - INFO: best_x evaluate, y=1.1576073804075229
2022-04-26 17:34:02 - algorithm - INFO: starting 3, line-solver.
2022-04-26 17:34:02 - algorithm - WARNING: Uncertainty at best_x reduced to 1%, stopping line.
2022-04-26 17:34:02 - algorithm - INFO: best_x evaluate, y=1.2633608660336804
2022-04-26 17:34:02 - algorithm - INFO: starting 4, line-solver.
2022-04-26 17:34:03 - algorithm - WARNING: Uncertainty at best_x reduced to 1%, stopping line.
2022-04-26 17:34:03 - algorithm - INFO: best_x evaluate, y=1.3017242320101803
2022-04-26 17:34:03 - algorithm - INFO: starting 5, line-solver.
2022-04-26 17:34:03 - algorithm - WARNING: Uncertainty at best_x reduced to 1%, stopping line.
2022-04-26 17:34:03 - algorithm - INFO: best_x evaluate, y=1.3911160832571714
2022-04-26 17:34:03 - algorithm - INFO: starting 6, line-solver.
2022-04-26 17:34:03 - algorithm - WARNING: Uncertainty at best_x reduced to 1%, stopping line.
2022-04-26 17:34:03 - algorithm - INFO: best_x evaluate, y=1.4088977477048448
2022-04-26 17:34:03 - algorithm - INFO: starting 7, line-solver.
2022-04-26 17:34:04 - algorithm - WARNING: Uncertainty at best_x reduced to 1%, stopping line.
2022-04-26 17:34:04 - algorithm - INFO: best_x evaluate, y=1.420788529296058
2022-04-26 17:34:04 - algorithm - INFO: starting 8, line-solver.
2022-04-26 17:34:04 - algorithm - WARNING: Uncertainty at best_x reduced to 1%, stopping line.
2022-04-26 17:34:04 - algorithm - INFO: best_x evaluate, y=1.455806493742524
2022-04-26 17:34:04 - algorithm - INFO: starting 9, line-solver.
2022-04-26 17:34:04 - algorithm - WARNING: Uncertainty at best_x reduced to 1%, stopping line.
2022-04-26 17:34:04 - algorithm - INFO: best_x evaluate, y=1.4621520406439437
2022-04-26 17:34:04 - algorithm - INFO: starting 10, line-solver.
2022-04-26 17:34:05 - algorithm - WARNING: Uncertainty at best_x reduced to 1%, stopping line.
2022-04-26 17:34:05 - algorithm - INFO: best_x evaluate, y=1.4635618561218062
2022-04-26 17:34:05 - algorithm - INFO: starting 11, line-solver.
2022-04-26 17:34:05 - algorithm - WARNING: Uncertainty at best_x reduced to 1%, stopping line.
2022-04-26 17:34:05 - algorithm - INFO: best_x evaluate, y=1.4627462877219943
2022-04-26 17:34:05 - algorithm - INFO: starting 12, line-solver.
2022-04-26 17:34:06 - algorithm - WARNING: Uncertainty at best_x reduced to 1%, stopping line.
2022-04-26 17:34:06 - algorithm - INFO: best_x evaluate, y=1.470355865459929
2022-04-26 17:34:06 - algorithm - INFO: starting 13, line-solver.
2022-04-26 17:34:06 - algorithm - WARNING: Uncertainty at best_x reduced to 1%, stopping line.
2022-04-26 17:34:06 - algorithm - INFO: best_x evaluate, y=1.4712665938906648
2022-04-26 17:34:06 - algorithm - INFO: starting 14, line-solver.
2022-04-26 17:34:06 - algorithm - WARNING: No safe point found, choosing current line center.
2022-04-26 17:34:06 - algorithm - WARNING: No safe point found, choosing current line center.
2022-04-26 17:34:06 - algorithm - WARNING: No safe point found, choosing current line center.
2022-04-26 17:34:06 - algorithm - WARNING: No safe point found, choosing current line center.
2022-04-26 17:34:06 - algorithm - WARNING: No safe point found, choosing current line center.
2022-04-26 17:34:06 - algorithm - WARNING: No safe point found, choosing current line center.
2022-04-26 17:34:06 - algorithm - WARNING: Uncertainty at best_x reduced to 1%, stopping line.
2022-04-26 17:34:06 - algorithm - INFO: best_x evaluate, y=1.4736466731069482
2022-04-26 17:34:07 - algorithm - INFO: starting 15, line-solver.
2022-04-26 17:34:07 - algorithm - WARNING: Uncertainty at best_x reduced to 1%, stopping line.
2022-04-26 17:34:07 - controller - INFO: Finalizing environment...
2022-04-26 17:34:07 - controller - INFO: Finalizing: SafeRandomLineBO
2022-04-26 17:34:07 - controller - INFO: Initializing environment: febo.environment.benchmarks.functions.QP.
2022-04-26 17:34:07 - controller - INFO: Initializing algorithm: SafeRandomLineBO.
2022-04-26 17:34:07 - algorithm - INFO: Got 0 initial data points.
2022-04-26 17:34:07 - model - INFO: Using beta=4 .
2022-04-26 17:34:07 - model - INFO: Using beta=4 .
2022-04-26 17:34:07 - model - INFO: Using beta=4 .
2022-04-26 17:34:07 - model - INFO: Using beta=4 .
2022-04-26 17:34:07 - model - INFO: Using beta=4 .
2022-04-26 17:34:07 - model - INFO: Using beta=4 .
2022-04-26 17:34:07 - model - INFO: Using beta=4 .
2022-04-26 17:34:07 - algorithm - INFO: Got 0 initial data points.
2022-04-26 17:34:07 - model - INFO: Using beta=4 .
2022-04-26 17:34:07 - model - INFO: Using beta=4 .
2022-04-26 17:34:07 - model - INFO: Using beta=4 .
2022-04-26 17:34:07 - model - INFO: Using beta=4 .
2022-04-26 17:34:07 - model - INFO: Using beta=4 .
2022-04-26 17:34:07 - model - INFO: Using beta=4 .
2022-04-26 17:34:07 - model - INFO: Using beta=4 .
2022-04-26 17:34:07 - controller - INFO: Starting optimization: SafeRandomLineBO
2022-04-26 17:34:07 - algorithm - INFO: best_x evaluate, y=0.9998362090042251
2022-04-26 17:34:07 - algorithm - INFO: starting 1, line-solver.
2022-04-26 17:34:07 - algorithm - WARNING: Uncertainty at best_x reduced to 1%, stopping line.
2022-04-26 17:34:07 - algorithm - INFO: best_x evaluate, y=1.1020704506891912
2022-04-26 17:34:07 - algorithm - INFO: starting 2, line-solver.
2022-04-26 17:34:08 - algorithm - WARNING: Uncertainty at best_x reduced to 1%, stopping line.
2022-04-26 17:34:08 - algorithm - INFO: best_x evaluate, y=1.1140783856731438
2022-04-26 17:34:08 - algorithm - INFO: starting 3, line-solver.
2022-04-26 17:34:08 - algorithm - WARNING: Uncertainty at best_x reduced to 1%, stopping line.
2022-04-26 17:34:08 - algorithm - INFO: best_x evaluate, y=1.120673177877789
2022-04-26 17:34:08 - algorithm - INFO: starting 4, line-solver.
2022-04-26 17:34:08 - algorithm - WARNING: Uncertainty at best_x reduced to 1%, stopping line.
2022-04-26 17:34:08 - algorithm - INFO: best_x evaluate, y=1.160728043474972
2022-04-26 17:34:08 - algorithm - INFO: starting 5, line-solver.
2022-04-26 17:34:08 - algorithm - WARNING: Uncertainty at best_x reduced to 1%, stopping line.
2022-04-26 17:34:08 - algorithm - INFO: best_x evaluate, y=1.1794419983966822
2022-04-26 17:34:08 - algorithm - INFO: starting 6, line-solver.
2022-04-26 17:34:09 - algorithm - WARNING: Uncertainty at best_x reduced to 1%, stopping line.
2022-04-26 17:34:09 - algorithm - INFO: best_x evaluate, y=1.2086393261288284
2022-04-26 17:34:09 - algorithm - INFO: starting 7, line-solver.
2022-04-26 17:34:09 - algorithm - WARNING: Uncertainty at best_x reduced to 1%, stopping line.
2022-04-26 17:34:09 - algorithm - INFO: best_x evaluate, y=1.2205561057592444
2022-04-26 17:34:09 - algorithm - INFO: starting 8, line-solver.
2022-04-26 17:34:09 - algorithm - WARNING: Uncertainty at best_x reduced to 1%, stopping line.
2022-04-26 17:34:09 - algorithm - INFO: best_x evaluate, y=1.2619975052160821
2022-04-26 17:34:09 - algorithm - INFO: starting 9, line-solver.
2022-04-26 17:34:10 - algorithm - WARNING: Uncertainty at best_x reduced to 1%, stopping line.
2022-04-26 17:34:10 - algorithm - INFO: best_x evaluate, y=1.3402757765969697
2022-04-26 17:34:10 - algorithm - INFO: starting 10, line-solver.
2022-04-26 17:34:10 - algorithm - WARNING: Uncertainty at best_x reduced to 1%, stopping line.
2022-04-26 17:34:10 - algorithm - INFO: best_x evaluate, y=1.3979574956282188
2022-04-26 17:34:10 - algorithm - INFO: starting 11, line-solver.
2022-04-26 17:34:11 - algorithm - WARNING: Uncertainty at best_x reduced to 1%, stopping line.
2022-04-26 17:34:11 - algorithm - INFO: best_x evaluate, y=1.4182995320168905
2022-04-26 17:34:11 - algorithm - INFO: starting 12, line-solver.
2022-04-26 17:34:11 - algorithm - WARNING: Uncertainty at best_x reduced to 1%, stopping line.
2022-04-26 17:34:11 - algorithm - INFO: best_x evaluate, y=1.42201254461464
2022-04-26 17:34:11 - algorithm - INFO: starting 13, line-solver.
2022-04-26 17:34:11 - algorithm - WARNING: Uncertainty at best_x reduced to 1%, stopping line.
2022-04-26 17:34:11 - algorithm - INFO: best_x evaluate, y=1.4424554429915257
2022-04-26 17:34:11 - algorithm - INFO: starting 14, line-solver.
2022-04-26 17:34:12 - algorithm - WARNING: Uncertainty at best_x reduced to 1%, stopping line.
2022-04-26 17:34:12 - algorithm - INFO: best_x evaluate, y=1.4401717363215671
2022-04-26 17:34:12 - algorithm - INFO: starting 15, line-solver.
2022-04-26 17:34:12 - algorithm - WARNING: Uncertainty at best_x reduced to 1%, stopping line.
2022-04-26 17:34:12 - controller - INFO: Finalizing environment...
2022-04-26 17:34:12 - controller - INFO: Finalizing: SafeRandomLineBO
2022-04-26 17:34:12 - controller - INFO: Initializing environment: febo.environment.benchmarks.functions.QP.
2022-04-26 17:34:12 - controller - INFO: Initializing algorithm: SafeRandomLineBO.
2022-04-26 17:34:12 - algorithm - INFO: Got 0 initial data points.
2022-04-26 17:34:12 - model - INFO: Using beta=4 .
2022-04-26 17:34:12 - model - INFO: Using beta=4 .
2022-04-26 17:34:12 - model - INFO: Using beta=4 .
2022-04-26 17:34:12 - model - INFO: Using beta=4 .
2022-04-26 17:34:12 - model - INFO: Using beta=4 .
2022-04-26 17:34:12 - model - INFO: Using beta=4 .
2022-04-26 17:34:12 - model - INFO: Using beta=4 .
2022-04-26 17:34:12 - algorithm - INFO: Got 0 initial data points.
2022-04-26 17:34:12 - model - INFO: Using beta=4 .
2022-04-26 17:34:12 - model - INFO: Using beta=4 .
2022-04-26 17:34:12 - model - INFO: Using beta=4 .
2022-04-26 17:34:12 - model - INFO: Using beta=4 .
2022-04-26 17:34:12 - model - INFO: Using beta=4 .
2022-04-26 17:34:12 - model - INFO: Using beta=4 .
2022-04-26 17:34:12 - model - INFO: Using beta=4 .
2022-04-26 17:34:12 - controller - INFO: Starting optimization: SafeRandomLineBO
2022-04-26 17:34:12 - algorithm - INFO: best_x evaluate, y=1.0002672690719374
2022-04-26 17:34:12 - algorithm - INFO: starting 1, line-solver.
2022-04-26 17:34:13 - algorithm - WARNING: Uncertainty at best_x reduced to 1%, stopping line.
2022-04-26 17:34:13 - algorithm - INFO: best_x evaluate, y=1.2021295010927038
2022-04-26 17:34:13 - algorithm - INFO: starting 2, line-solver.
2022-04-26 17:34:13 - algorithm - WARNING: Uncertainty at best_x reduced to 1%, stopping line.
2022-04-26 17:34:13 - algorithm - INFO: best_x evaluate, y=1.2866424401927947
2022-04-26 17:34:13 - algorithm - INFO: starting 3, line-solver.
2022-04-26 17:34:13 - algorithm - WARNING: Uncertainty at best_x reduced to 1%, stopping line.
2022-04-26 17:34:13 - algorithm - INFO: best_x evaluate, y=1.3167008658556827
2022-04-26 17:34:13 - algorithm - INFO: starting 4, line-solver.
2022-04-26 17:34:14 - algorithm - WARNING: Uncertainty at best_x reduced to 1%, stopping line.
2022-04-26 17:34:14 - algorithm - INFO: best_x evaluate, y=1.3500996991526066
2022-04-26 17:34:14 - algorithm - INFO: starting 5, line-solver.
2022-04-26 17:34:14 - algorithm - WARNING: Uncertainty at best_x reduced to 1%, stopping line.
2022-04-26 17:34:14 - algorithm - INFO: best_x evaluate, y=1.3538618192322374
2022-04-26 17:34:14 - algorithm - INFO: starting 6, line-solver.
2022-04-26 17:34:14 - algorithm - WARNING: Uncertainty at best_x reduced to 1%, stopping line.
2022-04-26 17:34:14 - algorithm - INFO: best_x evaluate, y=1.370948015640262
2022-04-26 17:34:14 - algorithm - INFO: starting 7, line-solver.
2022-04-26 17:34:15 - algorithm - WARNING: Uncertainty at best_x reduced to 1%, stopping line.
2022-04-26 17:34:15 - algorithm - INFO: best_x evaluate, y=1.3771851513241775
2022-04-26 17:34:15 - algorithm - INFO: starting 8, line-solver.
2022-04-26 17:34:15 - algorithm - WARNING: Uncertainty at best_x reduced to 1%, stopping line.
2022-04-26 17:34:15 - algorithm - INFO: best_x evaluate, y=1.375091670149692
2022-04-26 17:34:15 - algorithm - INFO: starting 9, line-solver.
2022-04-26 17:34:15 - algorithm - WARNING: Uncertainty at best_x reduced to 1%, stopping line.
2022-04-26 17:34:15 - algorithm - INFO: best_x evaluate, y=1.4067560716705902
2022-04-26 17:34:15 - algorithm - INFO: starting 10, line-solver.
2022-04-26 17:34:16 - algorithm - WARNING: Uncertainty at best_x reduced to 1%, stopping line.
2022-04-26 17:34:16 - algorithm - INFO: best_x evaluate, y=1.5145258435698306
2022-04-26 17:34:16 - algorithm - INFO: starting 11, line-solver.
2022-04-26 17:34:16 - algorithm - WARNING: Uncertainty at best_x reduced to 1%, stopping line.
2022-04-26 17:34:16 - algorithm - INFO: best_x evaluate, y=1.517851370257354
2022-04-26 17:34:16 - algorithm - INFO: starting 12, line-solver.
2022-04-26 17:34:17 - algorithm - WARNING: Uncertainty at best_x reduced to 1%, stopping line.
2022-04-26 17:34:17 - algorithm - INFO: best_x evaluate, y=1.5179387562083304
2022-04-26 17:34:17 - algorithm - INFO: starting 13, line-solver.
2022-04-26 17:34:17 - algorithm - WARNING: Uncertainty at best_x reduced to 1%, stopping line.
2022-04-26 17:34:17 - algorithm - INFO: best_x evaluate, y=1.5340143281468994
2022-04-26 17:34:17 - algorithm - INFO: starting 14, line-solver.
2022-04-26 17:34:18 - algorithm - WARNING: Uncertainty at best_x reduced to 1%, stopping line.
2022-04-26 17:34:18 - algorithm - INFO: best_x evaluate, y=1.534213476338273
2022-04-26 17:34:18 - algorithm - INFO: starting 15, line-solver.
2022-04-26 17:34:18 - algorithm - WARNING: No safe point found, choosing current line center.
2022-04-26 17:34:18 - algorithm - WARNING: Uncertainty at best_x reduced to 1%, stopping line.
2022-04-26 17:34:18 - controller - INFO: Finalizing environment...
2022-04-26 17:34:18 - controller - INFO: Finalizing: SafeRandomLineBO
